
[1m==========================================
  OpenSandbox Behavioral Analysis Engine v4
==========================================[0m

[0;36m[INFO][0m  待检测命令: echo 'hello world'

[0;36m[INFO][0m  [Step 1/7] 检查环境...
[0;32m[ OK ][0m Docker: Docker version 27.5.1, build 27.5.1-0ubuntu3~24.04.2
[0;32m[ OK ][0m Python: Python 3.12.3
[0;36m[INFO][0m  安装 uv...
downloading uv 0.10.12 x86_64-unknown-linux-gnu
no checksums to verify
installing to /root/.local/bin
  uv
  uvx
everything's installed!
[0;32m[ OK ][0m uv: uv 0.10.12 (x86_64-unknown-linux-gnu)
[0;36m[INFO][0m  [Step 2/7] 预拉取 Docker 镜像...
[0;32m[ OK ][0m 沙箱镜像: opensandbox/code-interpreter:v1.0.2 (已存在)
[0;32m[ OK ][0m Execd镜像: opensandbox/execd:v1.0.7 (已存在)
[0;36m[INFO][0m  [Step 3/7] 安装 Python 依赖...
[0;32m[ OK ][0m opensandbox-server + SDK 已安装
[0;36m[INFO][0m  [Step 4/7] 生成服务端配置...
[0;32m[ OK ][0m 配置写入: /tmp/tmp.0uNmNtEPYR/sandbox.toml
[0;36m[INFO][0m  [Step 5/7] 启动 OpenSandbox Server...
[0;32m[ OK ][0m Server 就绪 (PID: 391774, port: 8080)
[0;36m[INFO][0m  [Step 6/7] 创建沙箱并执行深度行为分析...


============================================================================
  1/9  创建隔离沙箱
============================================================================
  镜像: opensandbox/code-interpreter:v1.0.2
  Sandbox ID: 3f9ad484-c76e-4e85-aa9e-97c1bd1a9193

============================================================================
  2/9  安装监控工具 (快照前, 避免污染基线)
============================================================================
  文件数       : 221689
  SUID/SGID    : 14
  inotify 系统 : 0 条
  inotify /tmp : 203386 条

============================================================================
  6/9  网络行为深度分析
============================================================================

  --- 外部连接 (出站) ---
    (无外部连接)

    [20 个内部连接已忽略]

  --- DNS 配置 ---
    PASS  /etc/resolv.conf 未被修改

============================================================================
  7/9  全维度安全对比分析 (24 维度)
============================================================================

  --- [D1] 文件变更 (+0 / -0) ---
    (无新增)

  --- [D2] 实时文件事件 (inotifywait) ---
    系统目录: (无事件)
    临时目录事件 (5956 条):
      2026-03-20T02:17:03 CREATE /tmp/sortQEFDKQ
      2026-03-20T02:17:03 MODIFY /tmp/sortQEFDKQ
      2026-03-20T02:17:03 MODIFY /tmp/sortQEFDKQ
      2026-03-20T02:17:03 MODIFY /tmp/sortQEFDKQ
      2026-03-20T02:17:03 MODIFY /tmp/sortQEFDKQ
      2026-03-20T02:17:03 MODIFY /tmp/sortQEFDKQ
      2026-03-20T02:17:03 MODIFY /tmp/sortQEFDKQ
      2026-03-20T02:17:03 MODIFY /tmp/sortQEFDKQ
      2026-03-20T02:17:03 MODIFY /tmp/sortQEFDKQ
      2026-03-20T02:17:03 MODIFY /tmp/sortQEFDKQ
      2026-03-20T02:17:03 MODIFY /tmp/sortQEFDKQ
      2026-03-20T02:17:03 MODIFY /tmp/sortQEFDKQ
      2026-03-20T02:17:03 MODIFY /tmp/sortQEFDKQ
      2026-03-20T02:17:03 MODIFY /tmp/sortQEFDKQ
      2026-03-20T02:17:03 MODIFY /tmp/sortQEFDKQ
      2026-03-20T02:17:03 MODIFY /tmp/sortQEFDKQ
      2026-03-20T02:17:03 MODIFY /tmp/sortQEFDKQ
      2026-03-20T02:17:03 MODIFY /tmp/sortQEFDKQ
      2026-03-20T02:17:03 MODIFY /tmp/sortQEFDKQ
      2026-03-20T02:17:03 MODIFY /tmp/sortQEFDKQ
      2026-03-20T02:17:03 MODIFY /tmp/sortQEFDKQ
      2026-03-20T02:17:03 MODIFY /tmp/sortQEFDKQ
      2026-03-20T02:17:03 MODIFY /tmp/sortQEFDKQ
      2026-03-20T02:17:03 MODIFY /tmp/sortQEFDKQ
      2026-03-20T02:17:03 MODIFY /tmp/sortQEFDKQ
      2026-03-20T02:17:03 MODIFY /tmp/sortQEFDKQ
      2026-03-20T02:17:03 MODIFY /tmp/sortQEFDKQ
      2026-03-20T02:17:03 MODIFY /tmp/sortQEFDKQ
      2026-03-20T02:17:03 MODIFY /tmp/sortQEFDKQ
      2026-03-20T02:17:03 MODIFY /tmp/sortQEFDKQ

  --- [D3] 用户与权限 ---
    PASS  /etc/passwd, shadow, sudoers, SSH, PAM 无变化

  --- [D4] 持久化 (cron/systemd/rc.local/init.d/at) ---
    PASS  无新增

  --- [D5] Shell 环境 (.bashrc/.profile/etc) ---
    PASS  无变化

  --- [D6] 进程树分析 ---
    观察到 18 个独立进程:
      > /opt/opensandbox/execd
      > COMMAND
      > \_ bash -c find / -xdev -not -path '/proc/*' -not -path '/sys/*' -not -path '/dev/*' -not -path '/run/*' -type f -printf
      > \_ bash -c find / -xdev \( -perm -4000 -o -perm -2000 \) -type f -exec ls -la {} \; 2>/dev/null | sort
      > \_ bash -c find /etc /root /home /tmp /usr/local/bin -maxdepth 3 -type l -exec ls -la {} \; 2>/dev/null | sort || true
      > \_ bash -c getcap -r / 2>/dev/null | sort || true
      > \_ cat /proc/net/tcp /proc/net/tcp6
      > \_ find / -xdev ( -perm -4000 -o -perm -2000 ) -type f -exec ls -la {} ;
      > \_ find /etc /root /home /tmp /usr/local/bin -maxdepth 3 -type l -exec ls -la {} ;
      > \_ getcap -r /
      > \_ sort
      > tail -f /dev/null
      > |   \_ find / -xdev ( -perm -4000 -o -perm -2000 ) -type f -exec ls -la {} ;
      > |   \_ find / -xdev -not -path /proc/* -not -path /sys/* -not -path /dev/* -not -path /run/* -type f -printf %s %T@ %p n
      > |   \_ find /etc /root /home /tmp /usr/local/bin -maxdepth 3 -type l -exec ls -la {} ;
      > |   \_ getcap -r /
      > |   \_ ls -la /etc/alternatives/pinentry
      > |   \_ sort

    残留进程 (执行后):
      USER         PID %CPU %MEM    VSZ   RSS TTY      STAT START   TIME COMMAND
      root           1  0.0  0.0   3156  1792 ?        Ss   02:16   0:00 tail -f /dev/null
      root           7 18.3  0.1 1244480 21980 ?       Sl   02:16   0:06 /opt/opensandbox/execd
      root         838  0.0  0.0   4752  3584 ?        S    02:16   0:00  \_ bash -c find / -xdev -not -path '/proc/*' -not -path '/sys/*' -not -path '/dev/*' -not -path '/run/*' -type f -printf '%s %T@ %p\n' 2>/dev/null | sort
      root         840  0.0  0.0   4084  2432 ?        R    02:16   0:00  |   \_ find / -xdev -not -path /proc/* -not -path /sys/* -not -path /dev/* -not -path /run/* -type f -printf %s %T@ %p n
      root         841  0.0  0.0  24904  3200 ?        R    02:16   0:00  |   \_ sort
      root         839  0.0  0.0   4752  3584 ?        S    02:16   0:00  \_ bash -c ps auxf 2>/dev/null || ps aux
      root         842  0.0  0.0   8280  4224 ?        R    02:16   0:00  |   \_ ps auxf
      root         843  0.0  0.0   4752  3584 ?        S    02:16   0:00  \_ bash -c cat ~/.bashrc ~/.bash_profile ~/.profile ~/.bash_logout /etc/profile /etc/bash.bashrc /etc/environment /etc/profile.d/*.sh 2>/dev/null | md5sum
      root         844  0.0  0.0   2760  1536 ?        R    02:16   0:00      \_ cat /root/.bashrc /root/.bash_profile /root/.profile /root/.bash_logout /etc/profile /etc/bash.bashrc /etc/environment /etc/profile.d/01-locale-fix.sh

  --- [D7] 残留网络连接 ---
        sl  local_address rem_address   st tx_queue rx_queue tr tm->when retrnsmt   uid  timeout inode                                                     
         0: 0100007F:D1AC 0100007F:AEE4 01 00000000:00000000 02:00000000 00000000     0        0 1663402 2 0000000000000000 20 4 30 10 -1                  
         1: 0100007F:BF00 0100007F:AEE4 01 00000000:00000000 02:000001E6 00000000     0        0 1644250 2 0000000000000000 20 4 30 10 -1                  
         2: 030011AC:EDEE 515BBD5B:0050 06 00000000:00000000 03:00000106 00000000     0        0 0 3 0000000000000000                                      
         3: 0100007F:D172 0100007F:AEE4 01 00000000:00000000 02:00000000 00000000     0        0 1654256 2 0000000000000000 20 4 30 10 -1                  
         4: 0100007F:BEBC 0100007F:AEE4 01 00000000:00000000 02:00000157 00000000     0        0 1648746 2 0000000000000000 20 4 30 10 -1                  
         5: 0100007F:D1D6 0100007F:AEE4 01 00000000:00000000 02:00000000 00000000     0        0 1663408 2 0000000000000000 20 4 30 10 -1                  
         6: 0100007F:BEEA 0100007F:AEE4 01 00000000:00000000 02:00000499 00000000     0        0 1651748 2 0000000000000000 20 4 30 10 -1                  
         7: 0100007F:BECC 0100007F:AEE4 01 00000000:00000000 02:000001F3 00000000     0        0 1652769 2 0000000000000000 20 5 30 10 -1                  
         8: 0100007F:BF20 0100007F:AEE4 01 00000000:00000000 02:0000030D 00000000     0        0 1647944 2 0000000000000000 20 4 12 10 -1                  
         9: 0100007F:BEDA 0100007F:AEE4 01 00000000:00000000 02:000001E6 00000000     0        0 1652770 2 0000000000000000 20 4 30 10 -1                  
        10: 0100007F:BF22 0100007F:AEE4 01 00000000:00000000 02:000004CD 00000000     0        0 1647945 2 0000000000000000 20 4 30 10 -1                  
        11: 0100007F:D160 0100007F:AEE4 01 00000000:00000000 02:00000000 00000000     0        0 1654251 2 0000000000000000 20 4 24 10 -1                  
        12: 030011AC:DAA8 525BBD5B:0050 06 00000000:00000000 03:00000000 00000000     0        0 0 3 0000000000000000                                      
        13: 0100007F:A88E 0100007F:AEE4 01 00000000:00000000 02:000002A4 00000000     0        0 1652900 2 0000000000000000 20 4 30 10 -1                  

  --- [D8] 资源消耗 ---
    CPU    : 1.0% -> 27.8% (Δ +26.8%)
    Memory : 1775.5 -> 2031.0 MiB (Δ +255.6 MiB)

  --- [D9] 可疑二进制 (/tmp /var/tmp /dev/shm) ---
    PASS

  --- [D10] SUID/SGID 文件变更 ---
    PASS  无新增 SUID/SGID 文件

  --- [D11] 内核模块 ---
    PASS  无变化

  --- [D12] 挂载点 ---
    PASS  无变化

  --- [D13] 安全相关环境变量 ---
    PASS  无变化

  --- [D14] 关键文件内容分析 ---
    PASS  未发现恶意内容模式

  --- [D15] 关键系统二进制完整性 ---
    PASS  /bin/bash, su, sudo, passwd, sshd 等均未被篡改

  --- [D16] 符号链接变更 ---
    PASS  无新增符号链接

  --- [D17] 文件能力 (Linux Capabilities) ---
    PASS  无新增文件能力

  --- [D18] 输出内容分析 ---
    PASS  输出内容无敏感信息泄露

  --- [D19] 新增文件熵分析 ---
    PASS  无异常高熵文件

  --- [D20] 计划任务详细差异 ---
  文件数       : 221689
  SUID/SGID    : 14
  符号链接     : 483
  文件能力     : 1
  基线采集耗时 : 16.8s
  CPU          : 7.5%
  Memory       : 2140.7/15069.3 MiB

============================================================================
  4/9  启动多层探针 + 执行待测命令
============================================================================
  监控工具已安装

============================================================================
  3/9  采集执行前基线 (24 维度)
============================================================================
    PASS  crontab 无变化
    !! cron.d 恶意内容: cron.d persistence

  --- [D21] 隐藏进程检测 ---
    !! 5 个潜在隐藏进程

  --- [D22] 信号处理 / trap 分析 ---
    PASS  未发现恶意信号处理

  --- [D23] 攻击链关联分析 ---
    PASS  未检测到攻击链组合

  --- [D24] 敏感文件权限变更 ---
    PASS  敏感文件权限正常

============================================================================
  8/9  MITRE ATT&CK 技术映射
============================================================================
    [T1053.003] Scheduled Task/Job: Cron
      └─ cron.d 含恶意内容: cron.d persistence
    [T1564.001] Hide Artifacts: Hidden Files and Directories
      └─ 检测到 5 个 /proc 中存在但 ps 不可见的进程

============================================================================
  9/9  综合判定
============================================================================

  +──────────────────────────────────────────────────────────────────────────+
  |  [!!] 判定: DANGEROUS             风险评分:  60/100            |
  |  [████████████████████████░░░░░░░░░░░░░░░░]                              |
  |  置信度: MEDIUM  维度覆盖:  3/24              |
  +──────────────────────────────────────────────────────────────────────────+

  命令           : echo 'hello world'
  合法命令模式   : 否
  退出码         : 0
  文件 +/-       : +0 / -0
  inotify 事件   : 0 系统 + 5956 临时
  外部连接       : 0 个
  SUID/SGID 变更 : +0
  二进制完整性   : PASS
  新增符号链接   : 0
  新增文件能力   : 0
  执行耗时       : 1.0s
  MITRE 技术     : 2 个
  ATT&CK 战术    : Defense Evasion, Persistence
  发现           : 1 critical, 2 warnings, 0 info
  置信度         : MEDIUM

  详细发现 (按严重程度排序):
    [!!!] [计划任务差异] cron.d 含恶意内容: cron.d persistence [T1053.003] (score: 30)
    [ ! ] [资源] 内存异常增长 (+256 MiB) (score: 10)
    [ ! ] [隐藏进程] 检测到 5 个 /proc 中存在但 ps 不可见的进程 [T1564.001] (score: 20)

  安全建议:
    -> BLOCK: 强烈建议阻止此命令执行
    -> 检查 crontab -l、/etc/cron.d/、systemd services 是否被篡改

  报告 (JSON) : /home/ecs-user/skill-analysis/command-analysis-with-sandbox-plugin/reports/white/safety_report_1773973062.json
  报告 (文本) : /home/ecs-user/skill-analysis/command-analysis-with-sandbox-plugin/reports/white/safety_report_1773973062.txt
  报告 (SARIF): /home/ecs-user/skill-analysis/command-analysis-with-sandbox-plugin/reports/white/safety_report_1773973062.sarif.json

  快速预判: PASS (静态分: 0, 模式匹配: 0)
  [WARN] 快速预判未能识别 — 此攻击需要沙箱动态分析才能发现

============================================================================
  人类可读摘要:
============================================================================
  🚨 判定: DANGEROUS (风险分: 60/100, 置信度: MEDIUM)
  命令: echo 'hello world'
  
  发现 3 个问题 (1 严重, 2 警告):
    [CRITICAL] 计划任务差异: cron.d 含恶意内容: cron.d persistence [T1053.003]
    [WARN] 资源: 内存异常增长 (+256 MiB)
    [WARN] 隐藏进程: 检测到 5 个 /proc 中存在但 ps 不可见的进程 [T1564.001]
  
  涉及 ATT&CK 战术: Defense Evasion, Persistence
  
  建议:
    • BLOCK: 强烈建议阻止此命令执行
    • 检查 crontab -l、/etc/cron.d/、systemd services 是否被篡改

  沙箱已销毁。


[0;36m[INFO][0m  [Step 7/7] 完成!
[0;32m[ OK ][0m 报告 (JSON): /home/ecs-user/skill-analysis/command-analysis-with-sandbox-plugin/reports/white/safety_report_1773973062.sarif.json
  查看: python3 -m json.tool /home/ecs-user/skill-analysis/command-analysis-with-sandbox-plugin/reports/white/safety_report_1773973062.sarif.json
  快速预判: FAST_TRIAGE=1 COMMAND='...' ./checker.sh

[0;36m[INFO][0m  Cleaning up...
  [探针1] inotify: /usr/local/bin /usr/bin /usr/sbin /etc /root /home
  [探针2] inotify: /tmp /var/tmp /dev/shm (独立探针)
  [探针3] network: /proc/net/tcp 轮询 (0.5s)
  [探针5] process: 进程树轮询 (1s)

  --- 命令链分解分析 ---
    单阶段命令

  --- 命令去混淆分析 ---
    PASS  未发现编码/混淆层

  --- 命令静态分析 ---
    PASS  未匹配已知恶意模式

  $ echo 'hello world'
  ────────────────────────────────────────────────────────────
[0;32m[ OK ][0m Cleanup done.

  耗时     : 1.0s
  退出码   : 0
  stdout   : 1 行
  stderr   : 0 行

  --- stdout (前 50 行) ---
    | hello world

============================================================================
  5/9  采集执行后快照 (全维度)
============================================================================
  文件数       : 221689
  SUID/SGID    : 14
  符号链接     : 483
  文件能力     : 1
  基线采集耗时 : 15.5s
  CPU          : 19.2%
  Memory       : 2034.2/15069.3 MiB

============================================================================
  4/9  启动多层探针 + 执行待测命令
============================================================================
  [探针1] inotify: /usr/local/bin /usr/bin /usr/sbin /etc /root /home
  [探针2] inotify: /tmp /var/tmp /dev/shm (独立探针)
  [探针3] network: /proc/net/tcp 轮询 (0.5s)
  [探针5] process: 进程树轮询 (1s)

  --- 命令链分解分析 ---
    单阶段命令

  --- 命令去混淆分析 ---
    PASS  未发现编码/混淆层

  --- 命令静态分析 ---
    PASS  未匹配已知恶意模式

  $ echo 'hello world'
  ────────────────────────────────────────────────────────────

  耗时     : 1.0s
  退出码   : 0
  stdout   : 1 行
  stderr   : 0 行

  --- stdout (前 50 行) ---
    | hello world

============================================================================
  5/9  采集执行后快照 (全维度)
============================================================================
  文件数       : 221689
  SUID/SGID    : 14
  inotify 系统 : 0 条
  inotify /tmp : 190993 条

============================================================================
  6/9  网络行为深度分析
============================================================================

  --- 外部连接 (出站) ---
    (无外部连接)

    [20 个内部连接已忽略]

  --- DNS 配置 ---
    PASS  /etc/resolv.conf 未被修改

============================================================================
  7/9  全维度安全对比分析 (24 维度)
============================================================================

  --- [D1] 文件变更 (+0 / -0) ---
    (无新增)

  --- [D2] 实时文件事件 (inotifywait) ---
    系统目录: (无事件)
    临时目录事件 (5110 条):
      2026-03-20T02:17:50 CREATE /tmp/sorturxQrX
      2026-03-20T02:17:50 MODIFY /tmp/sorturxQrX
      2026-03-20T02:17:50 MODIFY /tmp/sorturxQrX
      2026-03-20T02:17:50 MODIFY /tmp/sorturxQrX
      2026-03-20T02:17:50 MODIFY /tmp/sorturxQrX
      2026-03-20T02:17:50 MODIFY /tmp/sorturxQrX
      2026-03-20T02:17:50 MODIFY /tmp/sorturxQrX
      2026-03-20T02:17:50 MODIFY /tmp/sorturxQrX
      2026-03-20T02:17:50 MODIFY /tmp/sorturxQrX
      2026-03-20T02:17:50 MODIFY /tmp/sorturxQrX
      2026-03-20T02:17:50 MODIFY /tmp/sorturxQrX
      2026-03-20T02:17:50 MODIFY /tmp/sorturxQrX
      2026-03-20T02:17:50 MODIFY /tmp/sorturxQrX
      2026-03-20T02:17:50 MODIFY /tmp/sorturxQrX
      2026-03-20T02:17:50 MODIFY /tmp/sorturxQrX
      2026-03-20T02:17:50 MODIFY /tmp/sorturxQrX
      2026-03-20T02:17:50 MODIFY /tmp/sorturxQrX
      2026-03-20T02:17:50 MODIFY /tmp/sorturxQrX
      2026-03-20T02:17:50 MODIFY /tmp/sorturxQrX
      2026-03-20T02:17:50 MODIFY /tmp/sorturxQrX
      2026-03-20T02:17:50 MODIFY /tmp/sorturxQrX
      2026-03-20T02:17:50 MODIFY /tmp/sorturxQrX
      2026-03-20T02:17:50 MODIFY /tmp/sorturxQrX
      2026-03-20T02:17:50 MODIFY /tmp/sorturxQrX
      2026-03-20T02:17:50 MODIFY /tmp/sorturxQrX
      2026-03-20T02:17:50 MODIFY /tmp/sorturxQrX
      2026-03-20T02:17:50 MODIFY /tmp/sorturxQrX
      2026-03-20T02:17:50 MODIFY /tmp/sorturxQrX
      2026-03-20T02:17:50 MODIFY /tmp/sorturxQrX
      2026-03-20T02:17:50 MODIFY /tmp/sorturxQrX

  --- [D3] 用户与权限 ---
    PASS  /etc/passwd, shadow, sudoers, SSH, PAM 无变化

  --- [D4] 持久化 (cron/systemd/rc.local/init.d/at) ---
    PASS  无新增

  --- [D5] Shell 环境 (.bashrc/.profile/etc) ---
    PASS  无变化

  --- [D6] 进程树分析 ---
    观察到 16 个独立进程:
      > /opt/opensandbox/execd
      > COMMAND
      > \_ bash -c find / -xdev -not -path '/proc/*' -not -path '/sys/*' -not -path '/dev/*' -not -path '/run/*' -type f -printf
      > \_ bash -c find / -xdev \( -perm -4000 -o -perm -2000 \) -type f -exec ls -la {} \; 2>/dev/null | sort
      > \_ bash -c find /etc /root /home /tmp /usr/local/bin -maxdepth 3 -type l -exec ls -la {} \; 2>/dev/null | sort || true
      > \_ bash -c getcap -r / 2>/dev/null | sort || true
      > \_ cat /proc/net/tcp /proc/net/tcp6
      > \_ find / -xdev ( -perm -4000 -o -perm -2000 ) -type f -exec ls -la {} ;
      > \_ getcap -r /
      > \_ sort
      > tail -f /dev/null
      > |   \_ find / -xdev -not -path /proc/* -not -path /sys/* -not -path /dev/* -not -path /run/* -type f -printf %s %T@ %p n
      > |   \_ find /etc /root /home /tmp /usr/local/bin -maxdepth 3 -type l -exec ls -la {} ;
      > |   \_ getcap -r /
      > |   \_ sort
      > |   |   \_ ls -la /etc/ssl/certs/32888f65.0

    残留进程 (执行后):
      USER         PID %CPU %MEM    VSZ   RSS TTY      STAT START   TIME COMMAND
      root           1  0.0  0.0   3156  1792 ?        Ss   02:17   0:00 tail -f /dev/null
      root           7 18.8  0.1 1244224 22188 ?       Sl   02:17   0:07 /opt/opensandbox/execd
      root         841  0.0  0.0   4752  3584 ?        S    02:17   0:00  \_ bash -c find / -xdev -not -path '/proc/*' -not -path '/sys/*' -not -path '/dev/*' -not -path '/run/*' -type f -printf '%s %T@ %p\n' 2>/dev/null | sort
      root         843  0.0  0.0   4084  2432 ?        R    02:17   0:00  |   \_ find / -xdev -not -path /proc/* -not -path /sys/* -not -path /dev/* -not -path /run/* -type f -printf %s %T@ %p n
      root         844  0.0  0.0  24904  3072 ?        S    02:17   0:00  |   \_ sort
      root         842  0.0  0.0   4752  3456 ?        S    02:17   0:00  \_ bash -c ps auxf 2>/dev/null || ps aux
      root         845  0.0  0.0   8280  4096 ?        R    02:17   0:00  |   \_ ps auxf
      root         846  0.0  0.0   4752  3712 ?        S    02:17   0:00  \_ bash -c cat ~/.bashrc ~/.bash_profile ~/.profile ~/.bash_logout /etc/profile /etc/bash.bashrc /etc/environment /etc/profile.d/*.sh 2>/dev/null | md5sum

  --- [D7] 残留网络连接 ---
        sl  local_address rem_address   st tx_queue rx_queue tr tm->when retrnsmt   uid  timeout inode                                                     
         0: 0100007F:899E 0100007F:AEE4 01 00000000:00000000 02:000004A7 00000000     0        0 1687036 2 0000000000000000 20 4 30 10 -1                  
         1: 0100007F:8970 0100007F:AEE4 01 00000000:00000000 02:0000030D 00000000     0        0 1693513 2 0000000000000000 20 4 30 10 -1                  
         2: 0100007F:89CE 0100007F:AEE4 01 00000000:00000000 02:00000000 00000000     0        0 1705704 2 0000000000000000 20 4 30 10 -1                  
         3: 0100007F:EBF2 0100007F:AEE4 01 00000000:00000000 02:0000013C 00000000     0        0 1666983 2 0000000000000000 20 8 30 10 -1                  
         4: 0100007F:EA2E 0100007F:AEE4 01 00000000:00000000 02:0000082B 00000000     0        0 1722683 2 0000000000000000 20 4 30 10 -1                  
         5: 040011AC:DD1C 51BE7DB9:0050 06 00000000:00000000 03:0000004D 00000000     0        0 0 3 0000000000000000                                      
         6: 0100007F:89CC 0100007F:AEE4 01 00000000:00000000 02:00000000 00000000     0        0 1697521 2 0000000000000000 20 4 30 10 -1                  
         7: 0100007F:89AC 0100007F:AEE4 01 00000000:00000000 02:00000000 00000000     0        0 1696476 2 0000000000000000 20 4 30 10 -1                  
         8: 0100007F:89FA 0100007F:AEE4 01 00000000:00000000 02:00000000 00000000     0        0 1687249 2 0000000000000000 20 4 30 10 -1                  
         9: 0100007F:8A1E 0100007F:AEE4 01 00000000:00000000 02:00000000 00000000     0        0 1687252 2 0000000000000000 20 4 30 10 -1                  
        10: 0100007F:DD88 0100007F:AEE4 01 00000000:00000000 02:000002B4 00000000     0        0 1670420 2 0000000000000000 20 4 30 10 -1                  
        11: 0100007F:EC06 0100007F:AEE4 01 00000000:00000000 02:0000013C 00000000     0        0 1670699 2 0000000000000000 20 4 30 10 -1                  
        12: 0100007F:EBE4 0100007F:AEE4 01 00000000:00000000 02:0000013C 00000000     0        0 1670691 2 0000000000000000 20 4 30 10 -1                  
        13: 0100007F:89DA 0100007F:AEE4 01 00000000:00000000 02:00000000 00000000     0        0 1696493 2 0000000000000000 20 4 30 10 -1                  

  --- [D8] 资源消耗 ---
    CPU    : 7.5% -> 29.3% (Δ +21.7%)
    Memory : 2140.7 -> 2165.3 MiB (Δ +24.7 MiB)

  --- [D9] 可疑二进制 (/tmp /var/tmp /dev/shm) ---
    PASS

  --- [D10] SUID/SGID 文件变更 ---
    PASS  无新增 SUID/SGID 文件

  --- [D11] 内核模块 ---
    PASS  无变化

  --- [D12] 挂载点 ---
    PASS  无变化

  --- [D13] 安全相关环境变量 ---
    PASS  无变化

  --- [D14] 关键文件内容分析 ---
    PASS  未发现恶意内容模式

  --- [D15] 关键系统二进制完整性 ---
    PASS  /bin/bash, su, sudo, passwd, sshd 等均未被篡改

  --- [D16] 符号链接变更 ---
    PASS  无新增符号链接

  --- [D17] 文件能力 (Linux Capabilities) ---
    PASS  无新增文件能力

  --- [D18] 输出内容分析 ---
    PASS  输出内容无敏感信息泄露

  --- [D19] 新增文件熵分析 ---
    PASS  无异常高熵文件

  --- [D20] 计划任务详细差异 ---
    PASS  crontab 无变化
    !! cron.d 恶意内容: cron.d persistence

  --- [D21] 隐藏进程检测 ---
    !! 5 个潜在隐藏进程

  --- [D22] 信号处理 / trap 分析 ---
    PASS  未发现恶意信号处理

  --- [D23] 攻击链关联分析 ---
    PASS  未检测到攻击链组合

  --- [D24] 敏感文件权限变更 ---
    PASS  敏感文件权限正常

============================================================================
  8/9  MITRE ATT&CK 技术映射
============================================================================
    [T1053.003] Scheduled Task/Job: Cron
      └─ cron.d 含恶意内容: cron.d persistence
    [T1564.001] Hide Artifacts: Hidden Files and Directories
      └─ 检测到 5 个 /proc 中存在但 ps 不可见的进程

============================================================================
  9/9  综合判定
============================================================================

  +──────────────────────────────────────────────────────────────────────────+
  |  [??] 判定: SUSPICIOUS            风险评分:  50/100            |
  |  [████████████████████░░░░░░░░░░░░░░░░░░░░]                              |
  |  置信度: MEDIUM  维度覆盖:  2/24              |
  +──────────────────────────────────────────────────────────────────────────+

  命令           : echo 'hello world'
  合法命令模式   : 否
  退出码         : 0
  文件 +/-       : +0 / -0
  inotify 事件   : 0 系统 + 5110 临时
  外部连接       : 0 个
  SUID/SGID 变更 : +0
  二进制完整性   : PASS
  新增符号链接   : 0
  新增文件能力   : 0
  执行耗时       : 1.0s
  MITRE 技术     : 2 个
  ATT&CK 战术    : Defense Evasion, Persistence
  发现           : 1 critical, 1 warnings, 0 info
  置信度         : MEDIUM

  详细发现 (按严重程度排序):
    [!!!] [计划任务差异] cron.d 含恶意内容: cron.d persistence [T1053.003] (score: 30)
    [ ! ] [隐藏进程] 检测到 5 个 /proc 中存在但 ps 不可见的进程 [T1564.001] (score: 20)

  安全建议:
    -> REVIEW: 建议人工审核此命令后再决定是否放行

  报告 (JSON) : /home/ecs-user/skill-analysis/command-analysis-with-sandbox-plugin/reports/white/safety_report_1773973108.json
  报告 (文本) : /home/ecs-user/skill-analysis/command-analysis-with-sandbox-plugin/reports/white/safety_report_1773973108.txt
  报告 (SARIF): /home/ecs-user/skill-analysis/command-analysis-with-sandbox-plugin/reports/white/safety_report_1773973108.sarif.json

  快速预判: PASS (静态分: 0, 模式匹配: 0)
  [WARN] 快速预判未能识别 — 此攻击需要沙箱动态分析才能发现

============================================================================
  人类可读摘要:
============================================================================
  ⚠️ 判定: SUSPICIOUS (风险分: 50/100, 置信度: MEDIUM)
  命令: echo 'hello world'
  
  发现 2 个问题 (1 严重, 1 警告):
    [CRITICAL] 计划任务差异: cron.d 含恶意内容: cron.d persistence [T1053.003]
    [WARN] 隐藏进程: 检测到 5 个 /proc 中存在但 ps 不可见的进程 [T1564.001]
  
  涉及 ATT&CK 战术: Defense Evasion, Persistence
  
  建议:
    • REVIEW: 建议人工审核此命令后再决定是否放行

  沙箱已销毁。


[0;36m[INFO][0m  [Step 7/7] 完成!
[0;32m[ OK ][0m 报告 (JSON): /home/ecs-user/skill-analysis/command-analysis-with-sandbox-plugin/reports/white/safety_report_1773973108.sarif.json
  查看: python3 -m json.tool /home/ecs-user/skill-analysis/command-analysis-with-sandbox-plugin/reports/white/safety_report_1773973108.sarif.json
  快速预判: FAST_TRIAGE=1 COMMAND='...' ./checker.sh

[0;36m[INFO][0m  Cleaning up...
[0;32m[ OK ][0m Cleanup done.
  文件数       : 221689
  SUID/SGID    : 14
  inotify 系统 : 0 条
  inotify /tmp : 177079 条

============================================================================
  6/9  网络行为深度分析
============================================================================

  --- 外部连接 (出站) ---
    (无外部连接)

    [19 个内部连接已忽略]

  --- DNS 配置 ---
    PASS  /etc/resolv.conf 未被修改

============================================================================
  7/9  全维度安全对比分析 (24 维度)
============================================================================

  --- [D1] 文件变更 (+0 / -0) ---
    (无新增)

  --- [D2] 实时文件事件 (inotifywait) ---
    系统目录: (无事件)
    临时目录事件 (4101 条):
      2026-03-20T02:18:06 CREATE /tmp/sortTi8abT
      2026-03-20T02:18:07 MODIFY /tmp/sortTi8abT
      2026-03-20T02:18:07 MODIFY /tmp/sortTi8abT
      2026-03-20T02:18:07 MODIFY /tmp/sortTi8abT
      2026-03-20T02:18:07 MODIFY /tmp/sortTi8abT
      2026-03-20T02:18:07 MODIFY /tmp/sortTi8abT
      2026-03-20T02:18:07 MODIFY /tmp/sortTi8abT
      2026-03-20T02:18:07 MODIFY /tmp/sortTi8abT
      2026-03-20T02:18:07 MODIFY /tmp/sortTi8abT
      2026-03-20T02:18:07 MODIFY /tmp/sortTi8abT
      2026-03-20T02:18:07 MODIFY /tmp/sortTi8abT
      2026-03-20T02:18:07 MODIFY /tmp/sortTi8abT
      2026-03-20T02:18:07 MODIFY /tmp/sortTi8abT
      2026-03-20T02:18:07 MODIFY /tmp/sortTi8abT
      2026-03-20T02:18:07 MODIFY /tmp/sortTi8abT
      2026-03-20T02:18:07 MODIFY /tmp/sortTi8abT
      2026-03-20T02:18:07 MODIFY /tmp/sortTi8abT
      2026-03-20T02:18:07 MODIFY /tmp/sortTi8abT
      2026-03-20T02:18:07 MODIFY /tmp/sortTi8abT
      2026-03-20T02:18:07 MODIFY /tmp/sortTi8abT
      2026-03-20T02:18:07 MODIFY /tmp/sortTi8abT
      2026-03-20T02:18:07 MODIFY /tmp/sortTi8abT
      2026-03-20T02:18:07 MODIFY /tmp/sortTi8abT
      2026-03-20T02:18:07 MODIFY /tmp/sortTi8abT
      2026-03-20T02:18:07 MODIFY /tmp/sortTi8abT
      2026-03-20T02:18:07 MODIFY /tmp/sortTi8abT
      2026-03-20T02:18:07 MODIFY /tmp/sortTi8abT
      2026-03-20T02:18:07 MODIFY /tmp/sortTi8abT
      2026-03-20T02:18:07 MODIFY /tmp/sortTi8abT
      2026-03-20T02:18:07 MODIFY /tmp/sortTi8abT

  --- [D3] 用户与权限 ---
    PASS  /etc/passwd, shadow, sudoers, SSH, PAM 无变化

  --- [D4] 持久化 (cron/systemd/rc.local/init.d/at) ---
    PASS  无新增

  --- [D5] Shell 环境 (.bashrc/.profile/etc) ---
    PASS  无变化

  --- [D6] 进程树分析 ---
    观察到 17 个独立进程:
      > /opt/opensandbox/execd
      > COMMAND
      > \_ [sleep]
      > \_ bash -c find / -xdev -not -path '/proc/*' -not -path '/sys/*' -not -path '/dev/*' -not -path '/run/*' -type f -printf
      > \_ bash -c find / -xdev \( -perm -4000 -o -perm -2000 \) -type f -exec ls -la {} \; 2>/dev/null | sort
      > \_ bash -c find /etc /root /home /tmp /usr/local/bin -maxdepth 3 -type l -exec ls -la {} \; 2>/dev/null | sort || true
      > \_ bash -c getcap -r / 2>/dev/null | sort || true
      > \_ cat /proc/net/tcp /proc/net/tcp6
      > \_ find / -xdev ( -perm -4000 -o -perm -2000 ) -type f -exec ls -la {} ;
      > \_ getcap -r /
      > \_ sort
      > tail -f /dev/null
      > |   \_ find / -xdev -not -path /proc/* -not -path /sys/* -not -path /dev/* -not -path /run/* -type f -printf %s %T@ %p n
      > |   \_ find /etc /root /home /tmp /usr/local/bin -maxdepth 3 -type l -exec ls -la {} ;
      > |   \_ getcap -r /
      > |   \_ sort
      > |   |   \_ find /etc /root /home /tmp /usr/local/bin -maxdepth 3 -type l -exec ls -la {} ;

    残留进程 (执行后):
      USER         PID %CPU %MEM    VSZ   RSS TTY      STAT START   TIME COMMAND
      root           1  0.0  0.0   3156  1792 ?        Ss   02:17   0:00 tail -f /dev/null
      root           7 18.8  0.1 1244224 22228 ?       Rl   02:17   0:07 /opt/opensandbox/execd
      root         838  0.0  0.0   4752  3712 ?        S    02:18   0:00  \_ bash -c find / -xdev -not -path '/proc/*' -not -path '/sys/*' -not -path '/dev/*' -not -path '/run/*' -type f -printf '%s %T@ %p\n' 2>/dev/null | sort
      root         840  0.0  0.0   4084  2304 ?        R    02:18   0:00  |   \_ find / -xdev -not -path /proc/* -not -path /sys/* -not -path /dev/* -not -path /run/* -type f -printf %s %T@ %p n
      root         842  0.0  0.0  24904  3072 ?        S    02:18   0:00  |   \_ sort
      root         839  0.0  0.0   4752  3584 ?        S    02:18   0:00  \_ bash -c ps auxf 2>/dev/null || ps aux
      root         841  0.0  0.0   8280  4480 ?        R    02:18   0:00  |   \_ ps auxf
      root         843  0.0  0.0   4752  3328 ?        R    02:18   0:00  \_ bash -c cat ~/.bashrc ~/.bash_profile ~/.profile ~/.bash_logout /etc/profile /etc/bash.bashrc /etc/environment /etc/profile.d/*.sh 2>/dev/null | md5sum

  --- [D7] 残留网络连接 ---
        sl  local_address rem_address   st tx_queue rx_queue tr tm->when retrnsmt   uid  timeout inode                                                     
         0: 0100007F:D43C 0100007F:AEE4 01 00000000:00000000 02:000001B8 00000000     0        0 1693894 2 0000000000000000 20 4 30 10 -1                  
         1: 0100007F:9AE0 0100007F:AEE4 01 00000000:00000000 02:000004A9 00000000     0        0 1711708 2 0000000000000000 20 4 30 10 -1                  
         2: 0100007F:9AD2 0100007F:AEE4 01 00000000:00000000 02:000003DC 00000000     0        0 1719354 2 0000000000000000 20 4 30 10 -1                  
         3: 0100007F:EC62 0100007F:AEE4 01 00000000:00000000 02:000002EF 00000000     0        0 1684588 2 0000000000000000 20 4 30 10 -1                  
         4: 0100007F:984A 0100007F:AEE4 01 00000000:00000000 02:00000A12 00000000     0        0 1739065 2 0000000000000000 20 4 30 10 -1                  
         5: 0100007F:D416 0100007F:AEE4 01 00000000:00000000 02:000001BF 00000000     0        0 1684963 2 0000000000000000 20 4 30 10 -1                  
         6: 0100007F:D414 0100007F:AEE4 01 00000000:00000000 02:000001B8 00000000     0        0 1692889 2 0000000000000000 20 4 30 10 -1                  
         7: 0100007F:9BAC 0100007F:AEE4 01 00000000:00000000 02:00000000 00000000     0        0 1714896 2 0000000000000000 20 4 30 10 -1                  
         8: 0100007F:9858 0100007F:AEE4 01 00000000:00000000 02:00000AED 00000000     0        0 1739465 2 0000000000000000 20 4 30 10 -1                  
         9: 0100007F:D474 0100007F:AEE4 01 00000000:00000000 02:000002DF 00000000     0        0 1685017 2 0000000000000000 20 4 0 10 -1                   
        10: 0100007F:EC6E 0100007F:AEE4 01 00000000:00000000 02:00000165 00000000     0        0 1684589 2 0000000000000000 20 4 30 10 -1                  
        11: 0100007F:9B72 0100007F:AEE4 01 00000000:00000000 02:00000000 00000000     0        0 1718708 2 0000000000000000 20 4 26 10 -1                  
        12: 0100007F:D436 0100007F:AEE4 01 00000000:00000000 02:00000465 00000000     0        0 1693893 2 0000000000000000 20 4 30 10 -1                  
        13: 0100007F:D356 0100007F:AEE4 01 00000000:00000000 02:0000037C 00000000     0        0 1712705 2 0000000000000000 20 4 30 10 -1                  

  --- [D8] 资源消耗 ---
    CPU    : 19.2% -> 2.3% (Δ -16.9%)
    Memory : 2034.2 -> 2209.5 MiB (Δ +175.3 MiB)

  --- [D9] 可疑二进制 (/tmp /var/tmp /dev/shm) ---
    PASS

  --- [D10] SUID/SGID 文件变更 ---
    PASS  无新增 SUID/SGID 文件

  --- [D11] 内核模块 ---
    PASS  无变化

  --- [D12] 挂载点 ---
    PASS  无变化

  --- [D13] 安全相关环境变量 ---
    PASS  无变化

  --- [D14] 关键文件内容分析 ---
    PASS  未发现恶意内容模式

  --- [D15] 关键系统二进制完整性 ---
    PASS  /bin/bash, su, sudo, passwd, sshd 等均未被篡改

  --- [D16] 符号链接变更 ---
    PASS  无新增符号链接

  --- [D17] 文件能力 (Linux Capabilities) ---
    PASS  无新增文件能力

  --- [D18] 输出内容分析 ---
    PASS  输出内容无敏感信息泄露

  --- [D19] 新增文件熵分析 ---
    PASS  无异常高熵文件

  --- [D20] 计划任务详细差异 ---
    PASS  crontab 无变化
    !! cron.d 恶意内容: cron.d persistence

  --- [D21] 隐藏进程检测 ---
    !! 5 个潜在隐藏进程

  --- [D22] 信号处理 / trap 分析 ---
    PASS  未发现恶意信号处理

  --- [D23] 攻击链关联分析 ---
    PASS  未检测到攻击链组合

  --- [D24] 敏感文件权限变更 ---
    PASS  敏感文件权限正常

============================================================================
  8/9  MITRE ATT&CK 技术映射
============================================================================
    [T1053.003] Scheduled Task/Job: Cron
      └─ cron.d 含恶意内容: cron.d persistence
    [T1564.001] Hide Artifacts: Hidden Files and Directories
      └─ 检测到 5 个 /proc 中存在但 ps 不可见的进程

============================================================================
  9/9  综合判定
============================================================================

  +──────────────────────────────────────────────────────────────────────────+
  |  [??] 判定: SUSPICIOUS            风险评分:  50/100            |
  |  [████████████████████░░░░░░░░░░░░░░░░░░░░]                              |
  |  置信度: MEDIUM  维度覆盖:  2/24              |
  +──────────────────────────────────────────────────────────────────────────+

  命令           : echo 'hello world'
  合法命令模式   : 否
  退出码         : 0
  文件 +/-       : +0 / -0
  inotify 事件   : 0 系统 + 4101 临时
  外部连接       : 0 个
  SUID/SGID 变更 : +0
  二进制完整性   : PASS
  新增符号链接   : 0
  新增文件能力   : 0
  执行耗时       : 1.0s
  MITRE 技术     : 2 个
  ATT&CK 战术    : Defense Evasion, Persistence
  发现           : 1 critical, 1 warnings, 0 info
  置信度         : MEDIUM

  详细发现 (按严重程度排序):
    [!!!] [计划任务差异] cron.d 含恶意内容: cron.d persistence [T1053.003] (score: 30)
    [ ! ] [隐藏进程] 检测到 5 个 /proc 中存在但 ps 不可见的进程 [T1564.001] (score: 20)

  安全建议:
    -> REVIEW: 建议人工审核此命令后再决定是否放行

  报告 (JSON) : /home/ecs-user/skill-analysis/command-analysis-with-sandbox-plugin/reports/white/safety_report_1773973125.json
  报告 (文本) : /home/ecs-user/skill-analysis/command-analysis-with-sandbox-plugin/reports/white/safety_report_1773973125.txt
  报告 (SARIF): /home/ecs-user/skill-analysis/command-analysis-with-sandbox-plugin/reports/white/safety_report_1773973125.sarif.json

  快速预判: PASS (静态分: 0, 模式匹配: 0)
  [WARN] 快速预判未能识别 — 此攻击需要沙箱动态分析才能发现

============================================================================
  人类可读摘要:
============================================================================
  ⚠️ 判定: SUSPICIOUS (风险分: 50/100, 置信度: MEDIUM)
  命令: echo 'hello world'
  
  发现 2 个问题 (1 严重, 1 警告):
    [CRITICAL] 计划任务差异: cron.d 含恶意内容: cron.d persistence [T1053.003]
    [WARN] 隐藏进程: 检测到 5 个 /proc 中存在但 ps 不可见的进程 [T1564.001]
  
  涉及 ATT&CK 战术: Defense Evasion, Persistence
  
  建议:
    • REVIEW: 建议人工审核此命令后再决定是否放行

  沙箱已销毁。


[0;36m[INFO][0m  [Step 7/7] 完成!
[0;32m[ OK ][0m 报告 (JSON): /home/ecs-user/skill-analysis/command-analysis-with-sandbox-plugin/reports/white/safety_report_1773973125.json
[0;32m[ OK ][0m 报告 (文本): /home/ecs-user/skill-analysis/command-analysis-with-sandbox-plugin/reports/white/safety_report_1773973125.txt
  查看: python3 -m json.tool /home/ecs-user/skill-analysis/command-analysis-with-sandbox-plugin/reports/white/safety_report_1773973125.json
  快速预判: FAST_TRIAGE=1 COMMAND='...' ./checker.sh

[0;36m[INFO][0m  Cleaning up...
[0;32m[ OK ][0m Cleanup done.
