
[1m==========================================
  OpenSandbox Behavioral Analysis Engine v4
==========================================[0m

[0;36m[INFO][0m  待检测命令: git --version

[0;36m[INFO][0m  [Step 1/7] 检查环境...
[0;32m[ OK ][0m Docker: Docker version 27.5.1, build 27.5.1-0ubuntu3~24.04.2
[0;32m[ OK ][0m Python: Python 3.12.3
[0;36m[INFO][0m  安装 uv...
downloading uv 0.10.12 x86_64-unknown-linux-gnu
no checksums to verify
installing to /root/.local/bin
  uv
  uvx
everything's installed!
[0;32m[ OK ][0m uv: uv 0.10.12 (x86_64-unknown-linux-gnu)
[0;36m[INFO][0m  [Step 2/7] 预拉取 Docker 镜像...
[0;32m[ OK ][0m 沙箱镜像: opensandbox/code-interpreter:v1.0.2 (已存在)
[0;32m[ OK ][0m Execd镜像: opensandbox/execd:v1.0.7 (已存在)
[0;36m[INFO][0m  [Step 3/7] 安装 Python 依赖...
[0;32m[ OK ][0m opensandbox-server + SDK 已安装
[0;36m[INFO][0m  [Step 4/7] 生成服务端配置...
[0;32m[ OK ][0m 配置写入: /tmp/tmp.pOA6F8KSXk/sandbox.toml
[0;36m[INFO][0m  [Step 5/7] 启动 OpenSandbox Server...
[0;32m[ OK ][0m Server 就绪 (PID: 600293, port: 8080)
[0;36m[INFO][0m  [Step 6/7] 创建沙箱并执行深度行为分析...

/tmp/tmp.pOA6F8KSXk/checker.py:803: SyntaxWarning: invalid escape sequence '\$'
  "echo '=== cron.d ==='; for f in /etc/cron.d/*; do [ -f \"\$f\" ] && echo \"--- \$f ---\" && cat \"\$f\"; done 2>/dev/null || true; "

============================================================================
  1/9  创建隔离沙箱
============================================================================
  镜像: opensandbox/code-interpreter:v1.0.2
  Sandbox ID: 76c33d74-7087-4901-912b-0a9d407df9af

============================================================================
  2/9  安装监控工具 (快照前, 避免污染基线)
============================================================================
  监控工具已安装

============================================================================
  3/9  采集执行前基线 (24 维度)
============================================================================
  文件数       : 221689
  SUID/SGID    : 14
  符号链接     : 483
  文件能力     : 1
  基线采集耗时 : 14.9s
  CPU          : 1.9%
  Memory       : 1781.5/15069.3 MiB

============================================================================
  4/9  启动多层探针 + 执行待测命令
============================================================================
  [探针1] inotify: /usr/local/bin /usr/bin /usr/sbin /etc /root /home
  [探针2] inotify: /tmp /var/tmp /dev/shm (独立探针)
  [探针3] network: /proc/net/tcp 轮询 (0.5s)
  [探针5] process: 进程树轮询 (1s)

  --- 命令链分解分析 ---
    单阶段命令

  --- 命令去混淆分析 ---
    PASS  未发现编码/混淆层

  --- 命令静态分析 ---
    PASS  未匹配已知恶意模式

  $ git --version
  ────────────────────────────────────────────────────────────

  耗时     : 1.0s
  退出码   : 0
  stdout   : 1 行
  stderr   : 0 行

  --- stdout (前 50 行) ---
    | git version 2.43.0

============================================================================
  5/9  采集执行后快照 (全维度)
============================================================================
  文件数       : 221689
  SUID/SGID    : 14
  inotify 系统 : 0 条
  inotify /tmp : 204033 条

============================================================================
  6/9  网络行为深度分析
============================================================================

  --- 外部连接 (出站) ---
    (无外部连接)

    [20 个内部连接已忽略]

  --- DNS 配置 ---
    PASS  /etc/resolv.conf 未被修改

============================================================================
  7/9  全维度安全对比分析 (24 维度)
============================================================================

  --- [D1] 文件变更 (+0 / -0) ---
    (无新增)

  --- [D2] 实时文件事件 (inotifywait) ---
    系统目录: (无事件)
    临时目录事件 (5616 条):
      2026-03-20T03:20:42 CREATE /tmp/sortDDuSbU
      2026-03-20T03:20:42 MODIFY /tmp/sortDDuSbU
      2026-03-20T03:20:42 MODIFY /tmp/sortDDuSbU
      2026-03-20T03:20:42 MODIFY /tmp/sortDDuSbU
      2026-03-20T03:20:42 MODIFY /tmp/sortDDuSbU
      2026-03-20T03:20:42 MODIFY /tmp/sortDDuSbU
      2026-03-20T03:20:42 MODIFY /tmp/sortDDuSbU
      2026-03-20T03:20:42 MODIFY /tmp/sortDDuSbU
      2026-03-20T03:20:42 MODIFY /tmp/sortDDuSbU
      2026-03-20T03:20:42 MODIFY /tmp/sortDDuSbU
      2026-03-20T03:20:42 MODIFY /tmp/sortDDuSbU
      2026-03-20T03:20:42 MODIFY /tmp/sortDDuSbU
      2026-03-20T03:20:42 MODIFY /tmp/sortDDuSbU
      2026-03-20T03:20:42 MODIFY /tmp/sortDDuSbU
      2026-03-20T03:20:42 MODIFY /tmp/sortDDuSbU
      2026-03-20T03:20:42 MODIFY /tmp/sortDDuSbU
      2026-03-20T03:20:42 MODIFY /tmp/sortDDuSbU
      2026-03-20T03:20:42 MODIFY /tmp/sortDDuSbU
      2026-03-20T03:20:42 MODIFY /tmp/sortDDuSbU
      2026-03-20T03:20:42 MODIFY /tmp/sortDDuSbU
      2026-03-20T03:20:42 MODIFY /tmp/sortDDuSbU
      2026-03-20T03:20:42 MODIFY /tmp/sortDDuSbU
      2026-03-20T03:20:42 MODIFY /tmp/sortDDuSbU
      2026-03-20T03:20:42 MODIFY /tmp/sortDDuSbU
      2026-03-20T03:20:42 MODIFY /tmp/sortDDuSbU
      2026-03-20T03:20:42 MODIFY /tmp/sortDDuSbU
      2026-03-20T03:20:42 MODIFY /tmp/sortDDuSbU
      2026-03-20T03:20:42 MODIFY /tmp/sortDDuSbU
      2026-03-20T03:20:42 MODIFY /tmp/sortDDuSbU
      2026-03-20T03:20:42 MODIFY /tmp/sortDDuSbU

  --- [D3] 用户与权限 ---
    PASS  /etc/passwd, shadow, sudoers, SSH, PAM 无变化

  --- [D4] 持久化 (cron/systemd/rc.local/init.d/at) ---
    PASS  无新增

  --- [D5] Shell 环境 (.bashrc/.profile/etc) ---
    !! FAIL  Shell 配置被修改
      0a1,3
      > # ~/.bashrc: executed by bash(1) for non-login shells.
      > # see /usr/share/doc/bash/examples/startup-files (in the package bash-doc)
      > # for examples
      1a5,112
      > # If not running interactively, don't do anything
      > [ -z "$PS1" ] && return
      > 
      > # don't put duplicate lines in the history. See bash(1) for more options
      > # ... or force ignoredups and ignorespace
      > HISTCONTROL=ignoredups:ignorespace
      > 
      > # append to the history file, don't overwrite it
      > shopt -s histappend
      > 

  --- [D6] 进程树分析 ---
    观察到 17 个独立进程:
      > /opt/opensandbox/execd
      > COMMAND
      > \_ [sleep]
      > \_ bash -c find / -xdev -not -path '/proc/*' -not -path '/sys/*' -not -path '/dev/*' -not -path '/run/*' -type f -printf
      > \_ bash -c find / -xdev \( -perm -4000 -o -perm -2000 \) -type f -exec ls -la {} \; 2>/dev/null | sort
      > \_ bash -c find /etc /root /home /tmp /usr/local/bin -maxdepth 3 -type l -exec ls -la {} \; 2>/dev/null | sort || true
      > \_ bash -c getcap -r / 2>/dev/null | sort || true
      > \_ cat /proc/net/tcp /proc/net/tcp6
      > \_ find / -xdev ( -perm -4000 -o -perm -2000 ) -type f -exec ls -la {} ;
      > \_ getcap -r /
      > \_ sort
      > tail -f /dev/null
      > |   \_ find / -xdev -not -path /proc/* -not -path /sys/* -not -path /dev/* -not -path /run/* -type f -printf %s %T@ %p n
      > |   \_ find /etc /root /home /tmp /usr/local/bin -maxdepth 3 -type l -exec ls -la {} ;
      > |   \_ getcap -r /
      > |   \_ sort
      > |   |   \_ ls -la /etc/rmt

    残留进程 (执行后):
      USER         PID %CPU %MEM    VSZ   RSS TTY      STAT START   TIME COMMAND
      root           1  0.0  0.0   3156  1792 ?        Ss   03:20   0:00 tail -f /dev/null
      root           7 18.1  0.1 1244224 22144 ?       Sl   03:20   0:06 /opt/opensandbox/execd
      root         841  0.0  0.0   4752  3456 ?        S    03:20   0:00  \_ bash -c find / -xdev -not -path '/proc/*' -not -path '/sys/*' -not -path '/dev/*' -not -path '/run/*' -type f -printf '%s %T@ %p\n' 2>/dev/null | sort
      root         842  0.0  0.0   4084  2432 ?        R    03:20   0:00  |   \_ find / -xdev -not -path /proc/* -not -path /sys/* -not -path /dev/* -not -path /run/* -type f -printf %s %T@ %p n
      root         844  0.0  0.0  24904  3328 ?        S    03:20   0:00  |   \_ sort
      root         843  0.0  0.0   4752  3584 ?        S    03:20   0:00  \_ bash -c ps auxf 2>/dev/null || ps aux
      root         845  0.0  0.0   8280  4224 ?        R    03:20   0:00  |   \_ ps auxf
      root         846  0.0  0.0   4752  3584 ?        S    03:20   0:00  \_ bash -c cat ~/.bashrc ~/.bash_profile ~/.profile ~/.bash_logout /etc/profile /etc/bash.bashrc /etc/environment /etc/profile.d/*.sh 2>/dev/null | md5sum

  --- [D7] 残留网络连接 ---
        sl  local_address rem_address   st tx_queue rx_queue tr tm->when retrnsmt   uid  timeout inode                                                     
         0: 0100007F:CF34 0100007F:AEE4 01 00000000:00000000 02:000001E1 00000000     0        0 3609963 2 0000000000000000 20 4 30 10 -1                  
         1: 0100007F:CF4E 0100007F:AEE4 01 00000000:00000000 02:00000277 00000000     0        0 3613919 2 0000000000000000 20 4 30 10 -1                  
         2: 0100007F:CF6E 0100007F:AEE4 01 00000000:00000000 02:00000277 00000000     0        0 3607218 2 0000000000000000 20 4 30 10 -1                  
         3: 0100007F:C1CC 0100007F:AEE4 01 00000000:00000000 02:00000747 00000000     0        0 3628541 2 0000000000000000 20 4 30 10 -1                  
         4: 0100007F:CF7E 0100007F:AEE4 01 00000000:00000000 02:00000271 00000000     0        0 3607225 2 0000000000000000 20 4 30 10 -1                  
         5: 0100007F:CF76 0100007F:AEE4 01 00000000:00000000 02:0000038A 00000000     0        0 3611186 2 0000000000000000 20 4 30 10 -1                  
         6: 0100007F:8300 0100007F:AEE4 01 00000000:00000000 02:00000068 00000000     0        0 3611377 2 0000000000000000 20 4 30 10 -1                  
         7: 020011AC:9C8A 535BBD5B:0050 06 00000000:00000000 03:00000186 00000000     0        0 0 3 0000000000000000                                      
         8: 0100007F:A230 0100007F:AEE4 01 00000000:00000000 02:00000BB7 00000000     0        0 3623460 3 0000000000000000 20 4 26 10 -1                  
         9: 0100007F:8310 0100007F:AEE4 01 00000000:00000000 02:00000068 00000000     0        0 3614021 2 0000000000000000 20 4 30 10 -1                  
        10: 0100007F:82E8 0100007F:AEE4 01 00000000:00000000 02:00000067 00000000     0        0 3615379 2 0000000000000000 20 4 28 10 -1                  
        11: 0100007F:CF42 0100007F:AEE4 01 00000000:00000000 02:00000271 00000000     0        0 3607202 2 0000000000000000 20 4 30 10 -1                  
        12: 0100007F:922A 0100007F:AEE4 01 00000000:00000000 02:00000AED 00000000     0        0 3615604 2 0000000000000000 20 4 30 10 -1                  
        13: 0100007F:835C 0100007F:AEE4 01 00000000:00000000 02:00000072 00000000     0        0 3614039 2 0000000000000000 20 4 30 10 -1                  

  --- [D8] 资源消耗 ---
    CPU    : 1.9% -> 2.8% (Δ +0.9%)
    Memory : 1781.5 -> 1822.8 MiB (Δ +41.3 MiB)

  --- [D9] 可疑二进制 (/tmp /var/tmp /dev/shm) ---
    PASS

  --- [D10] SUID/SGID 文件变更 ---
    PASS  无新增 SUID/SGID 文件

  --- [D11] 内核模块 ---
    PASS  无变化

  --- [D12] 挂载点 ---
    PASS  无变化

  --- [D13] 安全相关环境变量 ---
    PASS  无变化

  --- [D14] 关键文件内容分析 ---
    PASS  未发现恶意内容模式

  --- [D15] 关键系统二进制完整性 ---
    PASS  /bin/bash, su, sudo, passwd, sshd 等均未被篡改

  --- [D16] 符号链接变更 ---
    PASS  无新增符号链接

  --- [D17] 文件能力 (Linux Capabilities) ---
    PASS  无新增文件能力

  --- [D18] 输出内容分析 ---
    PASS  输出内容无敏感信息泄露

  --- [D19] 新增文件熵分析 ---
    PASS  无异常高熵文件

  --- [D20] 计划任务详细差异 ---
    PASS  计划任务无变化

  --- [D21] 隐藏进程检测 ---
    PASS  未发现隐藏进程

  --- [D22] 信号处理 / trap 分析 ---
    PASS  未发现恶意信号处理

  --- [D23] 攻击链关联分析 ---
    PASS  未检测到攻击链组合

  --- [D24] 敏感文件权限变更 ---
    PASS  敏感文件权限正常

============================================================================
  8/9  MITRE ATT&CK 技术映射
============================================================================
    [T1546.004] Event Triggered Execution: .bash_profile/.bashrc
      └─ Shell 配置文件被修改

============================================================================
  9/9  综合判定
============================================================================

  +──────────────────────────────────────────────────────────────────────────+
  |  [~~] 判定: LOW_RISK              风险评分:  20/100            |
  |  [████████░░░░░░░░░░░░░░░░░░░░░░░░░░░░░░░░]                              |
  |  置信度: MEDIUM  维度覆盖:  1/24              |
  +──────────────────────────────────────────────────────────────────────────+

  命令           : git --version
  合法命令模式   : 否
  退出码         : 0
  文件 +/-       : +0 / -0
  inotify 事件   : 0 系统 + 5616 临时
  外部连接       : 0 个
  SUID/SGID 变更 : +0
  二进制完整性   : PASS
  新增符号链接   : 0
  新增文件能力   : 0
  执行耗时       : 1.0s
  MITRE 技术     : 1 个
  ATT&CK 战术    : Persistence
  发现           : 0 critical, 1 warnings, 0 info
  置信度         : MEDIUM

  详细发现 (按严重程度排序):
    [ ! ] [Shell环境] Shell 配置文件被修改 [T1546.004] (score: 20)

  安全建议:
    -> ALLOW: 风险较低, 可考虑放行但建议记录审计日志

  报告 (JSON) : /home/ecs-user/skill-analysis/command-analysis-with-sandbox-plugin/reports/white/safety_report_1773976878.json
  报告 (文本) : /home/ecs-user/skill-analysis/command-analysis-with-sandbox-plugin/reports/white/safety_report_1773976878.txt
  报告 (SARIF): /home/ecs-user/skill-analysis/command-analysis-with-sandbox-plugin/reports/white/safety_report_1773976878.sarif.json

  快速预判: PASS (静态分: 0, 模式匹配: 0)

============================================================================
  人类可读摘要:
============================================================================
  🔶 判定: LOW_RISK (风险分: 20/100, 置信度: MEDIUM)
  命令: git --version
  
  发现 1 个问题 (0 严重, 1 警告):
    [WARN] Shell环境: Shell 配置文件被修改 [T1546.004]
  
  涉及 ATT&CK 战术: Persistence
  
  建议:
    • ALLOW: 风险较低, 可考虑放行但建议记录审计日志

  沙箱已销毁。


[0;36m[INFO][0m  [Step 7/7] 完成!
[0;36m[INFO][0m  Cleaning up...
[0;32m[ OK ][0m Cleanup done.
