
[1m==========================================
  OpenSandbox Behavioral Analysis Engine v4
==========================================[0m

[0;36m[INFO][0m  待检测命令: ls -la /

[0;36m[INFO][0m  [Step 1/7] 检查环境...
[0;32m[ OK ][0m Docker: Docker version 27.5.1, build 27.5.1-0ubuntu3~24.04.2
[0;32m[ OK ][0m Python: Python 3.12.3
[0;36m[INFO][0m  安装 uv...
downloading uv 0.10.12 x86_64-unknown-linux-gnu
no checksums to verify
installing to /root/.local/bin
  uv
  uvx
everything's installed!
[0;32m[ OK ][0m uv: uv 0.10.12 (x86_64-unknown-linux-gnu)
[0;36m[INFO][0m  [Step 2/7] 预拉取 Docker 镜像...
[0;32m[ OK ][0m 沙箱镜像: opensandbox/code-interpreter:v1.0.2 (已存在)
[0;32m[ OK ][0m Execd镜像: opensandbox/execd:v1.0.7 (已存在)
[0;36m[INFO][0m  [Step 3/7] 安装 Python 依赖...
[0;32m[ OK ][0m opensandbox-server + SDK 已安装
[0;36m[INFO][0m  [Step 4/7] 生成服务端配置...
[0;32m[ OK ][0m 配置写入: /tmp/tmp.wN12MArIJW/sandbox.toml
[0;36m[INFO][0m  [Step 5/7] 启动 OpenSandbox Server...
[0;32m[ OK ][0m Server 就绪 (PID: 378283, port: 8080)
[0;36m[INFO][0m  [Step 6/7] 创建沙箱并执行深度行为分析...


============================================================================
  1/9  创建隔离沙箱
============================================================================
  镜像: opensandbox/code-interpreter:v1.0.2
  Sandbox ID: 16c276df-eaa2-43a3-8c3c-8bd808121db0

============================================================================
  2/9  安装监控工具 (快照前, 避免污染基线)
============================================================================
  监控工具已安装

============================================================================
  3/9  采集执行前基线 (24 维度)
============================================================================
  文件数       : 221689
  SUID/SGID    : 14
  符号链接     : 483
  文件能力     : 1
  基线采集耗时 : 14.6s
  CPU          : 0.3%
  Memory       : 1681.7/15069.3 MiB

============================================================================
  4/9  启动多层探针 + 执行待测命令
============================================================================
  [探针1] inotify: /usr/local/bin /usr/bin /usr/sbin /etc /root /home
  [探针2] inotify: /tmp /var/tmp /dev/shm (独立探针)
  [探针3] network: /proc/net/tcp 轮询 (0.5s)
  [探针5] process: 进程树轮询 (1s)

  --- 命令链分解分析 ---
    单阶段命令

  --- 命令去混淆分析 ---
    PASS  未发现编码/混淆层

  --- 命令静态分析 ---
    PASS  未匹配已知恶意模式

  $ ls -la /
  ────────────────────────────────────────────────────────────

  耗时     : 1.0s
  退出码   : 0
  stdout   : 25 行
  stderr   : 0 行

  --- stdout (前 50 行) ---
    | total 76
    | drwxr-xr-x   1 root root 4096 Mar 20 02:08 .
    | drwxr-xr-x   1 root root 4096 Mar 20 02:08 ..
    | -rwxr-xr-x   1 root root    0 Mar 20 02:08 .dockerenv
    | lrwxrwxrwx   1 root root    7 Apr 22  2024 bin -> usr/bin
    | drwxr-xr-x   2 root root 4096 Apr 22  2024 boot
    | drwxr-xr-x   5 root root  340 Mar 20 02:08 dev
    | drwxr-xr-x   1 root root 4096 Mar 20 02:09 etc
    | drwxr-xr-x   3 root root 4096 Oct 13 14:09 home
    | lrwxrwxrwx   1 root root    7 Apr 22  2024 lib -> usr/lib
    | drwxr-xr-x   2 root root 4096 Nov 14  2024 lib.usr-is-merged
    | lrwxrwxrwx   1 root root    9 Apr 22  2024 lib64 -> usr/lib64
    | drwxr-xr-x   2 root root 4096 Oct 13 14:02 media
    | drwxr-xr-x   2 root root 4096 Oct 13 14:02 mnt
    | drwxr-xr-x   1 root root 4096 Dec 13 09:46 opt
    | dr-xr-xr-x 319 root root    0 Mar 20 02:08 proc
    | drwx------   1 root root 4096 Dec 13 09:49 root
    | drwxr-xr-x   1 root root 4096 Dec 11 09:10 run
    | lrwxrwxrwx   1 root root    8 Apr 22  2024 sbin -> usr/sbin
    | drwxr-xr-x   2 root root 4096 Oct 13 14:02 srv
    | dr-xr-xr-x  13 root root    0 Mar 19 13:31 sys
    | drwxrwxrwt   1 root root 4096 Mar 20 02:09 tmp
    | drwxr-xr-x   1 root root 4096 Oct 13 14:02 usr
    | drwxr-xr-x   1 root root 4096 Oct 13 14:09 var
    | drwxr-xr-x   2 root root 4096 Dec 13 09:50 workspace

============================================================================
  5/9  采集执行后快照 (全维度)
============================================================================
  文件数       : 221689
  SUID/SGID    : 14
  inotify 系统 : 0 条
  inotify /tmp : 209289 条

============================================================================
  6/9  网络行为深度分析
============================================================================

  --- 外部连接 (出站) ---
    (无外部连接)

    [20 个内部连接已忽略]

  --- DNS 配置 ---
    PASS  /etc/resolv.conf 未被修改

============================================================================
  7/9  全维度安全对比分析 (24 维度)
============================================================================

  --- [D1] 文件变更 (+0 / -0) ---
    (无新增)

  --- [D2] 实时文件事件 (inotifywait) ---
    系统目录: (无事件)
    临时目录事件 (6124 条):
      2026-03-20T02:09:31 CREATE /tmp/sorthpMzKU
      2026-03-20T02:09:31 MODIFY /tmp/sorthpMzKU
      2026-03-20T02:09:31 MODIFY /tmp/sorthpMzKU
      2026-03-20T02:09:31 MODIFY /tmp/sorthpMzKU
      2026-03-20T02:09:31 MODIFY /tmp/sorthpMzKU
      2026-03-20T02:09:31 MODIFY /tmp/sorthpMzKU
      2026-03-20T02:09:31 MODIFY /tmp/sorthpMzKU
      2026-03-20T02:09:31 MODIFY /tmp/sorthpMzKU
      2026-03-20T02:09:31 MODIFY /tmp/sorthpMzKU
      2026-03-20T02:09:31 MODIFY /tmp/sorthpMzKU
      2026-03-20T02:09:31 MODIFY /tmp/sorthpMzKU
      2026-03-20T02:09:31 MODIFY /tmp/sorthpMzKU
      2026-03-20T02:09:31 MODIFY /tmp/sorthpMzKU
      2026-03-20T02:09:31 MODIFY /tmp/sorthpMzKU
      2026-03-20T02:09:31 MODIFY /tmp/sorthpMzKU
      2026-03-20T02:09:31 MODIFY /tmp/sorthpMzKU
      2026-03-20T02:09:31 MODIFY /tmp/sorthpMzKU
      2026-03-20T02:09:31 MODIFY /tmp/sorthpMzKU
      2026-03-20T02:09:31 MODIFY /tmp/sorthpMzKU
      2026-03-20T02:09:31 MODIFY /tmp/sorthpMzKU
      2026-03-20T02:09:31 MODIFY /tmp/sorthpMzKU
      2026-03-20T02:09:31 MODIFY /tmp/sorthpMzKU
      2026-03-20T02:09:31 MODIFY /tmp/sorthpMzKU
      2026-03-20T02:09:31 MODIFY /tmp/sorthpMzKU
      2026-03-20T02:09:31 MODIFY /tmp/sorthpMzKU
      2026-03-20T02:09:31 MODIFY /tmp/sorthpMzKU
      2026-03-20T02:09:31 MODIFY /tmp/sorthpMzKU
      2026-03-20T02:09:31 MODIFY /tmp/sorthpMzKU
      2026-03-20T02:09:31 MODIFY /tmp/sorthpMzKU
      2026-03-20T02:09:31 MODIFY /tmp/sorthpMzKU

  --- [D3] 用户与权限 ---
    PASS  /etc/passwd, shadow, sudoers, SSH, PAM 无变化

  --- [D4] 持久化 (cron/systemd/rc.local/init.d/at) ---
    PASS  无新增

  --- [D5] Shell 环境 (.bashrc/.profile/etc) ---
    PASS  无变化

  --- [D6] 进程树分析 ---
    观察到 16 个独立进程:
      > /opt/opensandbox/execd
      > COMMAND
      > \_ bash -c find / -xdev -not -path '/proc/*' -not -path '/sys/*' -not -path '/dev/*' -not -path '/run/*' -type f -printf
      > \_ bash -c find / -xdev \( -perm -4000 -o -perm -2000 \) -type f -exec ls -la {} \; 2>/dev/null | sort
      > \_ bash -c find /etc /root /home /tmp /usr/local/bin -maxdepth 3 -type l -exec ls -la {} \; 2>/dev/null | sort || true
      > \_ bash -c getcap -r / 2>/dev/null | sort || true
      > \_ cat /proc/net/tcp /proc/net/tcp6
      > \_ find / -xdev ( -perm -4000 -o -perm -2000 ) -type f -exec ls -la {} ;
      > \_ find /etc /root /home /tmp /usr/local/bin -maxdepth 3 -type l -exec ls -la {} ;
      > \_ getcap -r /
      > \_ sort
      > tail -f /dev/null
      > |   \_ find / -xdev ( -perm -4000 -o -perm -2000 ) -type f -exec ls -la {} ;
      > |   \_ find / -xdev -not -path /proc/* -not -path /sys/* -not -path /dev/* -not -path /run/* -type f -printf %s %T@ %p n
      > |   \_ getcap -r /
      > |   \_ sort

    残留进程 (执行后):
      USER         PID %CPU %MEM    VSZ   RSS TTY      STAT START   TIME COMMAND
      root           1  0.0  0.0   3156  1792 ?        Ss   02:08   0:00 tail -f /dev/null
      root           7 18.8  0.1 1244224 22240 ?       Sl   02:08   0:06 /opt/opensandbox/execd
      root         839  0.0  0.0   4752  3712 ?        S    02:09   0:00  \_ bash -c find / -xdev -not -path '/proc/*' -not -path '/sys/*' -not -path '/dev/*' -not -path '/run/*' -type f -printf '%s %T@ %p\n' 2>/dev/null | sort
      root         841  0.0  0.0   4084  2432 ?        R    02:09   0:00  |   \_ find / -xdev -not -path /proc/* -not -path /sys/* -not -path /dev/* -not -path /run/* -type f -printf %s %T@ %p n
      root         842  0.0  0.0  24904  3328 ?        S    02:09   0:00  |   \_ sort
      root         840  0.0  0.0   4752  3584 ?        S    02:09   0:00  \_ bash -c ps auxf 2>/dev/null || ps aux
      root         843  0.0  0.0   8280  4224 ?        R    02:09   0:00  |   \_ ps auxf
      root         844  0.0  0.0   4752  3456 ?        S    02:09   0:00  \_ bash -c cat ~/.bashrc ~/.bash_profile ~/.profile ~/.bash_logout /etc/profile /etc/bash.bashrc /etc/environment /etc/profile.d/*.sh 2>/dev/null | md5sum

  --- [D7] 残留网络连接 ---
        sl  local_address rem_address   st tx_queue rx_queue tr tm->when retrnsmt   uid  timeout inode                                                     
         0: 0100007F:A778 0100007F:AEE4 01 00000000:00000000 02:000007B9 00000000     0        0 1613179 2 0000000000000000 20 4 30 10 -1                  
         1: 0100007F:A792 0100007F:AEE4 01 00000000:00000000 02:00000AED 00000000     0        0 1608950 2 0000000000000000 20 4 30 10 -1                  
         2: 0100007F:CD88 0100007F:AEE4 01 00000000:00000000 02:00000071 00000000     0        0 1596754 2 0000000000000000 20 4 30 10 -1                  
         3: 0100007F:BF7E 0100007F:AEE4 01 00000000:00000000 02:00000328 00000000     0        0 1602212 2 0000000000000000 20 4 30 10 -1                  
         4: 0100007F:A782 0100007F:AEE4 01 00000000:00000000 02:00000A88 00000000     0        0 1604402 2 0000000000000000 20 4 30 10 -1                  
         5: 0100007F:ACFA 0100007F:AEE4 01 00000000:00000000 02:00000448 00000000     0        0 1585826 2 0000000000000000 20 4 30 10 -1                  
         6: 0100007F:9AEE 0100007F:AEE4 01 00000000:00000000 02:000003AA 00000000     0        0 1587735 2 0000000000000000 20 4 30 10 -1                  
         7: 0100007F:CD3C 0100007F:AEE4 01 00000000:00000000 02:0000006D 00000000     0        0 1602562 2 0000000000000000 20 4 30 10 -1                  
         8: 0100007F:9A84 0100007F:AEE4 01 00000000:00000000 02:00000290 00000000     0        0 1586702 2 0000000000000000 20 4 30 10 -1                  
         9: 020011AC:8D26 53BE7DB9:0050 06 00000000:00000000 03:0000001E 00000000     0        0 0 3 0000000000000000                                      
        10: 0100007F:CD2C 0100007F:AEE4 01 00000000:00000000 02:0000006D 00000000     0        0 1592534 2 0000000000000000 20 4 30 10 -1                  
        11: 0100007F:CD66 0100007F:AEE4 01 00000000:00000000 02:00000070 00000000     0        0 1596752 2 0000000000000000 20 4 30 10 -1                  
        12: 020011AC:8D24 53BE7DB9:0050 06 00000000:00000000 03:0000001E 00000000     0        0 0 3 0000000000000000                                      
        13: 0100007F:A77A 0100007F:AEE4 01 00000000:00000000 02:0000081E 00000000     0        0 1608858 2 0000000000000000 20 4 30 10 -1                  

  --- [D8] 资源消耗 ---
    CPU    : 0.3% -> 0.3% (Δ +0.0%)
    Memory : 1681.7 -> 1727.4 MiB (Δ +45.7 MiB)

  --- [D9] 可疑二进制 (/tmp /var/tmp /dev/shm) ---
    PASS

  --- [D10] SUID/SGID 文件变更 ---
    PASS  无新增 SUID/SGID 文件

  --- [D11] 内核模块 ---
    PASS  无变化

  --- [D12] 挂载点 ---
    PASS  无变化

  --- [D13] 安全相关环境变量 ---
    PASS  无变化

  --- [D14] 关键文件内容分析 ---
    PASS  未发现恶意内容模式

  --- [D15] 关键系统二进制完整性 ---
    PASS  /bin/bash, su, sudo, passwd, sshd 等均未被篡改

  --- [D16] 符号链接变更 ---
    PASS  无新增符号链接

  --- [D17] 文件能力 (Linux Capabilities) ---
    PASS  无新增文件能力

  --- [D18] 输出内容分析 ---
    PASS  输出内容无敏感信息泄露

  --- [D19] 新增文件熵分析 ---
    PASS  无异常高熵文件

  --- [D20] 计划任务详细差异 ---
    PASS  crontab 无变化
    !! cron.d 恶意内容: cron.d persistence

  --- [D21] 隐藏进程检测 ---
    !! 5 个潜在隐藏进程

  --- [D22] 信号处理 / trap 分析 ---
    PASS  未发现恶意信号处理

  --- [D23] 攻击链关联分析 ---
    PASS  未检测到攻击链组合

  --- [D24] 敏感文件权限变更 ---
    PASS  敏感文件权限正常

============================================================================
  8/9  MITRE ATT&CK 技术映射
============================================================================
    [T1053.003] Scheduled Task/Job: Cron
      └─ cron.d 含恶意内容: cron.d persistence
    [T1564.001] Hide Artifacts: Hidden Files and Directories
      └─ 检测到 5 个 /proc 中存在但 ps 不可见的进程

============================================================================
  9/9  综合判定
============================================================================

  +──────────────────────────────────────────────────────────────────────────+
  |  [??] 判定: SUSPICIOUS            风险评分:  50/100            |
  |  [████████████████████░░░░░░░░░░░░░░░░░░░░]                              |
  |  置信度: MEDIUM  维度覆盖:  2/24              |
  +──────────────────────────────────────────────────────────────────────────+

  命令           : ls -la /
  合法命令模式   : 否
  退出码         : 0
  文件 +/-       : +0 / -0
  inotify 事件   : 0 系统 + 6124 临时
  外部连接       : 0 个
  SUID/SGID 变更 : +0
  二进制完整性   : PASS
  新增符号链接   : 0
  新增文件能力   : 0
  执行耗时       : 1.0s
  MITRE 技术     : 2 个
  ATT&CK 战术    : Defense Evasion, Persistence
  发现           : 1 critical, 1 warnings, 0 info
  置信度         : MEDIUM

  详细发现 (按严重程度排序):
    [!!!] [计划任务差异] cron.d 含恶意内容: cron.d persistence [T1053.003] (score: 30)
    [ ! ] [隐藏进程] 检测到 5 个 /proc 中存在但 ps 不可见的进程 [T1564.001] (score: 20)

  安全建议:
    -> REVIEW: 建议人工审核此命令后再决定是否放行

  报告 (JSON) : /home/ecs-user/skill-analysis/command-analysis-with-sandbox-plugin/reports/white/safety_report_1773972609.json
  报告 (文本) : /home/ecs-user/skill-analysis/command-analysis-with-sandbox-plugin/reports/white/safety_report_1773972609.txt
  报告 (SARIF): /home/ecs-user/skill-analysis/command-analysis-with-sandbox-plugin/reports/white/safety_report_1773972609.sarif.json

  快速预判: PASS (静态分: 0, 模式匹配: 0)
  [WARN] 快速预判未能识别 — 此攻击需要沙箱动态分析才能发现

============================================================================
  人类可读摘要:
============================================================================
  ⚠️ 判定: SUSPICIOUS (风险分: 50/100, 置信度: MEDIUM)
  命令: ls -la /
  
  发现 2 个问题 (1 严重, 1 警告):
    [CRITICAL] 计划任务差异: cron.d 含恶意内容: cron.d persistence [T1053.003]
    [WARN] 隐藏进程: 检测到 5 个 /proc 中存在但 ps 不可见的进程 [T1564.001]
  
  涉及 ATT&CK 战术: Defense Evasion, Persistence
  
  建议:
    • REVIEW: 建议人工审核此命令后再决定是否放行

  沙箱已销毁。


[0;36m[INFO][0m  [Step 7/7] 完成!
[0;32m[ OK ][0m 报告 (JSON): /home/ecs-user/skill-analysis/command-analysis-with-sandbox-plugin/reports/white/safety_report_1773972609.sarif.json
  查看: python3 -m json.tool /home/ecs-user/skill-analysis/command-analysis-with-sandbox-plugin/reports/white/safety_report_1773972609.sarif.json
  快速预判: FAST_TRIAGE=1 COMMAND='...' ./checker.sh

[0;36m[INFO][0m  Cleaning up...
[0;32m[ OK ][0m Cleanup done.
