
[1m==========================================
  OpenSandbox Behavioral Analysis Engine v4
==========================================[0m

[0;36m[INFO][0m  待检测命令: curl -o- https://raw.githubusercontent.com/nvm-sh/nvm/v0.40.3/install.sh | bash

[0;36m[INFO][0m  [Step 1/7] 检查环境...
[0;32m[ OK ][0m Docker: Docker version 27.5.1, build 27.5.1-0ubuntu3~24.04.2
[0;32m[ OK ][0m Python: Python 3.12.3
[0;36m[INFO][0m  安装 uv...
downloading uv 0.10.12 x86_64-unknown-linux-gnu
no checksums to verify
installing to /root/.local/bin
  uv
  uvx
everything's installed!
[0;32m[ OK ][0m uv: uv 0.10.12 (x86_64-unknown-linux-gnu)
[0;36m[INFO][0m  [Step 2/7] 预拉取 Docker 镜像...
[0;32m[ OK ][0m 沙箱镜像: opensandbox/code-interpreter:v1.0.2 (已存在)
[0;32m[ OK ][0m Execd镜像: opensandbox/execd:v1.0.7 (已存在)
[0;36m[INFO][0m  [Step 3/7] 安装 Python 依赖...
[0;32m[ OK ][0m opensandbox-server + SDK 已安装
[0;36m[INFO][0m  [Step 4/7] 生成服务端配置...
[0;32m[ OK ][0m 配置写入: /tmp/tmp.2USxXQzsyt/sandbox.toml
[0;36m[INFO][0m  [Step 5/7] 启动 OpenSandbox Server...
[0;32m[ OK ][0m Server 就绪 (PID: 444553, port: 8080)
[0;36m[INFO][0m  [Step 6/7] 创建沙箱并执行深度行为分析...


============================================================================
  1/9  创建隔离沙箱
============================================================================
  镜像: opensandbox/code-interpreter:v1.0.2
  Sandbox ID: e326bb59-2d4c-46d6-86d4-04023ec43eb3

============================================================================
  2/9  安装监控工具 (快照前, 避免污染基线)
============================================================================
  监控工具已安装

============================================================================
  3/9  采集执行前基线 (24 维度)
============================================================================
  文件数       : 221689
  SUID/SGID    : 14
  符号链接     : 483
  文件能力     : 1
  基线采集耗时 : 15.7s
  CPU          : 38.6%
  Memory       : 2143.2/15069.3 MiB

============================================================================
  4/9  启动多层探针 + 执行待测命令
============================================================================
  [探针1] inotify: /usr/local/bin /usr/bin /usr/sbin /etc /root /home
  [探针2] inotify: /tmp /var/tmp /dev/shm (独立探针)
  [探针3] network: /proc/net/tcp 轮询 (0.5s)
  [探针5] process: 进程树轮询 (1s)

  --- 命令链分解分析 ---
    命令包含 2 个执行阶段:
    [1] [OK] curl -o- https://raw.githubusercontent.com/nvm-sh/nvm/v0.40.3/install.sh |
    [2] [OK] bash END

  --- 命令去混淆分析 ---
    PASS  未发现编码/混淆层

  --- 命令静态分析 ---
    !! [T1105] download and execute (curl|sh) (score: 25)
    [INFO] 命令匹配合法安装器模式, 部分告警已降权

  $ curl -o- https://raw.githubusercontent.com/nvm-sh/nvm/v0.40.3/install.sh | bash
  ────────────────────────────────────────────────────────────

  耗时     : 11.4s
  退出码   : 0
  stdout   : 26 行
  stderr   : 23 行

  --- stdout (前 50 行) ---
    | => Downloading nvm from git to '/root/.nvm'
    | => * (HEAD detached at FETCH_HEAD)
    |   master
    | => Compressing and cleaning up git repository
    | => Appending nvm source string to /root/.bashrc
    | => Appending bash_completion source string to /root/.bashrc
    | => You currently have modules installed globally with `npm`. These will no
    | => longer be linked to the active version of Node when you install a new node
    | => with `nvm`; and they may (depending on how you construct your `$PATH`)
    | => override the binaries of modules installed with `nvm`:
    | /opt/node/v22.2.0/lib
    | ├── corepack@0.28.1
    | └── tslab@1.0.22
    | => If you wish to uninstall them at a later point (or re-install them under your
    | => `nvm` node installs), you can remove them from the system Node as follows:
    |      $ nvm use system
    |      $ npm uninstall -g a_module
    | => Installing Node.js version 22
    | Downloading and installing node v22.22.1...
    | Now using node v22.22.1 (npm v10.9.4)
    | Creating default alias: default -> 22 (-> v22.22.1 *)
    | => Node.js version 22 has been successfully installed
    | => Close and reopen your terminal to start using nvm or run the following to use it now:
    | export NVM_DIR="$HOME/.nvm"
    | [ -s "$NVM_DIR/nvm.sh" ] && \. "$NVM_DIR/nvm.sh"  # This loads nvm
    | [ -s "$NVM_DIR/bash_completion" ] && \. "$NVM_DIR/bash_completion"  # This loads nvm bash_completion

  --- stderr (前 30 行) ---
    |   % Total    % Received % Xferd  Average Speed   Time    Time     Time  Current
    |                                  Dload  Upload   Total   Spent    Left  Speed
    |   0     0    0     0    0     0      0      0 --:--:-- --:--:-- --:--:--     0
    | 100 16631  100 16631    0     0   112k      0 --:--:-- --:--:-- --:--:--  112k
    | Cloning into '/root/.nvm'...
    | Downloading https://nodejs.org/dist/v22.22.1/node-v22.22.1-linux-x64.tar.xz...
    | ##############################                                            42.2%
    | ################################                                          44.8%
    | ################################                                          44.9%
    | ########################################                                  56.9%
    | ############################################                              61.5%
    | ###############################################                           65.6%
    | ##################################################                        69.5%
    | #####################################################                     73.7%
    | #######################################################                   77.5%
    | ##########################################################                81.7%
    | #############################################################             85.8%
    | ################################################################          89.8%
    | ###################################################################       93.9%
    | ######################################################################    98.0%
    | ######################################################################## 100.0%
    | Computing checksum with sha256sum
    | Checksums matched!

============================================================================
  5/9  采集执行后快照 (全维度)
============================================================================
