
[1m==========================================
  OpenSandbox Behavioral Analysis Engine v4
==========================================[0m

[0;36m[INFO][0m  待检测命令: date && uptime

[0;36m[INFO][0m  [Step 1/7] 检查环境...
[0;32m[ OK ][0m Docker: Docker version 27.5.1, build 27.5.1-0ubuntu3~24.04.2
[0;32m[ OK ][0m Python: Python 3.12.3
[0;36m[INFO][0m  安装 uv...
downloading uv 0.10.12 x86_64-unknown-linux-gnu
no checksums to verify
installing to /root/.local/bin
  uv
  uvx
everything's installed!
[0;32m[ OK ][0m uv: uv 0.10.12 (x86_64-unknown-linux-gnu)
[0;36m[INFO][0m  [Step 2/7] 预拉取 Docker 镜像...
[0;32m[ OK ][0m 沙箱镜像: opensandbox/code-interpreter:v1.0.2 (已存在)
[0;32m[ OK ][0m Execd镜像: opensandbox/execd:v1.0.7 (已存在)
[0;36m[INFO][0m  [Step 3/7] 安装 Python 依赖...
[0;32m[ OK ][0m opensandbox-server + SDK 已安装
[0;36m[INFO][0m  [Step 4/7] 生成服务端配置...
[0;32m[ OK ][0m 配置写入: /tmp/tmp.7fk0Kb0tEv/sandbox.toml
[0;36m[INFO][0m  [Step 5/7] 启动 OpenSandbox Server...
[0;32m[ OK ][0m Server 就绪 (PID: 495428, port: 8080)
[0;36m[INFO][0m  [Step 6/7] 创建沙箱并执行深度行为分析...


============================================================================
  1/9  创建隔离沙箱
============================================================================
  镜像: opensandbox/code-interpreter:v1.0.2
  Sandbox ID: c01ff933-f483-447d-ae73-a479a1ac6ad5

============================================================================
  2/9  安装监控工具 (快照前, 避免污染基线)
============================================================================
