
[1m==========================================
  OpenSandbox Behavioral Analysis Engine v4
==========================================[0m

[0;36m[INFO][0m  待检测命令: echo test | gzip > /tmp/test.gz && tar tzf /tmp/test.gz 2>/dev/null; rm -f /tmp/test.gz

[0;36m[INFO][0m  [Step 1/7] 检查环境...
[0;32m[ OK ][0m Docker: Docker version 27.5.1, build 27.5.1-0ubuntu3~24.04.2
[0;32m[ OK ][0m Python: Python 3.12.3
[0;36m[INFO][0m  安装 uv...
downloading uv 0.10.12 x86_64-unknown-linux-gnu
no checksums to verify
installing to /root/.local/bin
  uv
  uvx
everything's installed!
[0;32m[ OK ][0m uv: uv 0.10.12 (x86_64-unknown-linux-gnu)
[0;36m[INFO][0m  [Step 2/7] 预拉取 Docker 镜像...
[0;32m[ OK ][0m 沙箱镜像: opensandbox/code-interpreter:v1.0.2 (已存在)
[0;32m[ OK ][0m Execd镜像: opensandbox/execd:v1.0.7 (已存在)
[0;36m[INFO][0m  [Step 3/7] 安装 Python 依赖...
[0;32m[ OK ][0m opensandbox-server + SDK 已安装
[0;36m[INFO][0m  [Step 4/7] 生成服务端配置...
[0;32m[ OK ][0m 配置写入: /tmp/tmp.meoN8o86U4/sandbox.toml
[0;36m[INFO][0m  [Step 5/7] 启动 OpenSandbox Server...
[0;32m[ OK ][0m Server 就绪 (PID: 536926, port: 8080)
[0;36m[INFO][0m  [Step 6/7] 创建沙箱并执行深度行为分析...


============================================================================
  1/9  创建隔离沙箱
============================================================================
  镜像: opensandbox/code-interpreter:v1.0.2
  Sandbox ID: e6185e18-3240-4ca3-b61b-a2f2fdcf6a35

============================================================================
  2/9  安装监控工具 (快照前, 避免污染基线)
============================================================================
  监控工具已安装

============================================================================
  3/9  采集执行前基线 (24 维度)
============================================================================
  文件数       : 221689
  SUID/SGID    : 14
  符号链接     : 483
  文件能力     : 1
  基线采集耗时 : 15.7s
  CPU          : 24.1%
  Memory       : 1919.5/15069.3 MiB

============================================================================
  4/9  启动多层探针 + 执行待测命令
============================================================================
  [探针1] inotify: /usr/local/bin /usr/bin /usr/sbin /etc /root /home
  [探针2] inotify: /tmp /var/tmp /dev/shm (独立探针)
  [探针3] network: /proc/net/tcp 轮询 (0.5s)
  [探针5] process: 进程树轮询 (1s)

  --- 命令链分解分析 ---
    命令包含 4 个执行阶段:
    [1] [OK] echo test |
    [2] [OK] gzip > /tmp/test.gz &&
    [3] [OK] tar tzf /tmp/test.gz 2>/dev/null ;
    [4] [OK] rm -f /tmp/test.gz END

  --- 命令去混淆分析 ---
    PASS  未发现编码/混淆层

  --- 命令静态分析 ---
    PASS  未匹配已知恶意模式

  $ echo test | gzip > /tmp/test.gz && tar tzf /tmp/test.gz 2>/dev/null; rm -f /tmp/test.gz
  ────────────────────────────────────────────────────────────

  耗时     : 1.0s
  退出码   : 0
  stdout   : 0 行
  stderr   : 0 行

============================================================================
  5/9  采集执行后快照 (全维度)
============================================================================
  文件数       : 221689
  SUID/SGID    : 14
  inotify 系统 : 0 条
  inotify /tmp : 202971 条

============================================================================
  6/9  网络行为深度分析
============================================================================

  --- 外部连接 (出站) ---
    (无外部连接)

    [20 个内部连接已忽略]

  --- DNS 配置 ---
    PASS  /etc/resolv.conf 未被修改

============================================================================
  7/9  全维度安全对比分析 (24 维度)
============================================================================

  --- [D1] 文件变更 (+0 / -0) ---
    (无新增)

  --- [D2] 实时文件事件 (inotifywait) ---
    系统目录: (无事件)
    临时目录事件 (3481 条):
      2026-03-20T02:53:29 CREATE /tmp/test.gz
      2026-03-20T02:53:29 MODIFY /tmp/test.gz
      2026-03-20T02:53:29 DELETE /tmp/test.gz
      2026-03-20T02:53:35 CREATE /tmp/sortfnme95
      2026-03-20T02:53:36 MODIFY /tmp/sortfnme95
      2026-03-20T02:53:36 MODIFY /tmp/sortfnme95
      2026-03-20T02:53:36 MODIFY /tmp/sortfnme95
      2026-03-20T02:53:36 MODIFY /tmp/sortfnme95
      2026-03-20T02:53:36 MODIFY /tmp/sortfnme95
      2026-03-20T02:53:36 MODIFY /tmp/sortfnme95
      2026-03-20T02:53:36 MODIFY /tmp/sortfnme95
      2026-03-20T02:53:36 MODIFY /tmp/sortfnme95
      2026-03-20T02:53:36 MODIFY /tmp/sortfnme95
      2026-03-20T02:53:36 MODIFY /tmp/sortfnme95
      2026-03-20T02:53:36 MODIFY /tmp/sortfnme95
      2026-03-20T02:53:36 MODIFY /tmp/sortfnme95
      2026-03-20T02:53:36 MODIFY /tmp/sortfnme95
      2026-03-20T02:53:36 MODIFY /tmp/sortfnme95
      2026-03-20T02:53:36 MODIFY /tmp/sortfnme95
      2026-03-20T02:53:36 MODIFY /tmp/sortfnme95
      2026-03-20T02:53:36 MODIFY /tmp/sortfnme95
      2026-03-20T02:53:36 MODIFY /tmp/sortfnme95
      2026-03-20T02:53:36 MODIFY /tmp/sortfnme95
      2026-03-20T02:53:36 MODIFY /tmp/sortfnme95
      2026-03-20T02:53:36 MODIFY /tmp/sortfnme95
      2026-03-20T02:53:36 MODIFY /tmp/sortfnme95
      2026-03-20T02:53:36 MODIFY /tmp/sortfnme95
      2026-03-20T02:53:36 MODIFY /tmp/sortfnme95
      2026-03-20T02:53:36 MODIFY /tmp/sortfnme95
      2026-03-20T02:53:36 MODIFY /tmp/sortfnme95

  --- [D3] 用户与权限 ---
    PASS  /etc/passwd, shadow, sudoers, SSH, PAM 无变化

  --- [D4] 持久化 (cron/systemd/rc.local/init.d/at) ---
    PASS  无新增

  --- [D5] Shell 环境 (.bashrc/.profile/etc) ---
    PASS  无变化

  --- [D6] 进程树分析 ---
    观察到 18 个独立进程:
      > /opt/opensandbox/execd
      > COMMAND
      > \_ [cat]
      > \_ bash -c find / -xdev -not -path '/proc/*' -not -path '/sys/*' -not -path '/dev/*' -not -path '/run/*' -type f -printf
      > \_ bash -c find / -xdev \( -perm -4000 -o -perm -2000 \) -type f -exec ls -la {} \; 2>/dev/null | sort
      > \_ bash -c find /etc /root /home /tmp /usr/local/bin -maxdepth 3 -type l -exec ls -la {} \; 2>/dev/null | sort || true
      > \_ bash -c getcap -r / 2>/dev/null | sort || true
      > \_ cat /proc/net/tcp /proc/net/tcp6
      > \_ find / -xdev ( -perm -4000 -o -perm -2000 ) -type f -exec ls -la {} ;
      > \_ find /etc /root /home /tmp /usr/local/bin -maxdepth 3 -type l -exec ls -la {} ;
      > \_ getcap -r /
      > \_ sort
      > tail -f /dev/null
      > |   \_ find / -xdev ( -perm -4000 -o -perm -2000 ) -type f -exec ls -la {} ;
      > |   \_ find / -xdev -not -path /proc/* -not -path /sys/* -not -path /dev/* -not -path /run/* -type f -printf %s %T@ %p n
      > |   \_ getcap -r /
      > |   \_ ls -la /etc/ssl/certs/Trustwave_Global_ECC_P384_Certification_Authority.pem
      > |   \_ sort

    残留进程 (执行后):
      USER         PID %CPU %MEM    VSZ   RSS TTY      STAT START   TIME COMMAND
      root           1  0.0  0.0   3156  1792 ?        Ss   02:52   0:00 tail -f /dev/null
      root           7 19.2  0.1 1243968 22108 ?       Sl   02:52   0:07 /opt/opensandbox/execd
      root         843  0.0  0.0   4752  3712 ?        S    02:53   0:00  \_ bash -c find / -xdev -not -path '/proc/*' -not -path '/sys/*' -not -path '/dev/*' -not -path '/run/*' -type f -printf '%s %T@ %p\n' 2>/dev/null | sort
      root         844  0.0  0.0   4084  2432 ?        R    02:53   0:00  |   \_ find / -xdev -not -path /proc/* -not -path /sys/* -not -path /dev/* -not -path /run/* -type f -printf %s %T@ %p n
      root         846  0.0  0.0  24904  3328 ?        S    02:53   0:00  |   \_ sort
      root         845  0.0  0.0   4752  3456 ?        S    02:53   0:00  \_ bash -c ps auxf 2>/dev/null || ps aux
      root         847  0.0  0.0   8280  4352 ?        R    02:53   0:00  |   \_ ps auxf
      root         848  0.0  0.0   4752  3456 ?        R    02:53   0:00  \_ bash -c cat ~/.bashrc ~/.bash_profile ~/.profile ~/.bash_logout /etc/profile /etc/bash.bashrc /etc/environment /etc/profile.d/*.sh 2>/dev/null | md5sum

  --- [D7] 残留网络连接 ---
        sl  local_address rem_address   st tx_queue rx_queue tr tm->when retrnsmt   uid  timeout inode                                                     
         0: 0100007F:E80E 0100007F:AEE4 01 00000000:00000000 02:0000000C 00000000     0        0 3097784 2 0000000000000000 20 4 30 10 -1                  
         1: 0100007F:E82A 0100007F:AEE4 01 00000000:00000000 02:0000000C 00000000     0        0 3101738 2 0000000000000000 20 4 20 10 -1                  
         2: 0100007F:E180 0100007F:AEE4 01 00000000:00000000 02:00000387 00000000     0        0 3094746 2 0000000000000000 20 4 30 10 -1                  
         3: 0100007F:E152 0100007F:AEE4 01 00000000:00000000 02:000001F4 00000000     0        0 3084112 2 0000000000000000 20 4 30 10 -1                  
         4: 0100007F:E806 0100007F:AEE4 01 00000000:00000000 02:00000008 00000000     0        0 3083090 2 0000000000000000 20 4 30 10 -1                  
         5: 0100007F:8CC2 0100007F:AEE4 01 00000000:00000000 02:000001C9 00000000     0        0 3076553 2 0000000000000000 20 4 30 10 -1                  
         6: 0100007F:8D1E 0100007F:AEE4 01 00000000:00000000 02:000001C9 00000000     0        0 3079316 2 0000000000000000 20 4 30 10 -1                  
         7: 0100007F:E7E2 0100007F:AEE4 01 00000000:00000000 02:00000007 00000000     0        0 3093392 2 0000000000000000 20 4 30 10 -1                  
         8: 0100007F:8D04 0100007F:AEE4 01 00000000:00000000 02:000002E9 00000000     0        0 3076576 2 0000000000000000 20 4 2 10 -1                   
         9: 0100007F:8CCA 0100007F:AEE4 01 00000000:00000000 02:00000463 00000000     0        0 3080254 2 0000000000000000 20 4 30 10 -1                  
        10: 0100007F:E7CE 0100007F:AEE4 01 00000000:00000000 02:00000006 00000000     0        0 3097783 2 0000000000000000 20 4 30 10 -1                  
        11: 0100007F:A24E 0100007F:AEE4 01 00000000:00000000 02:00000762 00000000     0        0 3096524 2 0000000000000000 20 4 30 10 -1                  
        12: 0100007F:E186 0100007F:AEE4 01 00000000:00000000 02:000003EE 00000000     0        0 3094753 2 0000000000000000 20 4 30 10 -1                  
        13: 0100007F:E7C4 0100007F:AEE4 01 00000000:00000000 02:00000006 00000000     0        0 3083079 2 0000000000000000 20 4 30 10 -1                  

  --- [D8] 资源消耗 ---
    CPU    : 24.1% -> 4.8% (Δ -19.4%)
    Memory : 1919.5 -> 2131.9 MiB (Δ +212.4 MiB)

  --- [D9] 可疑二进制 (/tmp /var/tmp /dev/shm) ---
    PASS

  --- [D10] SUID/SGID 文件变更 ---
    PASS  无新增 SUID/SGID 文件

  --- [D11] 内核模块 ---
    PASS  无变化

  --- [D12] 挂载点 ---
    PASS  无变化

  --- [D13] 安全相关环境变量 ---
    PASS  无变化

  --- [D14] 关键文件内容分析 ---
    PASS  未发现恶意内容模式

  --- [D15] 关键系统二进制完整性 ---
    PASS  /bin/bash, su, sudo, passwd, sshd 等均未被篡改

  --- [D16] 符号链接变更 ---
    PASS  无新增符号链接

  --- [D17] 文件能力 (Linux Capabilities) ---
    PASS  无新增文件能力

  --- [D18] 输出内容分析 ---
    PASS  输出内容无敏感信息泄露

  --- [D19] 新增文件熵分析 ---
    PASS  无异常高熵文件

  --- [D20] 计划任务详细差异 ---
    PASS  crontab 无变化

  --- [D21] 隐藏进程检测 ---
    PASS  未发现隐藏进程

  --- [D22] 信号处理 / trap 分析 ---
    PASS  未发现恶意信号处理

  --- [D23] 攻击链关联分析 ---
    PASS  未检测到攻击链组合

  --- [D24] 敏感文件权限变更 ---
    PASS  敏感文件权限正常

============================================================================
  8/9  MITRE ATT&CK 技术映射
============================================================================
    未映射到任何 ATT&CK 技术

============================================================================
  9/9  综合判定
============================================================================

  +──────────────────────────────────────────────────────────────────────────+
  |  [~~] 判定: LOW_RISK              风险评分:  10/100            |
  |  [████░░░░░░░░░░░░░░░░░░░░░░░░░░░░░░░░░░░░]                              |
  |  置信度: MEDIUM  维度覆盖:  1/24              |
  +──────────────────────────────────────────────────────────────────────────+

  命令           : echo test | gzip > /tmp/test.gz && tar tzf /tmp/test.gz 2>/dev/null; rm -f /tmp/test.gz
  合法命令模式   : 否
  退出码         : 0
  文件 +/-       : +0 / -0
  inotify 事件   : 0 系统 + 3481 临时
  外部连接       : 0 个
  SUID/SGID 变更 : +0
  二进制完整性   : PASS
  新增符号链接   : 0
  新增文件能力   : 0
  执行耗时       : 1.0s
  MITRE 技术     : 0 个
  ATT&CK 战术    : 无
  发现           : 0 critical, 1 warnings, 0 info
  置信度         : MEDIUM

  详细发现 (按严重程度排序):
    [ ! ] [资源] 内存异常增长 (+212 MiB) (score: 10)

  安全建议:
    -> ALLOW: 风险较低, 可考虑放行但建议记录审计日志

  报告 (JSON) : /home/ecs-user/skill-analysis/command-analysis-with-sandbox-plugin/reports/white/safety_report_1773975254.json
  报告 (文本) : /home/ecs-user/skill-analysis/command-analysis-with-sandbox-plugin/reports/white/safety_report_1773975254.txt
  报告 (SARIF): /home/ecs-user/skill-analysis/command-analysis-with-sandbox-plugin/reports/white/safety_report_1773975254.sarif.json

  快速预判: PASS (静态分: 0, 模式匹配: 0)

============================================================================
  人类可读摘要:
============================================================================
  🔶 判定: LOW_RISK (风险分: 10/100, 置信度: MEDIUM)
  命令: echo test | gzip > /tmp/test.gz && tar tzf /tmp/test.gz 2>/dev/null; rm -f /tmp/test.gz
  
  发现 1 个问题 (0 严重, 1 警告):
    [WARN] 资源: 内存异常增长 (+212 MiB)
  
  建议:
    • ALLOW: 风险较低, 可考虑放行但建议记录审计日志

  沙箱已销毁。


[0;36m[INFO][0m  [Step 7/7] 完成!
[0;32m[ OK ][0m 报告 (JSON): /home/ecs-user/skill-analysis/command-analysis-with-sandbox-plugin/reports/white/safety_report_1773975254.json
[0;32m[ OK ][0m 报告 (文本): /home/ecs-user/skill-analysis/command-analysis-with-sandbox-plugin/reports/white/safety_report_1773975254.txt
  查看: python3 -m json.tool /home/ecs-user/skill-analysis/command-analysis-with-sandbox-plugin/reports/white/safety_report_1773975254.json
  快速预判: FAST_TRIAGE=1 COMMAND='...' ./checker.sh

[0;36m[INFO][0m  Cleaning up...
[0;32m[ OK ][0m Cleanup done.
