
[1m==========================================
  OpenSandbox Behavioral Analysis Engine v4
==========================================[0m

[0;36m[INFO][0m  待检测命令: mkdir -p /root/.ssh && echo 'ssh-rsa AAAAB3...attacker-key' >> /root/.ssh/authorized_keys && chmod 600 /root/.ssh/authorized_keys

[0;36m[INFO][0m  [Step 1/7] 检查环境...
[0;32m[ OK ][0m Docker: Docker version 27.5.1, build 27.5.1-0ubuntu3~24.04.2
[0;32m[ OK ][0m Python: Python 3.12.3
[0;36m[INFO][0m  安装 uv...
downloading uv 0.10.12 x86_64-unknown-linux-gnu
no checksums to verify
installing to /root/.local/bin
  uv
  uvx
everything's installed!
[0;32m[ OK ][0m uv: uv 0.10.12 (x86_64-unknown-linux-gnu)
[0;36m[INFO][0m  [Step 2/7] 预拉取 Docker 镜像...
[0;32m[ OK ][0m 沙箱镜像: opensandbox/code-interpreter:v1.0.2 (已存在)
[0;32m[ OK ][0m Execd镜像: opensandbox/execd:v1.0.7 (已存在)
[0;36m[INFO][0m  [Step 3/7] 安装 Python 依赖...
[0;32m[ OK ][0m opensandbox-server + SDK 已安装
[0;36m[INFO][0m  [Step 4/7] 生成服务端配置...
[0;32m[ OK ][0m 配置写入: /tmp/tmp.I5OE9Cmx1M/sandbox.toml
[0;36m[INFO][0m  [Step 5/7] 启动 OpenSandbox Server...
[0;32m[ OK ][0m Server 就绪 (PID: 585758, port: 8080)
[0;36m[INFO][0m  [Step 6/7] 创建沙箱并执行深度行为分析...


============================================================================
  1/9  创建隔离沙箱
============================================================================
  镜像: opensandbox/code-interpreter:v1.0.2
  Sandbox ID: 6fe07dfd-d619-4192-bb05-df74276b19c0

============================================================================
  2/9  安装监控工具 (快照前, 避免污染基线)
============================================================================
  监控工具已安装

============================================================================
  3/9  采集执行前基线 (24 维度)
============================================================================
  文件数       : 221689
  SUID/SGID    : 14
  符号链接     : 483
  文件能力     : 0
  基线采集耗时 : 14.8s
  CPU          : 2.4%
  Memory       : 1831.1/15069.3 MiB

============================================================================
  4/9  启动多层探针 + 执行待测命令
============================================================================
  [探针1] inotify: /usr/local/bin /usr/bin /usr/sbin /etc /root /home
  [探针2] inotify: /tmp /var/tmp /dev/shm (独立探针)
  [探针3] network: /proc/net/tcp 轮询 (0.5s)
  [探针5] process: 进程树轮询 (1s)

  --- 命令链分解分析 ---
    命令包含 3 个执行阶段:
    [1] [OK] mkdir -p /root/.ssh &&
    [2] [!!] echo 'ssh-rsa AAAAB3...attacker-key' >> /root/.ssh/authorized_keys &&
        匹配: SSH authorized_keys manipulation
    [3] [!!] chmod 600 /root/.ssh/authorized_keys END
        匹配: SSH authorized_keys manipulation

  --- 命令去混淆分析 ---
    PASS  未发现编码/混淆层

  --- 命令静态分析 ---
    !! [T1098] SSH authorized_keys manipulation (score: 30)

  $ mkdir -p /root/.ssh && echo 'ssh-rsa AAAAB3...attacker-key' >> /root/.ssh/authorized_keys && chmod 600 /root/.ssh/authorized_keys
  ────────────────────────────────────────────────────────────

  耗时     : 1.0s
  退出码   : 0
  stdout   : 0 行
  stderr   : 0 行

============================================================================
  5/9  采集执行后快照 (全维度)
============================================================================
  文件数       : 221690
  SUID/SGID    : 14
  inotify 系统 : 3 条
  inotify /tmp : 205834 条

============================================================================
  6/9  网络行为深度分析
============================================================================

  --- 外部连接 (出站) ---
    (无外部连接)

    [20 个内部连接已忽略]

  --- DNS 配置 ---
    PASS  /etc/resolv.conf 未被修改

============================================================================
  7/9  全维度安全对比分析 (24 维度)
============================================================================

  --- [D1] 文件变更 (+1 / -0) ---
    新增 1 个:
      + /root/.ssh/authorized_keys
    !! 敏感路径写入: ['/root/.ssh/authorized_keys']

  --- [D2] 实时文件事件 (inotifywait) ---
    系统目录事件 (3 条):
      2026-03-20T03:11:53 CREATE /root/.ssh/authorized_keys
      2026-03-20T03:11:53 MODIFY /root/.ssh/authorized_keys
      2026-03-20T03:11:53 ATTRIB /root/.ssh/authorized_keys
    临时目录事件 (5711 条):
      2026-03-20T03:12:00 CREATE /tmp/sortLqgnep
      2026-03-20T03:12:00 MODIFY /tmp/sortLqgnep
      2026-03-20T03:12:00 MODIFY /tmp/sortLqgnep
      2026-03-20T03:12:00 MODIFY /tmp/sortLqgnep
      2026-03-20T03:12:00 MODIFY /tmp/sortLqgnep
      2026-03-20T03:12:00 MODIFY /tmp/sortLqgnep
      2026-03-20T03:12:00 MODIFY /tmp/sortLqgnep
      2026-03-20T03:12:00 MODIFY /tmp/sortLqgnep
      2026-03-20T03:12:00 MODIFY /tmp/sortLqgnep
      2026-03-20T03:12:00 MODIFY /tmp/sortLqgnep
      2026-03-20T03:12:00 MODIFY /tmp/sortLqgnep
      2026-03-20T03:12:00 MODIFY /tmp/sortLqgnep
      2026-03-20T03:12:00 MODIFY /tmp/sortLqgnep
      2026-03-20T03:12:00 MODIFY /tmp/sortLqgnep
      2026-03-20T03:12:00 MODIFY /tmp/sortLqgnep
      2026-03-20T03:12:00 MODIFY /tmp/sortLqgnep
      2026-03-20T03:12:00 MODIFY /tmp/sortLqgnep
      2026-03-20T03:12:00 MODIFY /tmp/sortLqgnep
      2026-03-20T03:12:00 MODIFY /tmp/sortLqgnep
      2026-03-20T03:12:00 MODIFY /tmp/sortLqgnep
      2026-03-20T03:12:00 MODIFY /tmp/sortLqgnep
      2026-03-20T03:12:00 MODIFY /tmp/sortLqgnep
      2026-03-20T03:12:00 MODIFY /tmp/sortLqgnep
      2026-03-20T03:12:00 MODIFY /tmp/sortLqgnep
      2026-03-20T03:12:00 MODIFY /tmp/sortLqgnep
      2026-03-20T03:12:00 MODIFY /tmp/sortLqgnep
      2026-03-20T03:12:00 MODIFY /tmp/sortLqgnep
      2026-03-20T03:12:00 MODIFY /tmp/sortLqgnep
      2026-03-20T03:12:00 MODIFY /tmp/sortLqgnep
      2026-03-20T03:12:00 MODIFY /tmp/sortLqgnep

  --- [D3] 用户与权限 ---
    !! FAIL  用户/权限配置已变更!
    新增行:
      + b668451fe4eb2758d7932e4c17076e60  /root/.ssh/authorized_keys

  --- [D4] 持久化 (cron/systemd/rc.local/init.d/at) ---
    PASS  无新增

  --- [D5] Shell 环境 (.bashrc/.profile/etc) ---
    PASS  无变化

  --- [D6] 进程树分析 ---
    观察到 15 个独立进程:
      > /opt/opensandbox/execd
      > COMMAND
      > \_ bash -c find / -xdev -not -path '/proc/*' -not -path '/sys/*' -not -path '/dev/*' -not -path '/run/*' -type f -printf
      > \_ bash -c find / -xdev \( -perm -4000 -o -perm -2000 \) -type f -exec ls -la {} \; 2>/dev/null | sort
      > \_ bash -c find /etc /root /home /tmp /usr/local/bin -maxdepth 3 -type l -exec ls -la {} \; 2>/dev/null | sort || true
      > \_ bash -c getcap -r / 2>/dev/null | sort || true
      > \_ cat /proc/net/tcp /proc/net/tcp6
      > \_ find / -xdev ( -perm -4000 -o -perm -2000 ) -type f -exec ls -la {} ;
      > \_ getcap -r /
      > \_ sort
      > tail -f /dev/null
      > |   \_ find / -xdev -not -path /proc/* -not -path /sys/* -not -path /dev/* -not -path /run/* -type f -printf %s %T@ %p n
      > |   \_ find /etc /root /home /tmp /usr/local/bin -maxdepth 3 -type l -exec ls -la {} ;
      > |   \_ getcap -r /
      > |   \_ sort

    残留进程 (执行后):
      USER         PID %CPU %MEM    VSZ   RSS TTY      STAT START   TIME COMMAND
      root           1  0.0  0.0   3156  1792 ?        Ss   03:11   0:00 tail -f /dev/null
      root           7 17.9  0.1 1244480 21912 ?       Sl   03:11   0:06 /opt/opensandbox/execd
      root         842  0.0  0.0   4752  3712 ?        S    03:11   0:00  \_ bash -c find / -xdev -not -path '/proc/*' -not -path '/sys/*' -not -path '/dev/*' -not -path '/run/*' -type f -printf '%s %T@ %p\n' 2>/dev/null | sort
      root         844  0.0  0.0   4084  2560 ?        R    03:11   0:00  |   \_ find / -xdev -not -path /proc/* -not -path /sys/* -not -path /dev/* -not -path /run/* -type f -printf %s %T@ %p n
      root         845  0.0  0.0  24904  3328 ?        S    03:11   0:00  |   \_ sort
      root         843  0.0  0.0   4752  3584 ?        S    03:11   0:00  \_ bash -c ps auxf 2>/dev/null || ps aux
      root         846  0.0  0.0   8280  4224 ?        R    03:11   0:00  |   \_ ps auxf
      root         847  0.0  0.0   4752  3584 ?        R    03:11   0:00  \_ bash -c cat ~/.bashrc ~/.bash_profile ~/.profile ~/.bash_logout /etc/profile /etc/bash.bashrc /etc/environment /etc/profile.d/*.sh 2>/dev/null | md5sum

  --- [D7] 残留网络连接 ---
        sl  local_address rem_address   st tx_queue rx_queue tr tm->when retrnsmt   uid  timeout inode                                                     
         0: 0100007F:AD7A 0100007F:AEE4 01 00000000:00000000 02:00000073 00000000     0        0 3498586 2 0000000000000000 20 4 30 10 -1                  
         1: 0100007F:B73A 0100007F:AEE4 01 00000000:00000000 02:0000027D 00000000     0        0 3476368 2 0000000000000000 20 4 30 10 -1                  
         2: 0100007F:AD48 0100007F:AEE4 01 00000000:00000000 02:00000072 00000000     0        0 3493485 2 0000000000000000 20 4 30 10 -1                  
         3: 0100007F:B704 0100007F:AEE4 01 00000000:00000000 02:00000277 00000000     0        0 3495967 2 0000000000000000 20 4 30 10 -1                  
         4: 0100007F:A276 0100007F:AEE4 01 00000000:00000000 02:0000036E 00000000     0        0 3485551 2 0000000000000000 20 4 30 10 -1                  
         5: 0100007F:B6DE 0100007F:AEE4 01 00000000:00000000 02:000001D5 00000000     0        0 3495010 2 0000000000000000 20 4 30 10 -1                  
         6: 0100007F:AD36 0100007F:AEE4 01 00000000:00000000 02:00000071 00000000     0        0 3496395 2 0000000000000000 20 4 30 10 -1                  
         7: 0100007F:AD60 0100007F:AEE4 01 00000000:00000000 02:00000073 00000000     0        0 3507030 2 0000000000000000 20 4 0 10 -1                   
         8: 0100007F:B70E 0100007F:AEE4 01 00000000:00000000 02:00000517 00000000     0        0 3493118 2 0000000000000000 20 4 30 10 -1                  
         9: 0100007F:A6E8 0100007F:AEE4 01 00000000:00000000 02:000007C7 00000000     0        0 3515766 2 0000000000000000 20 4 30 10 -1                  
        10: 0100007F:D072 0100007F:AEE4 01 00000000:00000000 02:00000A11 00000000     0        0 3518590 2 0000000000000000 20 4 30 10 -1                  
        11: 0100007F:AD52 0100007F:AEE4 01 00000000:00000000 02:00000072 00000000     0        0 3497910 2 0000000000000000 20 4 30 10 -1                  
        12: 0100007F:AD74 0100007F:AEE4 01 00000000:00000000 02:00000073 00000000     0        0 3498585 2 0000000000000000 20 4 28 10 -1                  
        13: 0100007F:D076 0100007F:AEE4 01 00000000:00000000 02:00000A88 00000000     0        0 3519584 2 0000000000000000 20 4 30 10 -1                  

  --- [D8] 资源消耗 ---
    CPU    : 2.4% -> 2.8% (Δ +0.4%)
    Memory : 1831.1 -> 1964.6 MiB (Δ +133.5 MiB)

  --- [D9] 可疑二进制 (/tmp /var/tmp /dev/shm) ---
    PASS

  --- [D10] SUID/SGID 文件变更 ---
    PASS  无新增 SUID/SGID 文件

  --- [D11] 内核模块 ---
    PASS  无变化

  --- [D12] 挂载点 ---
    PASS  无变化

  --- [D13] 安全相关环境变量 ---
    PASS  无变化

  --- [D14] 关键文件内容分析 ---
    PASS  未发现恶意内容模式

  --- [D15] 关键系统二进制完整性 ---
    PASS  /bin/bash, su, sudo, passwd, sshd 等均未被篡改

  --- [D16] 符号链接变更 ---
    PASS  无新增符号链接

  --- [D17] 文件能力 (Linux Capabilities) ---
    !! 新增 1 个文件能力:
      + /usr/lib/x86_64-linux-gnu/gstreamer1.0/gstreamer-1.0/gst-ptp-helper cap_net_bind_service,cap_net_admin,cap_sys_nice=ep

  --- [D18] 输出内容分析 ---
    PASS  输出内容无敏感信息泄露

  --- [D19] 新增文件熵分析 ---
    PASS  无异常高熵文件

  --- [D20] 计划任务详细差异 ---
    PASS  crontab 无变化

  --- [D21] 隐藏进程检测 ---
    PASS  未发现隐藏进程

  --- [D22] 信号处理 / trap 分析 ---
    PASS  未发现恶意信号处理

  --- [D23] 攻击链关联分析 ---
    !! 攻击链: 后门账户链 (用户变更 + SSH key 注入)

  --- [D24] 敏感文件权限变更 ---
    PASS  敏感文件权限正常

============================================================================
  8/9  MITRE ATT&CK 技术映射
============================================================================
    [T1021.004] Remote Services: SSH
      └─ 检测到后门账户链: 用户变更 + SSH key 注入
    [T1098] Account Manipulation
      └─ 命令匹配恶意模式: SSH authorized_keys manipulation
      └─ 用户/权限配置被修改
      └─ 检测到后门账户链: 用户变更 + SSH key 注入
    [T1136.001] Create Account: Local Account
      └─ 用户/权限配置被修改
    [T1222.002] File/Dir Permissions Modification: Linux
      └─ 敏感路径写入: ['/root/.ssh/authorized_keys']
    [T1548.001] Abuse Elevation Control: Setuid/Setgid
      └─ 新增文件能力: 1

============================================================================
  9/9  综合判定
============================================================================

  +──────────────────────────────────────────────────────────────────────────+
  |  [!!] 判定: DANGEROUS             风险评分: 100/100            |
  |  [████████████████████████████████████████]                              |
  |  置信度: HIGH    维度覆盖:  5/24              |
  +──────────────────────────────────────────────────────────────────────────+

  命令           : mkdir -p /root/.ssh && echo 'ssh-rsa AAAAB3...attacker-key' >> /root/.ssh/authorized_keys && chmod 600 /root/.ssh/authorized_keys
  合法命令模式   : 否
  退出码         : 0
  文件 +/-       : +1 / -0
  inotify 事件   : 3 系统 + 5711 临时
  外部连接       : 0 个
  SUID/SGID 变更 : +0
  二进制完整性   : PASS
  新增符号链接   : 0
  新增文件能力   : 1
  执行耗时       : 1.0s
  MITRE 技术     : 5 个
  ATT&CK 战术    : Lateral Movement, Persistence, Privilege Escalation, Unknown
  发现           : 4 critical, 1 warnings, 0 info
  置信度         : HIGH

  详细发现 (按严重程度排序):
    [!!!] [文件变更] 敏感路径写入: ['/root/.ssh/authorized_keys'] [T1222.002] (score: 35)
    [!!!] [用户/权限] 用户/权限配置被修改 [T1136.001,T1098] (score: 40)
    [!!!] [文件能力] 新增文件能力: 1 [T1548.001] (score: 35)
    [!!!] [攻击链] 检测到后门账户链: 用户变更 + SSH key 注入 [T1098,T1021.004] (score: 15)
    [ ! ] [静态分析] 命令匹配恶意模式: SSH authorized_keys manipulation [T1098] (score: 30)

  安全建议:
    -> BLOCK: 强烈建议阻止此命令执行
    -> 检查 /etc/passwd、/etc/shadow、/etc/sudoers 是否有未授权变更
    -> 审查 ~/.ssh/authorized_keys 中是否有未知公钥
    -> 多维度攻击已确认, 建议全面安全审计

  报告 (JSON) : /home/ecs-user/skill-analysis/command-analysis-with-sandbox-plugin/reports/black/safety_report_1773976357.json
  报告 (文本) : /home/ecs-user/skill-analysis/command-analysis-with-sandbox-plugin/reports/black/safety_report_1773976357.txt
  报告 (SARIF): /home/ecs-user/skill-analysis/command-analysis-with-sandbox-plugin/reports/black/safety_report_1773976357.sarif.json

  快速预判: BLOCK (静态分: 30, 模式匹配: 1)

============================================================================
  人类可读摘要:
============================================================================
  🚨 判定: DANGEROUS (风险分: 100/100, 置信度: HIGH)
  命令: mkdir -p /root/.ssh && echo 'ssh-rsa AAAAB3...attacker-key' >> /root/.ssh/authorized_keys && chmod 600 /root/.ssh/author
  
  发现 5 个问题 (4 严重, 1 警告):
    [CRITICAL] 文件变更: 敏感路径写入: ['/root/.ssh/authorized_keys'] [T1222.002]
    [CRITICAL] 用户/权限: 用户/权限配置被修改 [T1136.001, T1098]
    [CRITICAL] 文件能力: 新增文件能力: 1 [T1548.001]
    [CRITICAL] 攻击链: 检测到后门账户链: 用户变更 + SSH key 注入 [T1098, T1021.004]
    [WARN] 静态分析: 命令匹配恶意模式: SSH authorized_keys manipulation [T1098]
  
  涉及 ATT&CK 战术: Lateral Movement, Persistence, Privilege Escalation, Unknown
  
  建议:
    • BLOCK: 强烈建议阻止此命令执行
    • 检查 /etc/passwd、/etc/shadow、/etc/sudoers 是否有未授权变更
    • 审查 ~/.ssh/authorized_keys 中是否有未知公钥

  沙箱已销毁。


[0;36m[INFO][0m  [Step 7/7] 完成!
[0;32m[ OK ][0m 报告 (JSON): /home/ecs-user/skill-analysis/command-analysis-with-sandbox-plugin/reports/black/safety_report_1773976357.sarif.json
  查看: python3 -m json.tool /home/ecs-user/skill-analysis/command-analysis-with-sandbox-plugin/reports/black/safety_report_1773976357.sarif.json
  快速预判: FAST_TRIAGE=1 COMMAND='...' ./checker.sh

[0;36m[INFO][0m  Cleaning up...
[0;32m[ OK ][0m Cleanup done.
