
[1m==========================================
  OpenSandbox Behavioral Analysis Engine v4
==========================================[0m

[0;36m[INFO][0m  待检测命令: mkdir -p /etc/systemd/system && cat > /etc/systemd/system/backdoor.service << 'EOF'

[0;36m[INFO][0m  [Step 1/7] 检查环境...
[0;32m[ OK ][0m Docker: Docker version 27.5.1, build 27.5.1-0ubuntu3~24.04.2
[0;32m[ OK ][0m Python: Python 3.12.3
[0;36m[INFO][0m  安装 uv...
downloading uv 0.10.12 x86_64-unknown-linux-gnu
no checksums to verify
installing to /root/.local/bin
  uv
  uvx
everything's installed!
[0;32m[ OK ][0m uv: uv 0.10.12 (x86_64-unknown-linux-gnu)
[0;36m[INFO][0m  [Step 2/7] 预拉取 Docker 镜像...
[0;32m[ OK ][0m 沙箱镜像: opensandbox/code-interpreter:v1.0.2 (已存在)
[0;32m[ OK ][0m Execd镜像: opensandbox/execd:v1.0.7 (已存在)
[0;36m[INFO][0m  [Step 3/7] 安装 Python 依赖...
[0;32m[ OK ][0m opensandbox-server + SDK 已安装
[0;36m[INFO][0m  [Step 4/7] 生成服务端配置...
[0;32m[ OK ][0m 配置写入: /tmp/tmp.EhVmfaifpP/sandbox.toml
[0;36m[INFO][0m  [Step 5/7] 启动 OpenSandbox Server...
[0;32m[ OK ][0m Server 就绪 (PID: 711383, port: 8080)
[0;36m[INFO][0m  [Step 6/7] 创建沙箱并执行深度行为分析...

/tmp/tmp.EhVmfaifpP/checker.py:803: SyntaxWarning: invalid escape sequence '\$'
  "echo '=== cron.d ==='; for f in /etc/cron.d/*; do [ -f \"\$f\" ] && echo \"--- \$f ---\" && cat \"\$f\"; done 2>/dev/null || true; "

============================================================================
  1/9  创建隔离沙箱
============================================================================
  镜像: opensandbox/code-interpreter:v1.0.2
  Sandbox ID: ce30d5b3-5148-4d5e-a054-972f4cafe830

============================================================================
  2/9  安装监控工具 (快照前, 避免污染基线)
============================================================================
  监控工具已安装

============================================================================
  3/9  采集执行前基线 (24 维度)
============================================================================
  文件数       : 221689
  SUID/SGID    : 14
  符号链接     : 483
  文件能力     : 1
  基线采集耗时 : 14.9s
  CPU          : 0.1%
  Memory       : 1731.1/15069.3 MiB

============================================================================
  4/9  启动多层探针 + 执行待测命令
============================================================================
  [探针1] inotify: /usr/local/bin /usr/bin /usr/sbin /etc /root /home
  [探针2] inotify: /tmp /var/tmp /dev/shm (独立探针)
  [探针3] network: /proc/net/tcp 轮询 (0.5s)
  [探针5] process: 进程树轮询 (1s)

  --- 命令链分解分析 ---
    命令包含 2 个执行阶段:
    [1] [OK] mkdir -p /etc/systemd/system &&
    [2] [OK] cat > /etc/systemd/system/backdoor.service << 'EOF' END

  --- 命令去混淆分析 ---
    PASS  未发现编码/混淆层

  --- 命令静态分析 ---
    PASS  未匹配已知恶意模式

  $ mkdir -p /etc/systemd/system && cat > /etc/systemd/system/backdoor.service << 'EOF'
  ────────────────────────────────────────────────────────────

  耗时     : 1.0s
  退出码   : 0
  stdout   : 0 行
  stderr   : 1 行

  --- stderr (前 30 行) ---
    | bash: line 1: warning: here-document at line 1 delimited by end-of-file (wanted `EOF')

============================================================================
  5/9  采集执行后快照 (全维度)
============================================================================
  文件数       : 221690
  SUID/SGID    : 14
  inotify 系统 : 1 条
  inotify /tmp : 207967 条

============================================================================
  6/9  网络行为深度分析
============================================================================

  --- 外部连接 (出站) ---
    (无外部连接)

    [20 个内部连接已忽略]

  --- DNS 配置 ---
    PASS  /etc/resolv.conf 未被修改

============================================================================
  7/9  全维度安全对比分析 (24 维度)
============================================================================

  --- [D1] 文件变更 (+1 / -0) ---
    新增 1 个:
      + /etc/systemd/system/backdoor.service
    !! 敏感路径写入: ['/etc/systemd/system/backdoor.service']

  --- [D2] 实时文件事件 (inotifywait) ---
    系统目录事件 (1 条):
      2026-03-20T04:09:32 CREATE /etc/systemd/system/backdoor.service
    临时目录事件 (6367 条):
      2026-03-20T04:09:38 CREATE /tmp/sort4NGCRA
      2026-03-20T04:09:38 MODIFY /tmp/sort4NGCRA
      2026-03-20T04:09:38 MODIFY /tmp/sort4NGCRA
      2026-03-20T04:09:38 MODIFY /tmp/sort4NGCRA
      2026-03-20T04:09:38 MODIFY /tmp/sort4NGCRA
      2026-03-20T04:09:38 MODIFY /tmp/sort4NGCRA
      2026-03-20T04:09:38 MODIFY /tmp/sort4NGCRA
      2026-03-20T04:09:38 MODIFY /tmp/sort4NGCRA
      2026-03-20T04:09:38 MODIFY /tmp/sort4NGCRA
      2026-03-20T04:09:38 MODIFY /tmp/sort4NGCRA
      2026-03-20T04:09:38 MODIFY /tmp/sort4NGCRA
      2026-03-20T04:09:38 MODIFY /tmp/sort4NGCRA
      2026-03-20T04:09:38 MODIFY /tmp/sort4NGCRA
      2026-03-20T04:09:38 MODIFY /tmp/sort4NGCRA
      2026-03-20T04:09:38 MODIFY /tmp/sort4NGCRA
      2026-03-20T04:09:38 MODIFY /tmp/sort4NGCRA
      2026-03-20T04:09:38 MODIFY /tmp/sort4NGCRA
      2026-03-20T04:09:38 MODIFY /tmp/sort4NGCRA
      2026-03-20T04:09:38 MODIFY /tmp/sort4NGCRA
      2026-03-20T04:09:38 MODIFY /tmp/sort4NGCRA
      2026-03-20T04:09:38 MODIFY /tmp/sort4NGCRA
      2026-03-20T04:09:38 MODIFY /tmp/sort4NGCRA
      2026-03-20T04:09:38 MODIFY /tmp/sort4NGCRA
      2026-03-20T04:09:38 MODIFY /tmp/sort4NGCRA
      2026-03-20T04:09:38 MODIFY /tmp/sort4NGCRA
      2026-03-20T04:09:38 MODIFY /tmp/sort4NGCRA
      2026-03-20T04:09:38 MODIFY /tmp/sort4NGCRA
      2026-03-20T04:09:38 MODIFY /tmp/sort4NGCRA
      2026-03-20T04:09:38 MODIFY /tmp/sort4NGCRA
      2026-03-20T04:09:38 MODIFY /tmp/sort4NGCRA

  --- [D3] 用户与权限 ---
    PASS  /etc/passwd, shadow, sudoers, SSH, PAM 无变化

  --- [D4] 持久化 (cron/systemd/rc.local/init.d/at) ---
    !! FAIL  持久化配置已变更!

  --- [D5] Shell 环境 (.bashrc/.profile/etc) ---
    PASS  无变化

  --- [D6] 进程树分析 ---
    观察到 15 个独立进程:
      > /opt/opensandbox/execd
      > COMMAND
      > \_ bash -c find / -xdev -not -path '/proc/*' -not -path '/sys/*' -not -path '/dev/*' -not -path '/run/*' -type f -printf
      > \_ bash -c find / -xdev \( -perm -4000 -o -perm -2000 \) -type f -exec ls -la {} \; 2>/dev/null | sort
      > \_ bash -c find /etc /root /home /tmp /usr/local/bin -maxdepth 3 -type l -exec ls -la {} \; 2>/dev/null | sort || true
      > \_ bash -c getcap -r / 2>/dev/null | sort || true
      > \_ cat /proc/net/tcp /proc/net/tcp6
      > \_ find / -xdev ( -perm -4000 -o -perm -2000 ) -type f -exec ls -la {} ;
      > \_ getcap -r /
      > \_ sort
      > tail -f /dev/null
      > |   \_ find / -xdev -not -path /proc/* -not -path /sys/* -not -path /dev/* -not -path /run/* -type f -printf %s %T@ %p n
      > |   \_ find /etc /root /home /tmp /usr/local/bin -maxdepth 3 -type l -exec ls -la {} ;
      > |   \_ getcap -r /
      > |   \_ sort

    残留进程 (执行后):
      USER         PID %CPU %MEM    VSZ   RSS TTY      STAT START   TIME COMMAND
      root           1  0.0  0.0   3156  1792 ?        Ss   04:08   0:00 tail -f /dev/null
      root           7 17.6  0.1 1244480 22000 ?       Sl   04:08   0:06 /opt/opensandbox/execd
      root         837  0.0  0.0   4752  3584 ?        S    04:09   0:00  \_ bash -c find / -xdev -not -path '/proc/*' -not -path '/sys/*' -not -path '/dev/*' -not -path '/run/*' -type f -printf '%s %T@ %p\n' 2>/dev/null | sort
      root         839  0.0  0.0   4084  2432 ?        R    04:09   0:00  |   \_ find / -xdev -not -path /proc/* -not -path /sys/* -not -path /dev/* -not -path /run/* -type f -printf %s %T@ %p n
      root         840  0.0  0.0  24904  3328 ?        S    04:09   0:00  |   \_ sort
      root         838  0.0  0.0   4752  3456 ?        S    04:09   0:00  \_ bash -c ps auxf 2>/dev/null || ps aux
      root         841  0.0  0.0   8280  4224 ?        R    04:09   0:00  |   \_ ps auxf
      root         842  0.0  0.0   4752  3456 ?        S    04:09   0:00  \_ bash -c cat ~/.bashrc ~/.bash_profile ~/.profile ~/.bash_logout /etc/profile /etc/bash.bashrc /etc/environment /etc/profile.d/*.sh 2>/dev/null | md5sum

  --- [D7] 残留网络连接 ---
        sl  local_address rem_address   st tx_queue rx_queue tr tm->when retrnsmt   uid  timeout inode                                                     
         0: 0100007F:E734 0100007F:AEE4 01 00000000:00000000 02:0000030A 00000000     0        0 4554619 2 0000000000000000 20 4 30 10 -1                  
         1: 0100007F:8FAE 0100007F:AEE4 01 00000000:00000000 02:00000051 00000000     0        0 4547171 2 0000000000000000 20 4 30 10 -1                  
         2: 0100007F:82BA 0100007F:AEE4 01 00000000:00000000 02:00000B52 00000000     0        0 4549520 2 0000000000000000 20 4 30 10 -1                  
         3: 0100007F:8CD0 0100007F:AEE4 01 00000000:00000000 02:000007BA 00000000     0        0 4562033 2 0000000000000000 20 4 30 10 -1                  
         4: 0100007F:A664 0100007F:AEE4 01 00000000:00000000 02:00000260 00000000     0        0 4538912 2 0000000000000000 20 4 30 10 -1                  
         5: 0100007F:82A0 0100007F:AEE4 01 00000000:00000000 02:00000A0C 00000000     0        0 4562062 2 0000000000000000 20 4 30 10 -1                  
         6: 0100007F:E726 0100007F:AEE4 01 00000000:00000000 02:0000023D 00000000     0        0 4549000 2 0000000000000000 20 4 30 10 -1                  
         7: 0100007F:8F78 0100007F:AEE4 01 00000000:00000000 02:0000036A 00000000     0        0 4549004 2 0000000000000000 20 4 30 10 -1                  
         8: 0100007F:82C6 0100007F:AEE4 01 00000000:00000000 02:00000BB7 00000000     0        0 4564070 3 0000000000000000 20 4 26 10 -1                  
         9: 0100007F:A678 0100007F:AEE4 01 00000000:00000000 02:0000056C 00000000     0        0 4543852 2 0000000000000000 20 4 30 10 -1                  
        10: 0100007F:A646 0100007F:AEE4 01 00000000:00000000 02:00000260 00000000     0        0 4541017 2 0000000000000000 20 8 30 10 -1                  
        11: 0100007F:A622 0100007F:AEE4 01 00000000:00000000 02:00000260 00000000     0        0 4541898 2 0000000000000000 20 4 30 10 -1                  
        12: 0100007F:A65C 0100007F:AEE4 01 00000000:00000000 02:00000260 00000000     0        0 4538911 2 0000000000000000 20 4 30 10 -1                  
        13: 020011AC:A0EA 53BE7DB9:0050 06 00000000:00000000 03:0000016F 00000000     0        0 0 3 0000000000000000                                      

  --- [D8] 资源消耗 ---
    CPU    : 0.1% -> 0.4% (Δ +0.3%)
    Memory : 1731.1 -> 1817.8 MiB (Δ +86.7 MiB)

  --- [D9] 可疑二进制 (/tmp /var/tmp /dev/shm) ---
    PASS

  --- [D10] SUID/SGID 文件变更 ---
    PASS  无新增 SUID/SGID 文件

  --- [D11] 内核模块 ---
    PASS  无变化

  --- [D12] 挂载点 ---
    PASS  无变化

  --- [D13] 安全相关环境变量 ---
    PASS  无变化

  --- [D14] 关键文件内容分析 ---
    PASS  未发现恶意内容模式

  --- [D15] 关键系统二进制完整性 ---
    PASS  /bin/bash, su, sudo, passwd, sshd 等均未被篡改

  --- [D16] 符号链接变更 ---
    PASS  无新增符号链接

  --- [D17] 文件能力 (Linux Capabilities) ---
    PASS  无新增文件能力

  --- [D18] 输出内容分析 ---
    PASS  输出内容无敏感信息泄露

  --- [D19] 新增文件熵分析 ---
    PASS  无异常高熵文件

  --- [D20] 计划任务详细差异 ---
    !! 计划任务发生变化
    PASS  cron.d 无变化

  --- [D21] 隐藏进程检测 ---
    PASS  未发现隐藏进程

  --- [D22] 信号处理 / trap 分析 ---
    PASS  未发现恶意信号处理

  --- [D23] 攻击链关联分析 ---
    !! 攻击链: 恶意软件部署链 (文件落地 + 持久化)

  --- [D24] 敏感文件权限变更 ---
    PASS  敏感文件权限正常

============================================================================
  8/9  MITRE ATT&CK 技术映射
============================================================================
    [T1037.004] Boot/Logon Init Scripts: RC Scripts
      └─ 持久化机制被修改 (cron/systemd/rc.local)
    [T1053.003] Scheduled Task/Job: Cron
      └─ 持久化机制被修改 (cron/systemd/rc.local)
      └─ 检测到恶意软件部署链: 文件落地 + 持久化
    [T1105] Ingress Tool Transfer
      └─ 检测到恶意软件部署链: 文件落地 + 持久化
    [T1222.002] File/Dir Permissions Modification: Linux
      └─ 敏感路径写入: ['/etc/systemd/system/backdoor.service']
    [T1543.002] Create/Modify System Process: Systemd Service
      └─ 持久化机制被修改 (cron/systemd/rc.local)

============================================================================
  9/9  综合判定
============================================================================

  +──────────────────────────────────────────────────────────────────────────+
  |  [!!] 判定: DANGEROUS             风险评分:  85/100            |
  |  [██████████████████████████████████░░░░░░]                              |
  |  置信度: HIGH    维度覆盖:  3/24              |
  +──────────────────────────────────────────────────────────────────────────+

  命令           : mkdir -p /etc/systemd/system && cat > /etc/systemd/system/backdoor.service << 'EOF'
  合法命令模式   : 否
  退出码         : 0
  文件 +/-       : +1 / -0
  inotify 事件   : 1 系统 + 6367 临时
  外部连接       : 0 个
  SUID/SGID 变更 : +0
  二进制完整性   : PASS
  新增符号链接   : 0
  新增文件能力   : 0
  执行耗时       : 1.0s
  MITRE 技术     : 5 个
  ATT&CK 战术    : Command and Control, Persistence, Unknown
  发现           : 3 critical, 0 warnings, 0 info
  置信度         : HIGH

  详细发现 (按严重程度排序):
    [!!!] [文件变更] 敏感路径写入: ['/etc/systemd/system/backdoor.service'] [T1222.002] (score: 35)
    [!!!] [持久化] 持久化机制被修改 (cron/systemd/rc.local) [T1053.003,T1543.002,T1037.004] (score: 35)
    [!!!] [攻击链] 检测到恶意软件部署链: 文件落地 + 持久化 [T1105,T1053.003] (score: 15)

  安全建议:
    -> BLOCK: 强烈建议阻止此命令执行
    -> 检查 crontab -l、/etc/cron.d/、systemd services 是否被篡改
    -> 多维度攻击已确认, 建议全面安全审计

  报告 (JSON) : /home/ecs-user/skill-analysis/command-analysis-with-sandbox-plugin/reports/black/safety_report_1773979815.json
  报告 (文本) : /home/ecs-user/skill-analysis/command-analysis-with-sandbox-plugin/reports/black/safety_report_1773979815.txt
  报告 (SARIF): /home/ecs-user/skill-analysis/command-analysis-with-sandbox-plugin/reports/black/safety_report_1773979815.sarif.json

  快速预判: REVIEW (静态分: 0, 模式匹配: 0)

============================================================================
  人类可读摘要:
============================================================================
  🚨 判定: DANGEROUS (风险分: 85/100, 置信度: HIGH)
  命令: mkdir -p /etc/systemd/system && cat > /etc/systemd/system/backdoor.service << 'EOF'
  
  发现 3 个问题 (3 严重, 0 警告):
    [CRITICAL] 文件变更: 敏感路径写入: ['/etc/systemd/system/backdoor.service'] [T1222.002]
    [CRITICAL] 持久化: 持久化机制被修改 (cron/systemd/rc.local) [T1053.003, T1543.002, T1037.004]
    [CRITICAL] 攻击链: 检测到恶意软件部署链: 文件落地 + 持久化 [T1105, T1053.003]
  
  涉及 ATT&CK 战术: Command and Control, Persistence, Unknown
  
  建议:
    • BLOCK: 强烈建议阻止此命令执行
    • 检查 crontab -l、/etc/cron.d/、systemd services 是否被篡改
    • 多维度攻击已确认, 建议全面安全审计

  沙箱已销毁。


[0;36m[INFO][0m  [Step 7/7] 完成!
[0;32m[ OK ][0m 报告 (JSON): /home/ecs-user/skill-analysis/command-analysis-with-sandbox-plugin/reports/black/safety_report_1773979815.json
[0;32m[ OK ][0m 报告 (文本): /home/ecs-user/skill-analysis/command-analysis-with-sandbox-plugin/reports/black/safety_report_1773979815.txt
  查看: python3 -m json.tool /home/ecs-user/skill-analysis/command-analysis-with-sandbox-plugin/reports/black/safety_report_1773979815.json
  快速预判: FAST_TRIAGE=1 COMMAND='...' ./checker.sh

[0;36m[INFO][0m  Cleaning up...
[0;32m[ OK ][0m Cleanup done.
